2025-11-24 08:26:34,638 [MainThread  ] [INFO ]  {
    "boundary_threshold": 0.0,
    "cache_path": null,
    "char_lstm_drop": 0.2,
    "char_lstm_layers": 1,
    "char_size": 50,
    "cls_threshold": 0.0,
    "config": "configs/temp_eval.conf",
    "cpu": false,
    "dataset_path": "data/datasets/combined/42/test.json",
    "debug": false,
    "device_id": 0,
    "entity_aware_attention": false,
    "entity_aware_intermediate": false,
    "entity_aware_output": false,
    "entity_aware_selfout": false,
    "entity_emb_size": null,
    "entity_queries_num": 60,
    "eval_batch_size": 8,
    "example_count": null,
    "freeze_transformer": false,
    "inlcude_subword_aux_loss": false,
    "label": "combined-42",
    "last_layer_for_loss": 3,
    "local_rank": -1,
    "log_path": "data/eval/combined/42",
    "lowercase": false,
    "lstm_layers": 2,
    "mask_ent2ent": true,
    "mask_ent2tok": true,
    "mask_entself": true,
    "mask_tok2ent": false,
    "model_path": "data/checkpoints/combined/42/combined-42/2025-11-20_09:09:59.430718/best_model",
    "model_type": "piqn",
    "no_duplicate": true,
    "no_overlapping": true,
    "no_partial_overlapping": true,
    "num_token_entity_encoderlayer": 5,
    "pool_type": "max",
    "pos_size": 25,
    "prop_drop": 0.5,
    "repeat_gt_entities": -1,
    "sampling_processes": 4,
    "seed": 42,
    "share_query_pos": true,
    "split_epoch": 0,
    "store_examples": true,
    "store_predictions": true,
    "tokenizer_path": "data/checkpoints/combined/42/combined-42/2025-11-20_09:09:59.430718/best_model",
    "types_path": "data/datasets/combined/42/types.json",
    "use_aux_loss": false,
    "use_char_lstm": false,
    "use_entity_attention": true,
    "use_entity_common_embedding": true,
    "use_entity_pos": true,
    "use_glove": false,
    "use_lstm": true,
    "use_masked_lm": false,
    "use_pos": false,
    "use_token_level_encoder": true,
    "word_mask_ent2ent": true,
    "word_mask_ent2tok": true,
    "word_mask_entself": true,
    "word_mask_tok2ent": false,
    "wordvec_path": "../glove/glove.6B.100d.txt",
    "world_size": -1
}
2025-11-24 08:26:34,638 [MainThread  ] [INFO ]  Dataset: data/datasets/combined/42/test.json
2025-11-24 08:26:34,638 [MainThread  ] [INFO ]  Model: piqn
2025-11-24 08:26:34,985 [MainThread  ] [INFO ]  Entity type count: 8
2025-11-24 08:26:34,985 [MainThread  ] [INFO ]  Entities:
2025-11-24 08:26:34,985 [MainThread  ] [INFO ]  No Entity=0
2025-11-24 08:26:34,985 [MainThread  ] [INFO ]  actor=1
2025-11-24 08:26:34,985 [MainThread  ] [INFO ]  activity=2
2025-11-24 08:26:34,986 [MainThread  ] [INFO ]  activity data=3
2025-11-24 08:26:34,986 [MainThread  ] [INFO ]  further specification=4
2025-11-24 08:26:34,986 [MainThread  ] [INFO ]  xor gateway=5
2025-11-24 08:26:34,986 [MainThread  ] [INFO ]  condition specification=6
2025-11-24 08:26:34,986 [MainThread  ] [INFO ]  and gateway=7
2025-11-24 08:26:34,986 [MainThread  ] [INFO ]  Dataset: test
2025-11-24 08:26:34,986 [MainThread  ] [INFO ]  Document count: 88
2025-11-24 08:26:34,986 [MainThread  ] [INFO ]  Entity count: 314
2025-11-24 08:26:34,986 [MainThread  ] [INFO ]  Context size: 114
2025-11-24 08:26:39,369 [MainThread  ] [INFO ]  Model Parameters Number: 167500042
2025-11-24 08:26:42,584 [MainThread  ] [INFO ]  Evaluate: test
2025-11-24 08:26:56,589 [MainThread  ] [INFO ]  Evaluation
2025-11-24 08:26:56,590 [MainThread  ] [INFO ]  
2025-11-24 08:26:56,590 [MainThread  ] [INFO ]  --- NER ---
2025-11-24 08:26:56,590 [MainThread  ] [INFO ]  
2025-11-24 08:26:56,595 [MainThread  ] [INFO ]                  type    precision       recall     f1-score      support
2025-11-24 08:26:56,595 [MainThread  ] [INFO ]                 actor        77.78        63.64        70.00           77
2025-11-24 08:26:56,595 [MainThread  ] [INFO ]  condition specification        40.00        50.00        44.44           20
2025-11-24 08:26:56,595 [MainThread  ] [INFO ]           xor gateway        78.95        55.56        65.22           27
2025-11-24 08:26:56,595 [MainThread  ] [INFO ]         activity data        50.44        69.51        58.46           82
2025-11-24 08:26:56,595 [MainThread  ] [INFO ]              activity        72.82        79.79        76.14           94
2025-11-24 08:26:56,595 [MainThread  ] [INFO ]  further specification        40.00        30.77        34.78           13
2025-11-24 08:26:56,595 [MainThread  ] [INFO ]           and gateway       100.00       100.00       100.00            1
2025-11-24 08:26:56,595 [MainThread  ] [INFO ]  
2025-11-24 08:26:56,595 [MainThread  ] [INFO ]                 micro        63.17        67.20        65.12          314
2025-11-24 08:26:56,595 [MainThread  ] [INFO ]                 macro        65.71        64.18        64.15          314
2025-11-24 08:26:56,596 [MainThread  ] [INFO ]  
2025-11-24 08:26:56,596 [MainThread  ] [INFO ]  --- NER on Localization ---
2025-11-24 08:26:56,596 [MainThread  ] [INFO ]  
2025-11-24 08:26:56,599 [MainThread  ] [INFO ]                  type    precision       recall     f1-score      support
2025-11-24 08:26:56,599 [MainThread  ] [INFO ]                Entity        65.57        69.75        67.59          314
2025-11-24 08:26:56,599 [MainThread  ] [INFO ]  
2025-11-24 08:26:56,599 [MainThread  ] [INFO ]                 micro        65.57        69.75        67.59          314
2025-11-24 08:26:56,599 [MainThread  ] [INFO ]                 macro        65.57        69.75        67.59          314
2025-11-24 08:26:56,599 [MainThread  ] [INFO ]  
2025-11-24 08:26:56,599 [MainThread  ] [INFO ]  --- NER on Classification ---
2025-11-24 08:26:56,599 [MainThread  ] [INFO ]  
2025-11-24 08:26:56,603 [MainThread  ] [INFO ]                  type    precision       recall     f1-score      support
2025-11-24 08:26:56,603 [MainThread  ] [INFO ]                 actor       100.00        63.64        77.78           77
2025-11-24 08:26:56,603 [MainThread  ] [INFO ]  condition specification        90.91        50.00        64.52           20
2025-11-24 08:26:56,603 [MainThread  ] [INFO ]           xor gateway       100.00        55.56        71.43           27
2025-11-24 08:26:56,603 [MainThread  ] [INFO ]         activity data        89.06        69.51        78.08           82
2025-11-24 08:26:56,603 [MainThread  ] [INFO ]              activity       100.00        79.79        88.76           94
2025-11-24 08:26:56,603 [MainThread  ] [INFO ]  further specification       100.00        30.77        47.06           13
2025-11-24 08:26:56,603 [MainThread  ] [INFO ]           and gateway       100.00       100.00       100.00            1
2025-11-24 08:26:56,603 [MainThread  ] [INFO ]  
2025-11-24 08:26:56,603 [MainThread  ] [INFO ]                 micro        96.35        67.20        79.17          314
2025-11-24 08:26:56,603 [MainThread  ] [INFO ]                 macro        97.14        64.18        75.37          314
2025-11-24 08:26:57,193 [MainThread  ] [INFO ]  Logged in: data/eval/combined/42/combined-42/2025-11-24_08:26:34.599548
