2025-11-24 08:30:18,522 [MainThread  ] [INFO ]  {
    "boundary_threshold": 0.0,
    "cache_path": null,
    "char_lstm_drop": 0.2,
    "char_lstm_layers": 1,
    "char_size": 50,
    "cls_threshold": 0.0,
    "config": "configs/temp_eval.conf",
    "cpu": false,
    "dataset_path": "data/datasets/full/45/test.json",
    "debug": false,
    "device_id": 0,
    "entity_aware_attention": false,
    "entity_aware_intermediate": false,
    "entity_aware_output": false,
    "entity_aware_selfout": false,
    "entity_emb_size": null,
    "entity_queries_num": 60,
    "eval_batch_size": 8,
    "example_count": null,
    "freeze_transformer": false,
    "inlcude_subword_aux_loss": false,
    "label": "full-45",
    "last_layer_for_loss": 3,
    "local_rank": -1,
    "log_path": "data/eval/full/45",
    "lowercase": false,
    "lstm_layers": 2,
    "mask_ent2ent": true,
    "mask_ent2tok": true,
    "mask_entself": true,
    "mask_tok2ent": false,
    "model_path": "data/checkpoints/full/45/full-45/2025-11-23_16:37:04.516642/best_model",
    "model_type": "piqn",
    "no_duplicate": true,
    "no_overlapping": true,
    "no_partial_overlapping": true,
    "num_token_entity_encoderlayer": 5,
    "pool_type": "max",
    "pos_size": 25,
    "prop_drop": 0.5,
    "repeat_gt_entities": -1,
    "sampling_processes": 4,
    "seed": 45,
    "share_query_pos": true,
    "split_epoch": 0,
    "store_examples": true,
    "store_predictions": true,
    "tokenizer_path": "data/checkpoints/full/45/full-45/2025-11-23_16:37:04.516642/best_model",
    "types_path": "data/datasets/full/45/types.json",
    "use_aux_loss": false,
    "use_char_lstm": false,
    "use_entity_attention": true,
    "use_entity_common_embedding": true,
    "use_entity_pos": true,
    "use_glove": false,
    "use_lstm": true,
    "use_masked_lm": false,
    "use_pos": false,
    "use_token_level_encoder": true,
    "word_mask_ent2ent": true,
    "word_mask_ent2tok": true,
    "word_mask_entself": true,
    "word_mask_tok2ent": false,
    "wordvec_path": "../glove/glove.6B.100d.txt",
    "world_size": -1
}
2025-11-24 08:30:18,522 [MainThread  ] [INFO ]  Dataset: data/datasets/full/45/test.json
2025-11-24 08:30:18,522 [MainThread  ] [INFO ]  Model: piqn
2025-11-24 08:30:18,883 [MainThread  ] [INFO ]  Entity type count: 8
2025-11-24 08:30:18,884 [MainThread  ] [INFO ]  Entities:
2025-11-24 08:30:18,884 [MainThread  ] [INFO ]  No Entity=0
2025-11-24 08:30:18,884 [MainThread  ] [INFO ]  actor=1
2025-11-24 08:30:18,884 [MainThread  ] [INFO ]  activity=2
2025-11-24 08:30:18,884 [MainThread  ] [INFO ]  activity data=3
2025-11-24 08:30:18,884 [MainThread  ] [INFO ]  xor gateway=4
2025-11-24 08:30:18,884 [MainThread  ] [INFO ]  condition specification=5
2025-11-24 08:30:18,884 [MainThread  ] [INFO ]  further specification=6
2025-11-24 08:30:18,884 [MainThread  ] [INFO ]  and gateway=7
2025-11-24 08:30:18,884 [MainThread  ] [INFO ]  Dataset: test
2025-11-24 08:30:18,884 [MainThread  ] [INFO ]  Document count: 92
2025-11-24 08:30:18,884 [MainThread  ] [INFO ]  Entity count: 348
2025-11-24 08:30:18,884 [MainThread  ] [INFO ]  Context size: 111
2025-11-24 08:30:22,512 [MainThread  ] [INFO ]  Model Parameters Number: 167500042
2025-11-24 08:30:25,693 [MainThread  ] [INFO ]  Evaluate: test
2025-11-24 08:30:39,641 [MainThread  ] [INFO ]  Evaluation
2025-11-24 08:30:39,642 [MainThread  ] [INFO ]  
2025-11-24 08:30:39,642 [MainThread  ] [INFO ]  --- NER ---
2025-11-24 08:30:39,642 [MainThread  ] [INFO ]  
2025-11-24 08:30:39,647 [MainThread  ] [INFO ]                  type    precision       recall     f1-score      support
2025-11-24 08:30:39,647 [MainThread  ] [INFO ]           and gateway        50.00        33.33        40.00            3
2025-11-24 08:30:39,647 [MainThread  ] [INFO ]  further specification         7.14        10.00         8.33           10
2025-11-24 08:30:39,647 [MainThread  ] [INFO ]                 actor        78.95        72.29        75.47           83
2025-11-24 08:30:39,647 [MainThread  ] [INFO ]              activity        78.95        81.82        80.36          110
2025-11-24 08:30:39,647 [MainThread  ] [INFO ]         activity data        61.34        71.57        66.06          102
2025-11-24 08:30:39,647 [MainThread  ] [INFO ]           xor gateway        57.69        68.18        62.50           22
2025-11-24 08:30:39,647 [MainThread  ] [INFO ]  condition specification        60.87        77.78        68.29           18
2025-11-24 08:30:39,647 [MainThread  ] [INFO ]  
2025-11-24 08:30:39,647 [MainThread  ] [INFO ]                 micro        67.91        72.99        70.36          348
2025-11-24 08:30:39,647 [MainThread  ] [INFO ]                 macro        56.42        59.28        57.29          348
2025-11-24 08:30:39,647 [MainThread  ] [INFO ]  
2025-11-24 08:30:39,647 [MainThread  ] [INFO ]  --- NER on Localization ---
2025-11-24 08:30:39,647 [MainThread  ] [INFO ]  
2025-11-24 08:30:39,652 [MainThread  ] [INFO ]                  type    precision       recall     f1-score      support
2025-11-24 08:30:39,653 [MainThread  ] [INFO ]                Entity        67.91        72.99        70.36          348
2025-11-24 08:30:39,653 [MainThread  ] [INFO ]  
2025-11-24 08:30:39,653 [MainThread  ] [INFO ]                 micro        67.91        72.99        70.36          348
2025-11-24 08:30:39,653 [MainThread  ] [INFO ]                 macro        67.91        72.99        70.36          348
2025-11-24 08:30:39,653 [MainThread  ] [INFO ]  
2025-11-24 08:30:39,653 [MainThread  ] [INFO ]  --- NER on Classification ---
2025-11-24 08:30:39,653 [MainThread  ] [INFO ]  
2025-11-24 08:30:39,656 [MainThread  ] [INFO ]                  type    precision       recall     f1-score      support
2025-11-24 08:30:39,656 [MainThread  ] [INFO ]           and gateway       100.00        33.33        50.00            3
2025-11-24 08:30:39,656 [MainThread  ] [INFO ]  further specification       100.00        10.00        18.18           10
2025-11-24 08:30:39,656 [MainThread  ] [INFO ]                 actor       100.00        72.29        83.92           83
2025-11-24 08:30:39,656 [MainThread  ] [INFO ]              activity       100.00        81.82        90.00          110
2025-11-24 08:30:39,656 [MainThread  ] [INFO ]         activity data       100.00        71.57        83.43          102
2025-11-24 08:30:39,656 [MainThread  ] [INFO ]           xor gateway       100.00        68.18        81.08           22
2025-11-24 08:30:39,656 [MainThread  ] [INFO ]  condition specification       100.00        77.78        87.50           18
2025-11-24 08:30:39,656 [MainThread  ] [INFO ]  
2025-11-24 08:30:39,656 [MainThread  ] [INFO ]                 micro       100.00        72.99        84.39          348
2025-11-24 08:30:39,656 [MainThread  ] [INFO ]                 macro       100.00        59.28        70.59          348
2025-11-24 08:30:40,262 [MainThread  ] [INFO ]  Logged in: data/eval/full/45/full-45/2025-11-24_08:30:18.483916
