2025-11-27 07:25:40,309 Reading data from data/datasets/pet/43
2025-11-27 07:25:40,309 Train: data/datasets/pet/43/train.txt
2025-11-27 07:25:40,309 Dev: data/datasets/pet/43/dev.txt
2025-11-27 07:25:40,309 Test: data/datasets/pet/43/test.txt
2025-11-27 07:25:40,413 {b'<unk>': 0, b'O': 1, b'B-activity_data': 2, b'I-activity_data': 3, b'E-activity_data': 4, b'S-activity': 5, b'B-activity': 6, b'I-activity': 7, b'E-activity': 8, b'B-actor': 9, b'I-actor': 10, b'E-actor': 11, b'S-xor_gateway': 12, b'B-condition_specification': 13, b'I-condition_specification': 14, b'E-condition_specification': 15, b'S-activity_data': 16, b'S-condition_specification': 17, b'B-further_specification': 18, b'I-further_specification': 19, b'E-further_specification': 20, b'B-and_gateway': 21, b'I-and_gateway': 22, b'E-and_gateway': 23, b'S-and_gateway': 24, b'S-actor': 25, b'B-xor_gateway': 26, b'I-xor_gateway': 27, b'E-xor_gateway': 28, b'S-further_specification': 29, b'<START>': 30, b'<STOP>': 31}
2025-11-27 07:25:40,413 Corpus: 311 train + 78 dev + 73 test sentences
2025-11-27 07:26:31,574 Model Size: 1841604781
Corpus: 311 train + 78 dev + 73 test sentences
2025-11-27 07:26:31,575 ----------------------------------------------------------------------------------------------------
2025-11-27 07:26:34,596 loading file data/resources/taggers/image/43/best-model.pt
2025-11-27 07:26:59,373 Testing using best model ...
2025-11-27 07:26:59,376 Setting embedding mask to the best action: tensor([1., 1., 1., 1., 1., 1., 1., 1., 1., 1., 1., 1., 1.], device='cuda:0')
['/home/ai4-admin/.flair/embeddings/lm-jw300-backward-v0.1.pt', '/home/ai4-admin/.flair/embeddings/lm-jw300-forward-v0.1.pt', '/home/ai4-admin/.flair/embeddings/news-backward-0.4.1.pt', '/home/ai4-admin/.flair/embeddings/news-forward-0.4.1.pt', 'Char', 'Word: en', 'Word: glove', 'bert-base-cased', 'bert-base-multilingual-cased', 'bert-large-cased', 'elmo-original', 'xlm-roberta-large-finetuned-conll03-english', 'xlnet-large-cased']
2025-11-27 07:27:00,059 /home/ai4-admin/.flair/embeddings/lm-jw300-backward-v0.1.pt 43087046
2025-11-27 07:27:00,438 /home/ai4-admin/.flair/embeddings/lm-jw300-forward-v0.1.pt 43087046
2025-11-27 07:27:00,800 /home/ai4-admin/.flair/embeddings/news-backward-0.4.1.pt 18257500
2025-11-27 07:27:00,992 /home/ai4-admin/.flair/embeddings/news-forward-0.4.1.pt 18257500
2025-11-27 07:27:01,182 bert-base-cased 108310272
2025-11-27 07:27:01,182 mean
2025-11-27 07:27:01,903 bert-base-multilingual-cased 177853440
2025-11-27 07:27:01,903 mean
2025-11-27 07:27:03,087 bert-large-cased 333579264
2025-11-27 07:27:03,087 mean
2025-11-27 07:27:04,226 elmo-original 0
2025-11-27 07:27:04,790 xlm-roberta-large-finetuned-conll03-english 559890432
2025-11-27 07:27:04,790 mean
2025-11-27 07:27:07,393 xlnet-large-cased 360268800
2025-11-27 07:27:07,393 first
2025-11-27 07:27:08,542 Finished Embeddings Assignments
prediction_mode: True, embedding_selector: True, use_rl: True, use_gumbel: False
prediction_mode: True, embedding_selector: True, use_rl: True, use_gumbel: False
prediction_mode: True, embedding_selector: True, use_rl: True, use_gumbel: False
2025-11-27 07:27:08,782 3/3
2025-11-27 07:27:08,785 0.6712	0.705	0.6877
2025-11-27 07:27:08,785 
MICRO_AVG: acc 0.5241 - f1-score 0.6877
MACRO_AVG: acc 0.389 - f1-score 0.5015333333333333
activity   tp: 75 - fp: 8 - fn: 5 - tn: 75 - precision: 0.9036 - recall: 0.9375 - accuracy: 0.8523 - f1-score: 0.9202
activity_data tp: 47 - fp: 61 - fn: 26 - tn: 47 - precision: 0.4352 - recall: 0.6438 - accuracy: 0.3507 - f1-score: 0.5193
actor      tp: 65 - fp: 7 - fn: 30 - tn: 65 - precision: 0.9028 - recall: 0.6842 - accuracy: 0.6373 - f1-score: 0.7784
condition_specification tp: 4 - fp: 8 - fn: 3 - tn: 4 - precision: 0.3333 - recall: 0.5714 - accuracy: 0.2667 - f1-score: 0.4210
further_specification tp: 0 - fp: 4 - fn: 9 - tn: 0 - precision: 0.0000 - recall: 0.0000 - accuracy: 0.0000 - f1-score: 0.0000
xor_gateway tp: 5 - fp: 8 - fn: 9 - tn: 5 - precision: 0.3846 - recall: 0.3571 - accuracy: 0.2273 - f1-score: 0.3703
2025-11-27 07:27:08,785 ----------------------------------------------------------------------------------------------------
2025-11-27 07:27:08,785 ----------------------------------------------------------------------------------------------------
2025-11-27 07:27:08,785 current corpus: ColumnCorpus-Pet_1
2025-11-27 07:27:08,791 /home/ai4-admin/.flair/embeddings/lm-jw300-backward-v0.1.pt 43087046
2025-11-27 07:27:08,979 /home/ai4-admin/.flair/embeddings/lm-jw300-forward-v0.1.pt 43087046
2025-11-27 07:27:09,175 /home/ai4-admin/.flair/embeddings/news-backward-0.4.1.pt 18257500
2025-11-27 07:27:09,255 /home/ai4-admin/.flair/embeddings/news-forward-0.4.1.pt 18257500
2025-11-27 07:27:09,380 bert-base-cased 108310272
2025-11-27 07:27:09,380 mean
2025-11-27 07:27:09,506 bert-base-multilingual-cased 177853440
2025-11-27 07:27:09,506 mean
2025-11-27 07:27:09,670 bert-large-cased 333579264
2025-11-27 07:27:09,671 mean
2025-11-27 07:27:09,973 elmo-original 0
2025-11-27 07:27:10,289 xlm-roberta-large-finetuned-conll03-english 559890432
2025-11-27 07:27:10,289 mean
2025-11-27 07:27:12,001 xlnet-large-cased 360268800
2025-11-27 07:27:12,001 first
2025-11-27 07:27:12,495 Finished Embeddings Assignments
prediction_mode: True, embedding_selector: True, use_rl: True, use_gumbel: False
prediction_mode: True, embedding_selector: True, use_rl: True, use_gumbel: False
prediction_mode: True, embedding_selector: True, use_rl: True, use_gumbel: False
2025-11-27 07:27:12,738 3/3
2025-11-27 07:27:12,741 0.6678	0.7014	0.6842
2025-11-27 07:27:12,741 
MICRO_AVG: acc 0.52 - f1-score 0.6842
MACRO_AVG: acc 0.3864 - f1-score 0.49954999999999994
activity   tp: 75 - fp: 8 - fn: 5 - tn: 75 - precision: 0.9036 - recall: 0.9375 - accuracy: 0.8523 - f1-score: 0.9202
activity_data tp: 47 - fp: 61 - fn: 26 - tn: 47 - precision: 0.4352 - recall: 0.6438 - accuracy: 0.3507 - f1-score: 0.5193
actor      tp: 64 - fp: 8 - fn: 31 - tn: 64 - precision: 0.8889 - recall: 0.6737 - accuracy: 0.6214 - f1-score: 0.7665
condition_specification tp: 4 - fp: 8 - fn: 3 - tn: 4 - precision: 0.3333 - recall: 0.5714 - accuracy: 0.2667 - f1-score: 0.4210
further_specification tp: 0 - fp: 4 - fn: 9 - tn: 0 - precision: 0.0000 - recall: 0.0000 - accuracy: 0.0000 - f1-score: 0.0000
xor_gateway tp: 5 - fp: 8 - fn: 9 - tn: 5 - precision: 0.3846 - recall: 0.3571 - accuracy: 0.2273 - f1-score: 0.3703

