2025-11-24 08:27:28,871 [MainThread  ] [INFO ]  {
    "boundary_threshold": 0.0,
    "cache_path": null,
    "char_lstm_drop": 0.2,
    "char_lstm_layers": 1,
    "char_size": 50,
    "cls_threshold": 0.0,
    "config": "configs/temp_eval.conf",
    "cpu": false,
    "dataset_path": "data/datasets/combined/44/test.json",
    "debug": false,
    "device_id": 0,
    "entity_aware_attention": false,
    "entity_aware_intermediate": false,
    "entity_aware_output": false,
    "entity_aware_selfout": false,
    "entity_emb_size": null,
    "entity_queries_num": 60,
    "eval_batch_size": 8,
    "example_count": null,
    "freeze_transformer": false,
    "inlcude_subword_aux_loss": false,
    "label": "combined-44",
    "last_layer_for_loss": 3,
    "local_rank": -1,
    "log_path": "data/eval/combined/44",
    "lowercase": false,
    "lstm_layers": 2,
    "mask_ent2ent": true,
    "mask_ent2tok": true,
    "mask_entself": true,
    "mask_tok2ent": false,
    "model_path": "data/checkpoints/combined/44/combined-44/2025-11-20_10:38:50.759078/best_model",
    "model_type": "piqn",
    "no_duplicate": true,
    "no_overlapping": true,
    "no_partial_overlapping": true,
    "num_token_entity_encoderlayer": 5,
    "pool_type": "max",
    "pos_size": 25,
    "prop_drop": 0.5,
    "repeat_gt_entities": -1,
    "sampling_processes": 4,
    "seed": 44,
    "share_query_pos": true,
    "split_epoch": 0,
    "store_examples": true,
    "store_predictions": true,
    "tokenizer_path": "data/checkpoints/combined/44/combined-44/2025-11-20_10:38:50.759078/best_model",
    "types_path": "data/datasets/combined/44/types.json",
    "use_aux_loss": false,
    "use_char_lstm": false,
    "use_entity_attention": true,
    "use_entity_common_embedding": true,
    "use_entity_pos": true,
    "use_glove": false,
    "use_lstm": true,
    "use_masked_lm": false,
    "use_pos": false,
    "use_token_level_encoder": true,
    "word_mask_ent2ent": true,
    "word_mask_ent2tok": true,
    "word_mask_entself": true,
    "word_mask_tok2ent": false,
    "wordvec_path": "../glove/glove.6B.100d.txt",
    "world_size": -1
}
2025-11-24 08:27:28,871 [MainThread  ] [INFO ]  Dataset: data/datasets/combined/44/test.json
2025-11-24 08:27:28,871 [MainThread  ] [INFO ]  Model: piqn
2025-11-24 08:27:29,287 [MainThread  ] [INFO ]  Entity type count: 8
2025-11-24 08:27:29,287 [MainThread  ] [INFO ]  Entities:
2025-11-24 08:27:29,287 [MainThread  ] [INFO ]  No Entity=0
2025-11-24 08:27:29,287 [MainThread  ] [INFO ]  actor=1
2025-11-24 08:27:29,287 [MainThread  ] [INFO ]  activity=2
2025-11-24 08:27:29,287 [MainThread  ] [INFO ]  activity data=3
2025-11-24 08:27:29,287 [MainThread  ] [INFO ]  condition specification=4
2025-11-24 08:27:29,287 [MainThread  ] [INFO ]  xor gateway=5
2025-11-24 08:27:29,287 [MainThread  ] [INFO ]  further specification=6
2025-11-24 08:27:29,287 [MainThread  ] [INFO ]  and gateway=7
2025-11-24 08:27:29,287 [MainThread  ] [INFO ]  Dataset: test
2025-11-24 08:27:29,287 [MainThread  ] [INFO ]  Document count: 102
2025-11-24 08:27:29,287 [MainThread  ] [INFO ]  Entity count: 384
2025-11-24 08:27:29,287 [MainThread  ] [INFO ]  Context size: 114
2025-11-24 08:27:33,615 [MainThread  ] [INFO ]  Model Parameters Number: 167500042
2025-11-24 08:27:36,825 [MainThread  ] [INFO ]  Evaluate: test
2025-11-24 08:27:51,828 [MainThread  ] [INFO ]  Evaluation
2025-11-24 08:27:51,828 [MainThread  ] [INFO ]  
2025-11-24 08:27:51,828 [MainThread  ] [INFO ]  --- NER ---
2025-11-24 08:27:51,828 [MainThread  ] [INFO ]  
2025-11-24 08:27:51,833 [MainThread  ] [INFO ]                  type    precision       recall     f1-score      support
2025-11-24 08:27:51,833 [MainThread  ] [INFO ]  further specification        12.50         9.09        10.53           11
2025-11-24 08:27:51,833 [MainThread  ] [INFO ]           and gateway       100.00        33.33        50.00            3
2025-11-24 08:27:51,834 [MainThread  ] [INFO ]                 actor        76.47        70.65        73.45           92
2025-11-24 08:27:51,834 [MainThread  ] [INFO ]              activity        82.93        81.60        82.26          125
2025-11-24 08:27:51,834 [MainThread  ] [INFO ]  condition specification        61.11        64.71        62.86           17
2025-11-24 08:27:51,834 [MainThread  ] [INFO ]           xor gateway        42.86        37.50        40.00           24
2025-11-24 08:27:51,834 [MainThread  ] [INFO ]         activity data        58.04        74.11        65.10          112
2025-11-24 08:27:51,834 [MainThread  ] [INFO ]  
2025-11-24 08:27:51,834 [MainThread  ] [INFO ]                 micro        68.17        70.83        69.48          384
2025-11-24 08:27:51,834 [MainThread  ] [INFO ]                 macro        61.99        53.00        54.88          384
2025-11-24 08:27:51,834 [MainThread  ] [INFO ]  
2025-11-24 08:27:51,834 [MainThread  ] [INFO ]  --- NER on Localization ---
2025-11-24 08:27:51,834 [MainThread  ] [INFO ]  
2025-11-24 08:27:51,838 [MainThread  ] [INFO ]                  type    precision       recall     f1-score      support
2025-11-24 08:27:51,838 [MainThread  ] [INFO ]                Entity        69.42        72.14        70.75          384
2025-11-24 08:27:51,838 [MainThread  ] [INFO ]  
2025-11-24 08:27:51,838 [MainThread  ] [INFO ]                 micro        69.42        72.14        70.75          384
2025-11-24 08:27:51,838 [MainThread  ] [INFO ]                 macro        69.42        72.14        70.75          384
2025-11-24 08:27:51,838 [MainThread  ] [INFO ]  
2025-11-24 08:27:51,838 [MainThread  ] [INFO ]  --- NER on Classification ---
2025-11-24 08:27:51,838 [MainThread  ] [INFO ]  
2025-11-24 08:27:51,841 [MainThread  ] [INFO ]                  type    precision       recall     f1-score      support
2025-11-24 08:27:51,841 [MainThread  ] [INFO ]  further specification       100.00         9.09        16.67           11
2025-11-24 08:27:51,841 [MainThread  ] [INFO ]           and gateway       100.00        33.33        50.00            3
2025-11-24 08:27:51,842 [MainThread  ] [INFO ]                 actor       100.00        70.65        82.80           92
2025-11-24 08:27:51,842 [MainThread  ] [INFO ]              activity       100.00        81.60        89.87          125
2025-11-24 08:27:51,842 [MainThread  ] [INFO ]  condition specification       100.00        64.71        78.57           17
2025-11-24 08:27:51,842 [MainThread  ] [INFO ]           xor gateway       100.00        37.50        54.55           24
2025-11-24 08:27:51,842 [MainThread  ] [INFO ]         activity data        94.32        74.11        83.00          112
2025-11-24 08:27:51,842 [MainThread  ] [INFO ]  
2025-11-24 08:27:51,842 [MainThread  ] [INFO ]                 micro        98.19        70.83        82.30          384
2025-11-24 08:27:51,842 [MainThread  ] [INFO ]                 macro        99.19        53.00        65.06          384
2025-11-24 08:27:52,519 [MainThread  ] [INFO ]  Logged in: data/eval/combined/44/combined-44/2025-11-24_08:27:28.832813
