2025-11-27 08:01:52,823 Reading data from data/datasets/pet/44
2025-11-27 08:01:52,823 Train: data/datasets/pet/44/train.txt
2025-11-27 08:01:52,823 Dev: data/datasets/pet/44/dev.txt
2025-11-27 08:01:52,823 Test: data/datasets/pet/44/test.txt
2025-11-27 08:01:52,925 {b'<unk>': 0, b'O': 1, b'B-activity_data': 2, b'I-activity_data': 3, b'E-activity_data': 4, b'S-activity': 5, b'B-activity': 6, b'I-activity': 7, b'E-activity': 8, b'B-actor': 9, b'I-actor': 10, b'E-actor': 11, b'S-xor_gateway': 12, b'B-condition_specification': 13, b'I-condition_specification': 14, b'E-condition_specification': 15, b'S-activity_data': 16, b'S-condition_specification': 17, b'B-further_specification': 18, b'I-further_specification': 19, b'E-further_specification': 20, b'B-and_gateway': 21, b'I-and_gateway': 22, b'E-and_gateway': 23, b'S-and_gateway': 24, b'S-actor': 25, b'B-xor_gateway': 26, b'I-xor_gateway': 27, b'E-xor_gateway': 28, b'S-further_specification': 29, b'<START>': 30, b'<STOP>': 31}
2025-11-27 08:01:52,925 Corpus: 294 train + 57 dev + 111 test sentences
2025-11-27 08:02:44,282 Model Size: 1841603181
Corpus: 294 train + 57 dev + 111 test sentences
2025-11-27 08:02:44,283 ----------------------------------------------------------------------------------------------------
2025-11-27 08:02:47,285 loading file data/resources/taggers/no_hints/44/best-model.pt
2025-11-27 08:03:10,438 Testing using best model ...
2025-11-27 08:03:10,441 Setting embedding mask to the best action: tensor([1., 1., 1., 1., 1., 1., 1., 1., 1., 1., 1., 1., 1.], device='cuda:0')
['/home/ai4-admin/.flair/embeddings/lm-jw300-backward-v0.1.pt', '/home/ai4-admin/.flair/embeddings/lm-jw300-forward-v0.1.pt', '/home/ai4-admin/.flair/embeddings/news-backward-0.4.1.pt', '/home/ai4-admin/.flair/embeddings/news-forward-0.4.1.pt', 'Char', 'Word: en', 'Word: glove', 'bert-base-cased', 'bert-base-multilingual-cased', 'bert-large-cased', 'elmo-original', 'xlm-roberta-large-finetuned-conll03-english', 'xlnet-large-cased']
2025-11-27 08:03:11,117 /home/ai4-admin/.flair/embeddings/lm-jw300-backward-v0.1.pt 43087046
2025-11-27 08:03:11,631 /home/ai4-admin/.flair/embeddings/lm-jw300-forward-v0.1.pt 43087046
2025-11-27 08:03:12,092 /home/ai4-admin/.flair/embeddings/news-backward-0.4.1.pt 18257500
2025-11-27 08:03:12,346 /home/ai4-admin/.flair/embeddings/news-forward-0.4.1.pt 18257500
2025-11-27 08:03:12,632 bert-base-cased 108310272
2025-11-27 08:03:12,632 mean
2025-11-27 08:03:13,521 bert-base-multilingual-cased 177853440
2025-11-27 08:03:13,522 mean
2025-11-27 08:03:14,809 bert-large-cased 333579264
2025-11-27 08:03:14,809 mean
2025-11-27 08:03:16,275 elmo-original 0
2025-11-27 08:03:16,997 xlm-roberta-large-finetuned-conll03-english 559890432
2025-11-27 08:03:16,997 mean
2025-11-27 08:03:20,110 xlnet-large-cased 360268800
2025-11-27 08:03:20,110 first
2025-11-27 08:03:21,417 Finished Embeddings Assignments
prediction_mode: True, embedding_selector: True, use_rl: True, use_gumbel: False
prediction_mode: True, embedding_selector: True, use_rl: True, use_gumbel: False
prediction_mode: True, embedding_selector: True, use_rl: True, use_gumbel: False
prediction_mode: True, embedding_selector: True, use_rl: True, use_gumbel: False
2025-11-27 08:03:21,857 4/4
2025-11-27 08:03:21,860 0.6667	0.6875	0.6769
2025-11-27 08:03:21,860 
MICRO_AVG: acc 0.5116 - f1-score 0.6769
MACRO_AVG: acc 0.3857 - f1-score 0.5288142857142857
activity   tp: 101 - fp: 27 - fn: 24 - tn: 101 - precision: 0.7891 - recall: 0.8080 - accuracy: 0.6645 - f1-score: 0.7984
activity_data tp: 89 - fp: 79 - fn: 23 - tn: 89 - precision: 0.5298 - recall: 0.7946 - accuracy: 0.4660 - f1-score: 0.6357
actor      tp: 58 - fp: 16 - fn: 34 - tn: 58 - precision: 0.7838 - recall: 0.6304 - accuracy: 0.5370 - f1-score: 0.6988
and_gateway tp: 1 - fp: 0 - fn: 2 - tn: 1 - precision: 1.0000 - recall: 0.3333 - accuracy: 0.3333 - f1-score: 0.5000
condition_specification tp: 8 - fp: 2 - fn: 9 - tn: 8 - precision: 0.8000 - recall: 0.4706 - accuracy: 0.4211 - f1-score: 0.5926
further_specification tp: 1 - fp: 3 - fn: 10 - tn: 1 - precision: 0.2500 - recall: 0.0909 - accuracy: 0.0714 - f1-score: 0.1333
xor_gateway tp: 6 - fp: 5 - fn: 18 - tn: 6 - precision: 0.5455 - recall: 0.2500 - accuracy: 0.2069 - f1-score: 0.3429
2025-11-27 08:03:21,860 ----------------------------------------------------------------------------------------------------
2025-11-27 08:03:21,860 ----------------------------------------------------------------------------------------------------
2025-11-27 08:03:21,860 current corpus: ColumnCorpus-Pet_1
2025-11-27 08:03:21,875 /home/ai4-admin/.flair/embeddings/lm-jw300-backward-v0.1.pt 43087046
2025-11-27 08:03:22,020 /home/ai4-admin/.flair/embeddings/lm-jw300-forward-v0.1.pt 43087046
2025-11-27 08:03:22,315 /home/ai4-admin/.flair/embeddings/news-backward-0.4.1.pt 18257500
2025-11-27 08:03:22,407 /home/ai4-admin/.flair/embeddings/news-forward-0.4.1.pt 18257500
2025-11-27 08:03:22,549 bert-base-cased 108310272
2025-11-27 08:03:22,549 mean
2025-11-27 08:03:22,822 bert-base-multilingual-cased 177853440
2025-11-27 08:03:22,822 mean
2025-11-27 08:03:23,515 bert-large-cased 333579264
2025-11-27 08:03:23,515 mean
2025-11-27 08:03:24,340 elmo-original 0
2025-11-27 08:03:24,686 xlm-roberta-large-finetuned-conll03-english 559890432
2025-11-27 08:03:24,686 mean
2025-11-27 08:03:26,818 xlnet-large-cased 360268800
2025-11-27 08:03:26,818 first
2025-11-27 08:03:27,336 Finished Embeddings Assignments
prediction_mode: True, embedding_selector: True, use_rl: True, use_gumbel: False
prediction_mode: True, embedding_selector: True, use_rl: True, use_gumbel: False
prediction_mode: True, embedding_selector: True, use_rl: True, use_gumbel: False
prediction_mode: True, embedding_selector: True, use_rl: True, use_gumbel: False
2025-11-27 08:03:27,796 4/4
2025-11-27 08:03:27,801 0.665	0.6771	0.671
2025-11-27 08:03:27,801 
MICRO_AVG: acc 0.5049 - f1-score 0.671
MACRO_AVG: acc 0.388 - f1-score 0.5312142857142857
activity   tp: 99 - fp: 27 - fn: 26 - tn: 99 - precision: 0.7857 - recall: 0.7920 - accuracy: 0.6513 - f1-score: 0.7888
activity_data tp: 88 - fp: 78 - fn: 24 - tn: 88 - precision: 0.5301 - recall: 0.7857 - accuracy: 0.4632 - f1-score: 0.6331
actor      tp: 56 - fp: 15 - fn: 36 - tn: 56 - precision: 0.7887 - recall: 0.6087 - accuracy: 0.5234 - f1-score: 0.6871
and_gateway tp: 1 - fp: 0 - fn: 2 - tn: 1 - precision: 1.0000 - recall: 0.3333 - accuracy: 0.3333 - f1-score: 0.5000
condition_specification tp: 9 - fp: 2 - fn: 8 - tn: 9 - precision: 0.8182 - recall: 0.5294 - accuracy: 0.4737 - f1-score: 0.6429
further_specification tp: 1 - fp: 3 - fn: 10 - tn: 1 - precision: 0.2500 - recall: 0.0909 - accuracy: 0.0714 - f1-score: 0.1333
xor_gateway tp: 6 - fp: 6 - fn: 18 - tn: 6 - precision: 0.5000 - recall: 0.2500 - accuracy: 0.2000 - f1-score: 0.3333

