2025-11-29 09:01:40,767 [MainThread  ] [INFO ]  {
    "boundary_threshold": 0.0,
    "cache_path": null,
    "char_lstm_drop": 0.2,
    "char_lstm_layers": 1,
    "char_size": 50,
    "cls_threshold": 0.0,
    "config": "configs/temp_eval.conf",
    "cpu": false,
    "dataset_path": "data/datasets/no_hints/42/test.json",
    "debug": false,
    "device_id": 0,
    "entity_aware_attention": false,
    "entity_aware_intermediate": false,
    "entity_aware_output": false,
    "entity_aware_selfout": false,
    "entity_emb_size": null,
    "entity_queries_num": 60,
    "eval_batch_size": 8,
    "example_count": null,
    "freeze_transformer": false,
    "inlcude_subword_aux_loss": false,
    "label": "no_hints-42",
    "last_layer_for_loss": 3,
    "local_rank": -1,
    "log_path": "data/eval/no_hints/42",
    "lowercase": false,
    "lstm_layers": 2,
    "mask_ent2ent": true,
    "mask_ent2tok": true,
    "mask_entself": true,
    "mask_tok2ent": false,
    "model_path": "data/checkpoints/no_hints/42/no_hints-42/2025-11-26_20:03:06.509663/best_model",
    "model_type": "piqn",
    "no_duplicate": true,
    "no_overlapping": true,
    "no_partial_overlapping": true,
    "num_token_entity_encoderlayer": 5,
    "pool_type": "max",
    "pos_size": 25,
    "prop_drop": 0.5,
    "repeat_gt_entities": -1,
    "sampling_processes": 4,
    "seed": 42,
    "share_query_pos": true,
    "split_epoch": 0,
    "store_examples": true,
    "store_predictions": true,
    "tokenizer_path": "data/checkpoints/no_hints/42/no_hints-42/2025-11-26_20:03:06.509663/best_model",
    "types_path": "data/datasets/no_hints/42/types.json",
    "use_aux_loss": false,
    "use_char_lstm": false,
    "use_entity_attention": true,
    "use_entity_common_embedding": true,
    "use_entity_pos": true,
    "use_glove": false,
    "use_lstm": true,
    "use_masked_lm": false,
    "use_pos": false,
    "use_token_level_encoder": true,
    "word_mask_ent2ent": true,
    "word_mask_ent2tok": true,
    "word_mask_entself": true,
    "word_mask_tok2ent": false,
    "wordvec_path": "../glove/glove.6B.100d.txt",
    "world_size": -1
}
2025-11-29 09:01:40,767 [MainThread  ] [INFO ]  Dataset: data/datasets/no_hints/42/test.json
2025-11-29 09:01:40,767 [MainThread  ] [INFO ]  Model: piqn
2025-11-29 09:01:41,087 [MainThread  ] [INFO ]  Entity type count: 8
2025-11-29 09:01:41,087 [MainThread  ] [INFO ]  Entities:
2025-11-29 09:01:41,087 [MainThread  ] [INFO ]  No Entity=0
2025-11-29 09:01:41,087 [MainThread  ] [INFO ]  actor=1
2025-11-29 09:01:41,087 [MainThread  ] [INFO ]  activity=2
2025-11-29 09:01:41,087 [MainThread  ] [INFO ]  activity data=3
2025-11-29 09:01:41,087 [MainThread  ] [INFO ]  xor gateway=4
2025-11-29 09:01:41,088 [MainThread  ] [INFO ]  condition specification=5
2025-11-29 09:01:41,088 [MainThread  ] [INFO ]  and gateway=6
2025-11-29 09:01:41,088 [MainThread  ] [INFO ]  further specification=7
2025-11-29 09:01:41,088 [MainThread  ] [INFO ]  Dataset: test
2025-11-29 09:01:41,088 [MainThread  ] [INFO ]  Document count: 88
2025-11-29 09:01:41,088 [MainThread  ] [INFO ]  Entity count: 314
2025-11-29 09:01:41,088 [MainThread  ] [INFO ]  Context size: 114
2025-11-29 09:01:45,665 [MainThread  ] [INFO ]  Model Parameters Number: 167500042
2025-11-29 09:01:58,701 [MainThread  ] [INFO ]  Evaluate: test
2025-11-29 09:02:13,537 [MainThread  ] [INFO ]  Evaluation
2025-11-29 09:02:13,537 [MainThread  ] [INFO ]  
2025-11-29 09:02:13,537 [MainThread  ] [INFO ]  --- NER ---
2025-11-29 09:02:13,537 [MainThread  ] [INFO ]  
2025-11-29 09:02:13,545 [MainThread  ] [INFO ]                  type    precision       recall     f1-score      support
2025-11-29 09:02:13,545 [MainThread  ] [INFO ]              activity        81.72        80.85        81.28           94
2025-11-29 09:02:13,545 [MainThread  ] [INFO ]           and gateway       100.00       100.00       100.00            1
2025-11-29 09:02:13,546 [MainThread  ] [INFO ]  further specification       100.00         7.69        14.29           13
2025-11-29 09:02:13,546 [MainThread  ] [INFO ]           xor gateway        61.90        48.15        54.17           27
2025-11-29 09:02:13,546 [MainThread  ] [INFO ]  condition specification        75.00        45.00        56.25           20
2025-11-29 09:02:13,546 [MainThread  ] [INFO ]                 actor        73.13        63.64        68.06           77
2025-11-29 09:02:13,546 [MainThread  ] [INFO ]         activity data        44.17        64.63        52.48           82
2025-11-29 09:02:13,546 [MainThread  ] [INFO ]  
2025-11-29 09:02:13,546 [MainThread  ] [INFO ]                 micro        64.13        64.33        64.23          314
2025-11-29 09:02:13,546 [MainThread  ] [INFO ]                 macro        76.56        58.57        60.93          314
2025-11-29 09:02:13,546 [MainThread  ] [INFO ]  
2025-11-29 09:02:13,546 [MainThread  ] [INFO ]  --- NER on Localization ---
2025-11-29 09:02:13,546 [MainThread  ] [INFO ]  
2025-11-29 09:02:13,549 [MainThread  ] [INFO ]                  type    precision       recall     f1-score      support
2025-11-29 09:02:13,549 [MainThread  ] [INFO ]                Entity        67.62        67.83        67.73          314
2025-11-29 09:02:13,549 [MainThread  ] [INFO ]  
2025-11-29 09:02:13,550 [MainThread  ] [INFO ]                 micro        67.62        67.83        67.73          314
2025-11-29 09:02:13,550 [MainThread  ] [INFO ]                 macro        67.62        67.83        67.73          314
2025-11-29 09:02:13,550 [MainThread  ] [INFO ]  
2025-11-29 09:02:13,550 [MainThread  ] [INFO ]  --- NER on Classification ---
2025-11-29 09:02:13,550 [MainThread  ] [INFO ]  
2025-11-29 09:02:13,553 [MainThread  ] [INFO ]                  type    precision       recall     f1-score      support
2025-11-29 09:02:13,553 [MainThread  ] [INFO ]              activity       100.00        80.85        89.41           94
2025-11-29 09:02:13,553 [MainThread  ] [INFO ]           and gateway       100.00       100.00       100.00            1
2025-11-29 09:02:13,553 [MainThread  ] [INFO ]  further specification       100.00         7.69        14.29           13
2025-11-29 09:02:13,553 [MainThread  ] [INFO ]           xor gateway       100.00        48.15        65.00           27
2025-11-29 09:02:13,553 [MainThread  ] [INFO ]  condition specification       100.00        45.00        62.07           20
2025-11-29 09:02:13,553 [MainThread  ] [INFO ]                 actor        98.00        63.64        77.17           77
2025-11-29 09:02:13,553 [MainThread  ] [INFO ]         activity data        84.13        64.63        73.10           82
2025-11-29 09:02:13,553 [MainThread  ] [INFO ]  
2025-11-29 09:02:13,553 [MainThread  ] [INFO ]                 micro        94.84        64.33        76.66          314
2025-11-29 09:02:13,553 [MainThread  ] [INFO ]                 macro        97.45        58.57        68.72          314
2025-11-29 09:02:14,129 [MainThread  ] [INFO ]  Logged in: data/eval/no_hints/42/no_hints-42/2025-11-29_09:01:40.712941
