2025-11-27 17:28:42,600 Reading data from data/datasets/pet/46
2025-11-27 17:28:42,600 Train: data/datasets/pet/46/train.txt
2025-11-27 17:28:42,600 Dev: data/datasets/pet/46/dev.txt
2025-11-27 17:28:42,600 Test: data/datasets/pet/46/test.txt
2025-11-27 17:28:42,705 {b'<unk>': 0, b'O': 1, b'B-activity_data': 2, b'I-activity_data': 3, b'E-activity_data': 4, b'S-activity': 5, b'B-activity': 6, b'I-activity': 7, b'E-activity': 8, b'B-actor': 9, b'I-actor': 10, b'E-actor': 11, b'S-xor_gateway': 12, b'B-condition_specification': 13, b'I-condition_specification': 14, b'E-condition_specification': 15, b'S-activity_data': 16, b'S-condition_specification': 17, b'B-further_specification': 18, b'I-further_specification': 19, b'E-further_specification': 20, b'B-and_gateway': 21, b'I-and_gateway': 22, b'E-and_gateway': 23, b'S-and_gateway': 24, b'S-actor': 25, b'B-xor_gateway': 26, b'I-xor_gateway': 27, b'E-xor_gateway': 28, b'S-further_specification': 29, b'<START>': 30, b'<STOP>': 31}
2025-11-27 17:28:42,705 Corpus: 294 train + 73 dev + 95 test sentences
2025-11-27 17:29:18,178 Model Size: 785423885
Corpus: 294 train + 73 dev + 95 test sentences
2025-11-27 17:29:18,179 ----------------------------------------------------------------------------------------------------
2025-11-27 17:29:19,546 loading file data/resources/taggers/fine-tune/46/best-model.pt
2025-11-27 17:29:30,208 Testing using best model ...
2025-11-27 17:29:30,211 Setting embedding mask to the best action: tensor([1., 1., 1., 1., 1., 1., 1., 1.], device='cuda:0')
['/home/ai4-admin/.flair/embeddings/news-backward-0.4.1.pt', '/home/ai4-admin/.flair/embeddings/news-forward-0.4.1.pt', 'Char', 'Word: en', 'Word: glove', 'bert-base-cased', 'elmo-original', 'xlm-roberta-large-finetuned-conll03-english']
2025-11-27 17:29:30,524 /home/ai4-admin/.flair/embeddings/news-backward-0.4.1.pt 18257500
2025-11-27 17:29:30,771 /home/ai4-admin/.flair/embeddings/news-forward-0.4.1.pt 18257500
2025-11-27 17:29:30,990 bert-base-cased 108310272
2025-11-27 17:29:30,990 mean
2025-11-27 17:29:31,888 elmo-original 0
2025-11-27 17:29:32,514 xlm-roberta-large-finetuned-conll03-english 559890432
2025-11-27 17:29:32,514 mean
2025-11-27 17:29:35,544 Finished Embeddings Assignments
prediction_mode: True, embedding_selector: True, use_rl: True, use_gumbel: False
prediction_mode: True, embedding_selector: True, use_rl: True, use_gumbel: False
prediction_mode: True, embedding_selector: True, use_rl: True, use_gumbel: False
2025-11-27 17:29:35,869 3/3
2025-11-27 17:29:35,872 0.8099	0.8522	0.8305
2025-11-27 17:29:35,872 
MICRO_AVG: acc 0.7101 - f1-score 0.8305
MACRO_AVG: acc 0.5841 - f1-score 0.7123285714285715
activity   tp: 93 - fp: 11 - fn: 6 - tn: 93 - precision: 0.8942 - recall: 0.9394 - accuracy: 0.8455 - f1-score: 0.9162
activity_data tp: 71 - fp: 20 - fn: 20 - tn: 71 - precision: 0.7802 - recall: 0.7802 - accuracy: 0.6396 - f1-score: 0.7802
actor      tp: 92 - fp: 20 - fn: 9 - tn: 92 - precision: 0.8214 - recall: 0.9109 - accuracy: 0.7603 - f1-score: 0.8638
and_gateway tp: 1 - fp: 1 - fn: 0 - tn: 1 - precision: 0.5000 - recall: 1.0000 - accuracy: 0.5000 - f1-score: 0.6667
condition_specification tp: 12 - fp: 5 - fn: 7 - tn: 12 - precision: 0.7059 - recall: 0.6316 - accuracy: 0.5000 - f1-score: 0.6667
further_specification tp: 2 - fp: 6 - fn: 4 - tn: 2 - precision: 0.2500 - recall: 0.3333 - accuracy: 0.1667 - f1-score: 0.2857
xor_gateway tp: 23 - fp: 6 - fn: 5 - tn: 23 - precision: 0.7931 - recall: 0.8214 - accuracy: 0.6765 - f1-score: 0.8070
2025-11-27 17:29:35,872 ----------------------------------------------------------------------------------------------------
2025-11-27 17:29:35,872 ----------------------------------------------------------------------------------------------------
2025-11-27 17:29:35,872 current corpus: ColumnCorpus-Pet_1
2025-11-27 17:29:35,880 /home/ai4-admin/.flair/embeddings/news-backward-0.4.1.pt 18257500
2025-11-27 17:29:35,952 /home/ai4-admin/.flair/embeddings/news-forward-0.4.1.pt 18257500
2025-11-27 17:29:36,056 bert-base-cased 108310272
2025-11-27 17:29:36,056 mean
2025-11-27 17:29:36,283 elmo-original 0
2025-11-27 17:29:36,682 xlm-roberta-large-finetuned-conll03-english 559890432
2025-11-27 17:29:36,682 mean
2025-11-27 17:29:38,385 Finished Embeddings Assignments
prediction_mode: True, embedding_selector: True, use_rl: True, use_gumbel: False
prediction_mode: True, embedding_selector: True, use_rl: True, use_gumbel: False
prediction_mode: True, embedding_selector: True, use_rl: True, use_gumbel: False
2025-11-27 17:29:38,717 3/3
2025-11-27 17:29:38,721 0.8099	0.8522	0.8305
2025-11-27 17:29:38,721 
MICRO_AVG: acc 0.7101 - f1-score 0.8305
MACRO_AVG: acc 0.5841 - f1-score 0.7123285714285715
activity   tp: 93 - fp: 11 - fn: 6 - tn: 93 - precision: 0.8942 - recall: 0.9394 - accuracy: 0.8455 - f1-score: 0.9162
activity_data tp: 71 - fp: 20 - fn: 20 - tn: 71 - precision: 0.7802 - recall: 0.7802 - accuracy: 0.6396 - f1-score: 0.7802
actor      tp: 92 - fp: 20 - fn: 9 - tn: 92 - precision: 0.8214 - recall: 0.9109 - accuracy: 0.7603 - f1-score: 0.8638
and_gateway tp: 1 - fp: 1 - fn: 0 - tn: 1 - precision: 0.5000 - recall: 1.0000 - accuracy: 0.5000 - f1-score: 0.6667
condition_specification tp: 12 - fp: 5 - fn: 7 - tn: 12 - precision: 0.7059 - recall: 0.6316 - accuracy: 0.5000 - f1-score: 0.6667
further_specification tp: 2 - fp: 6 - fn: 4 - tn: 2 - precision: 0.2500 - recall: 0.3333 - accuracy: 0.1667 - f1-score: 0.2857
xor_gateway tp: 23 - fp: 6 - fn: 5 - tn: 23 - precision: 0.7931 - recall: 0.8214 - accuracy: 0.6765 - f1-score: 0.8070

