2025-11-27 07:08:33,066 Reading data from data/datasets/pet/42
2025-11-27 07:08:33,066 Train: data/datasets/pet/42/train.txt
2025-11-27 07:08:33,066 Dev: data/datasets/pet/42/dev.txt
2025-11-27 07:08:33,066 Test: data/datasets/pet/42/test.txt
2025-11-27 07:08:33,171 {b'<unk>': 0, b'O': 1, b'B-activity_data': 2, b'I-activity_data': 3, b'E-activity_data': 4, b'S-activity': 5, b'B-activity': 6, b'I-activity': 7, b'E-activity': 8, b'B-actor': 9, b'I-actor': 10, b'E-actor': 11, b'S-xor_gateway': 12, b'B-condition_specification': 13, b'I-condition_specification': 14, b'E-condition_specification': 15, b'S-activity_data': 16, b'S-condition_specification': 17, b'B-further_specification': 18, b'I-further_specification': 19, b'E-further_specification': 20, b'B-and_gateway': 21, b'I-and_gateway': 22, b'E-and_gateway': 23, b'S-and_gateway': 24, b'S-actor': 25, b'B-xor_gateway': 26, b'I-xor_gateway': 27, b'E-xor_gateway': 28, b'S-further_specification': 29, b'<START>': 30, b'<STOP>': 31}
2025-11-27 07:08:33,171 Corpus: 319 train + 46 dev + 97 test sentences
2025-11-27 07:09:23,715 Model Size: 1841603381
Corpus: 319 train + 46 dev + 97 test sentences
2025-11-27 07:09:23,717 ----------------------------------------------------------------------------------------------------
2025-11-27 07:09:26,705 loading file data/resources/taggers/combined/42/best-model.pt
2025-11-27 07:09:50,799 Testing using best model ...
2025-11-27 07:09:50,802 Setting embedding mask to the best action: tensor([0., 0., 0., 0., 1., 1., 1., 1., 0., 1., 0., 1., 0.], device='cuda:0')
['/home/ai4-admin/.flair/embeddings/lm-jw300-backward-v0.1.pt', '/home/ai4-admin/.flair/embeddings/lm-jw300-forward-v0.1.pt', '/home/ai4-admin/.flair/embeddings/news-backward-0.4.1.pt', '/home/ai4-admin/.flair/embeddings/news-forward-0.4.1.pt', 'Char', 'Word: en', 'Word: glove', 'bert-base-cased', 'bert-base-multilingual-cased', 'bert-large-cased', 'elmo-original', 'xlm-roberta-large-finetuned-conll03-english', 'xlnet-large-cased']
2025-11-27 07:09:51,482 /home/ai4-admin/.flair/embeddings/lm-jw300-backward-v0.1.pt 43087046
2025-11-27 07:09:51,482 /home/ai4-admin/.flair/embeddings/lm-jw300-backward-v0.1.pt is not selected, Skipping
2025-11-27 07:09:51,482 /home/ai4-admin/.flair/embeddings/lm-jw300-forward-v0.1.pt 43087046
2025-11-27 07:09:51,482 /home/ai4-admin/.flair/embeddings/lm-jw300-forward-v0.1.pt is not selected, Skipping
2025-11-27 07:09:51,482 /home/ai4-admin/.flair/embeddings/news-backward-0.4.1.pt 18257500
2025-11-27 07:09:51,482 /home/ai4-admin/.flair/embeddings/news-backward-0.4.1.pt is not selected, Skipping
2025-11-27 07:09:51,483 /home/ai4-admin/.flair/embeddings/news-forward-0.4.1.pt 18257500
2025-11-27 07:09:51,483 /home/ai4-admin/.flair/embeddings/news-forward-0.4.1.pt is not selected, Skipping
2025-11-27 07:09:51,486 bert-base-cased 108310272
2025-11-27 07:09:51,486 mean
2025-11-27 07:09:52,091 bert-base-multilingual-cased 177853440
2025-11-27 07:09:52,091 mean
2025-11-27 07:09:52,091 bert-base-multilingual-cased is not selected, Skipping
2025-11-27 07:09:52,095 bert-large-cased 333579264
2025-11-27 07:09:52,095 mean
2025-11-27 07:09:53,294 elmo-original 0
2025-11-27 07:09:53,295 elmo-original is not selected, Skipping
2025-11-27 07:09:53,298 xlm-roberta-large-finetuned-conll03-english 559890432
2025-11-27 07:09:53,298 mean
2025-11-27 07:09:55,478 xlnet-large-cased 360268800
2025-11-27 07:09:55,478 first
2025-11-27 07:09:55,478 xlnet-large-cased is not selected, Skipping
2025-11-27 07:09:55,478 Finished Embeddings Assignments
prediction_mode: True, embedding_selector: True, use_rl: True, use_gumbel: False
prediction_mode: True, embedding_selector: True, use_rl: True, use_gumbel: False
prediction_mode: True, embedding_selector: True, use_rl: True, use_gumbel: False
prediction_mode: True, embedding_selector: True, use_rl: True, use_gumbel: False
2025-11-27 07:09:55,884 4/4
2025-11-27 07:09:55,885 0.6327	0.6911	0.6606
2025-11-27 07:09:55,885 
MICRO_AVG: acc 0.4932 - f1-score 0.6606
MACRO_AVG: acc 0.5208 - f1-score 0.6599857142857143
activity   tp: 76 - fp: 23 - fn: 18 - tn: 76 - precision: 0.7677 - recall: 0.8085 - accuracy: 0.6496 - f1-score: 0.7876
activity_data tp: 61 - fp: 61 - fn: 21 - tn: 61 - precision: 0.5000 - recall: 0.7439 - accuracy: 0.4266 - f1-score: 0.5980
actor      tp: 48 - fp: 14 - fn: 29 - tn: 48 - precision: 0.7742 - recall: 0.6234 - accuracy: 0.5275 - f1-score: 0.6907
and_gateway tp: 1 - fp: 0 - fn: 0 - tn: 1 - precision: 1.0000 - recall: 1.0000 - accuracy: 1.0000 - f1-score: 1.0000
condition_specification tp: 11 - fp: 12 - fn: 9 - tn: 11 - precision: 0.4783 - recall: 0.5500 - accuracy: 0.3438 - f1-score: 0.5117
further_specification tp: 7 - fp: 10 - fn: 6 - tn: 7 - precision: 0.4118 - recall: 0.5385 - accuracy: 0.3043 - f1-score: 0.4667
xor_gateway tp: 13 - fp: 6 - fn: 14 - tn: 13 - precision: 0.6842 - recall: 0.4815 - accuracy: 0.3939 - f1-score: 0.5652
2025-11-27 07:09:55,885 ----------------------------------------------------------------------------------------------------
2025-11-27 07:09:55,885 ----------------------------------------------------------------------------------------------------
2025-11-27 07:09:55,886 current corpus: ColumnCorpus-Pet_1
2025-11-27 07:09:55,916 /home/ai4-admin/.flair/embeddings/lm-jw300-backward-v0.1.pt 43087046
2025-11-27 07:09:55,916 /home/ai4-admin/.flair/embeddings/lm-jw300-backward-v0.1.pt is not selected, Skipping
2025-11-27 07:09:55,916 /home/ai4-admin/.flair/embeddings/lm-jw300-forward-v0.1.pt 43087046
2025-11-27 07:09:55,917 /home/ai4-admin/.flair/embeddings/lm-jw300-forward-v0.1.pt is not selected, Skipping
2025-11-27 07:09:55,917 /home/ai4-admin/.flair/embeddings/news-backward-0.4.1.pt 18257500
2025-11-27 07:09:55,917 /home/ai4-admin/.flair/embeddings/news-backward-0.4.1.pt is not selected, Skipping
2025-11-27 07:09:55,917 /home/ai4-admin/.flair/embeddings/news-forward-0.4.1.pt 18257500
2025-11-27 07:09:55,917 /home/ai4-admin/.flair/embeddings/news-forward-0.4.1.pt is not selected, Skipping
2025-11-27 07:09:55,919 bert-base-cased 108310272
2025-11-27 07:09:55,919 mean
2025-11-27 07:09:56,086 bert-base-multilingual-cased 177853440
2025-11-27 07:09:56,086 mean
2025-11-27 07:09:56,086 bert-base-multilingual-cased is not selected, Skipping
2025-11-27 07:09:56,090 bert-large-cased 333579264
2025-11-27 07:09:56,090 mean
2025-11-27 07:09:56,778 elmo-original 0
2025-11-27 07:09:56,779 elmo-original is not selected, Skipping
2025-11-27 07:09:56,782 xlm-roberta-large-finetuned-conll03-english 559890432
2025-11-27 07:09:56,782 mean
2025-11-27 07:09:58,276 xlnet-large-cased 360268800
2025-11-27 07:09:58,276 first
2025-11-27 07:09:58,276 xlnet-large-cased is not selected, Skipping
2025-11-27 07:09:58,276 Finished Embeddings Assignments
prediction_mode: True, embedding_selector: True, use_rl: True, use_gumbel: False
prediction_mode: True, embedding_selector: True, use_rl: True, use_gumbel: False
prediction_mode: True, embedding_selector: True, use_rl: True, use_gumbel: False
prediction_mode: True, embedding_selector: True, use_rl: True, use_gumbel: False
2025-11-27 07:09:58,683 4/4
2025-11-27 07:09:58,684 0.6327	0.6911	0.6606
2025-11-27 07:09:58,684 
MICRO_AVG: acc 0.4932 - f1-score 0.6606
MACRO_AVG: acc 0.5208 - f1-score 0.6599857142857143
activity   tp: 76 - fp: 23 - fn: 18 - tn: 76 - precision: 0.7677 - recall: 0.8085 - accuracy: 0.6496 - f1-score: 0.7876
activity_data tp: 61 - fp: 61 - fn: 21 - tn: 61 - precision: 0.5000 - recall: 0.7439 - accuracy: 0.4266 - f1-score: 0.5980
actor      tp: 48 - fp: 14 - fn: 29 - tn: 48 - precision: 0.7742 - recall: 0.6234 - accuracy: 0.5275 - f1-score: 0.6907
and_gateway tp: 1 - fp: 0 - fn: 0 - tn: 1 - precision: 1.0000 - recall: 1.0000 - accuracy: 1.0000 - f1-score: 1.0000
condition_specification tp: 11 - fp: 12 - fn: 9 - tn: 11 - precision: 0.4783 - recall: 0.5500 - accuracy: 0.3438 - f1-score: 0.5117
further_specification tp: 7 - fp: 10 - fn: 6 - tn: 7 - precision: 0.4118 - recall: 0.5385 - accuracy: 0.3043 - f1-score: 0.4667
xor_gateway tp: 13 - fp: 6 - fn: 14 - tn: 13 - precision: 0.6842 - recall: 0.4815 - accuracy: 0.3939 - f1-score: 0.5652

