2025-11-26 13:04:56,825 [MainThread  ] [INFO ]  {
    "boundary_threshold": 0.0,
    "cache_path": null,
    "char_lstm_drop": 0.2,
    "char_lstm_layers": 1,
    "char_size": 50,
    "cls_threshold": 0.0,
    "config": "configs/temp_eval.conf",
    "cpu": false,
    "dataset_path": "data/datasets/sbvr/44/test.json",
    "debug": false,
    "device_id": 0,
    "entity_aware_attention": false,
    "entity_aware_intermediate": false,
    "entity_aware_output": false,
    "entity_aware_selfout": false,
    "entity_emb_size": null,
    "entity_queries_num": 60,
    "eval_batch_size": 8,
    "example_count": null,
    "freeze_transformer": false,
    "inlcude_subword_aux_loss": false,
    "label": "sbvr-44",
    "last_layer_for_loss": 3,
    "local_rank": -1,
    "log_path": "data/eval/sbvr/44",
    "lowercase": false,
    "lstm_layers": 2,
    "mask_ent2ent": true,
    "mask_ent2tok": true,
    "mask_entself": true,
    "mask_tok2ent": false,
    "model_path": "data/checkpoints/sbvr/44/sbvr-44/2025-11-26_10:11:51.245374/best_model",
    "model_type": "piqn",
    "no_duplicate": true,
    "no_overlapping": true,
    "no_partial_overlapping": true,
    "num_token_entity_encoderlayer": 5,
    "pool_type": "max",
    "pos_size": 25,
    "prop_drop": 0.5,
    "repeat_gt_entities": -1,
    "sampling_processes": 4,
    "seed": 44,
    "share_query_pos": true,
    "split_epoch": 0,
    "store_examples": true,
    "store_predictions": true,
    "tokenizer_path": "data/checkpoints/sbvr/44/sbvr-44/2025-11-26_10:11:51.245374/best_model",
    "types_path": "data/datasets/sbvr/44/types.json",
    "use_aux_loss": false,
    "use_char_lstm": false,
    "use_entity_attention": true,
    "use_entity_common_embedding": true,
    "use_entity_pos": true,
    "use_glove": false,
    "use_lstm": true,
    "use_masked_lm": false,
    "use_pos": false,
    "use_token_level_encoder": true,
    "word_mask_ent2ent": true,
    "word_mask_ent2tok": true,
    "word_mask_entself": true,
    "word_mask_tok2ent": false,
    "wordvec_path": "../glove/glove.6B.100d.txt",
    "world_size": -1
}
2025-11-26 13:04:56,826 [MainThread  ] [INFO ]  Dataset: data/datasets/sbvr/44/test.json
2025-11-26 13:04:56,826 [MainThread  ] [INFO ]  Model: piqn
2025-11-26 13:04:57,250 [MainThread  ] [INFO ]  Entity type count: 8
2025-11-26 13:04:57,250 [MainThread  ] [INFO ]  Entities:
2025-11-26 13:04:57,250 [MainThread  ] [INFO ]  No Entity=0
2025-11-26 13:04:57,250 [MainThread  ] [INFO ]  actor=1
2025-11-26 13:04:57,250 [MainThread  ] [INFO ]  activity=2
2025-11-26 13:04:57,250 [MainThread  ] [INFO ]  activity data=3
2025-11-26 13:04:57,250 [MainThread  ] [INFO ]  xor gateway=4
2025-11-26 13:04:57,250 [MainThread  ] [INFO ]  condition specification=5
2025-11-26 13:04:57,250 [MainThread  ] [INFO ]  further specification=6
2025-11-26 13:04:57,250 [MainThread  ] [INFO ]  and gateway=7
2025-11-26 13:04:57,250 [MainThread  ] [INFO ]  Dataset: test
2025-11-26 13:04:57,250 [MainThread  ] [INFO ]  Document count: 102
2025-11-26 13:04:57,250 [MainThread  ] [INFO ]  Entity count: 384
2025-11-26 13:04:57,250 [MainThread  ] [INFO ]  Context size: 114
2025-11-26 13:05:00,256 [MainThread  ] [INFO ]  Model Parameters Number: 167500042
2025-11-26 13:05:03,518 [MainThread  ] [INFO ]  Evaluate: test
2025-11-26 13:05:19,357 [MainThread  ] [INFO ]  Evaluation
2025-11-26 13:05:19,357 [MainThread  ] [INFO ]  
2025-11-26 13:05:19,357 [MainThread  ] [INFO ]  --- NER ---
2025-11-26 13:05:19,357 [MainThread  ] [INFO ]  
2025-11-26 13:05:19,362 [MainThread  ] [INFO ]                  type    precision       recall     f1-score      support
2025-11-26 13:05:19,362 [MainThread  ] [INFO ]  condition specification        47.62        58.82        52.63           17
2025-11-26 13:05:19,363 [MainThread  ] [INFO ]  further specification        16.67        27.27        20.69           11
2025-11-26 13:05:19,363 [MainThread  ] [INFO ]         activity data        62.12        73.21        67.21          112
2025-11-26 13:05:19,363 [MainThread  ] [INFO ]              activity        83.87        83.20        83.53          125
2025-11-26 13:05:19,363 [MainThread  ] [INFO ]           xor gateway        65.00        54.17        59.09           24
2025-11-26 13:05:19,363 [MainThread  ] [INFO ]           and gateway        33.33        33.33        33.33            3
2025-11-26 13:05:19,363 [MainThread  ] [INFO ]                 actor        84.85        60.87        70.89           92
2025-11-26 13:05:19,363 [MainThread  ] [INFO ]  
2025-11-26 13:05:19,363 [MainThread  ] [INFO ]                 micro        70.05        70.05        70.05          384
2025-11-26 13:05:19,363 [MainThread  ] [INFO ]                 macro        56.21        55.84        55.34          384
2025-11-26 13:05:19,363 [MainThread  ] [INFO ]  
2025-11-26 13:05:19,363 [MainThread  ] [INFO ]  --- NER on Localization ---
2025-11-26 13:05:19,363 [MainThread  ] [INFO ]  
2025-11-26 13:05:19,367 [MainThread  ] [INFO ]                  type    precision       recall     f1-score      support
2025-11-26 13:05:19,367 [MainThread  ] [INFO ]                Entity        71.61        71.61        71.61          384
2025-11-26 13:05:19,367 [MainThread  ] [INFO ]  
2025-11-26 13:05:19,367 [MainThread  ] [INFO ]                 micro        71.61        71.61        71.61          384
2025-11-26 13:05:19,367 [MainThread  ] [INFO ]                 macro        71.61        71.61        71.61          384
2025-11-26 13:05:19,367 [MainThread  ] [INFO ]  
2025-11-26 13:05:19,367 [MainThread  ] [INFO ]  --- NER on Classification ---
2025-11-26 13:05:19,367 [MainThread  ] [INFO ]  
2025-11-26 13:05:19,371 [MainThread  ] [INFO ]                  type    precision       recall     f1-score      support
2025-11-26 13:05:19,371 [MainThread  ] [INFO ]  condition specification       100.00        58.82        74.07           17
2025-11-26 13:05:19,371 [MainThread  ] [INFO ]  further specification       100.00        27.27        42.86           11
2025-11-26 13:05:19,371 [MainThread  ] [INFO ]         activity data        94.25        73.21        82.41          112
2025-11-26 13:05:19,371 [MainThread  ] [INFO ]              activity       100.00        83.20        90.83          125
2025-11-26 13:05:19,371 [MainThread  ] [INFO ]           xor gateway       100.00        54.17        70.27           24
2025-11-26 13:05:19,371 [MainThread  ] [INFO ]           and gateway       100.00        33.33        50.00            3
2025-11-26 13:05:19,371 [MainThread  ] [INFO ]                 actor        98.25        60.87        75.17           92
2025-11-26 13:05:19,371 [MainThread  ] [INFO ]  
2025-11-26 13:05:19,371 [MainThread  ] [INFO ]                 micro        97.82        70.05        81.64          384
2025-11-26 13:05:19,371 [MainThread  ] [INFO ]                 macro        98.93        55.84        69.37          384
2025-11-26 13:05:20,053 [MainThread  ] [INFO ]  Logged in: data/eval/sbvr/44/sbvr-44/2025-11-26_13:04:56.787050
