2025-11-24 08:23:23,827 [MainThread  ] [INFO ]  {
    "boundary_threshold": 0.0,
    "cache_path": null,
    "char_lstm_drop": 0.2,
    "char_lstm_layers": 1,
    "char_size": 50,
    "cls_threshold": 0.0,
    "config": "configs/temp_eval.conf",
    "cpu": false,
    "dataset_path": "data/datasets/image/42/test.json",
    "debug": false,
    "device_id": 0,
    "entity_aware_attention": false,
    "entity_aware_intermediate": false,
    "entity_aware_output": false,
    "entity_aware_selfout": false,
    "entity_emb_size": null,
    "entity_queries_num": 60,
    "eval_batch_size": 8,
    "example_count": null,
    "freeze_transformer": false,
    "inlcude_subword_aux_loss": false,
    "label": "image-42",
    "last_layer_for_loss": 3,
    "local_rank": -1,
    "log_path": "data/eval/image/42",
    "lowercase": false,
    "lstm_layers": 2,
    "mask_ent2ent": true,
    "mask_ent2tok": true,
    "mask_entself": true,
    "mask_tok2ent": false,
    "model_path": "data/checkpoints/image/42/image-42/2025-11-20_12:52:39.668444/best_model",
    "model_type": "piqn",
    "no_duplicate": true,
    "no_overlapping": true,
    "no_partial_overlapping": true,
    "num_token_entity_encoderlayer": 5,
    "pool_type": "max",
    "pos_size": 25,
    "prop_drop": 0.5,
    "repeat_gt_entities": -1,
    "sampling_processes": 4,
    "seed": 42,
    "share_query_pos": true,
    "split_epoch": 0,
    "store_examples": true,
    "store_predictions": true,
    "tokenizer_path": "data/checkpoints/image/42/image-42/2025-11-20_12:52:39.668444/best_model",
    "types_path": "data/datasets/image/42/types.json",
    "use_aux_loss": false,
    "use_char_lstm": false,
    "use_entity_attention": true,
    "use_entity_common_embedding": true,
    "use_entity_pos": true,
    "use_glove": false,
    "use_lstm": true,
    "use_masked_lm": false,
    "use_pos": false,
    "use_token_level_encoder": true,
    "word_mask_ent2ent": true,
    "word_mask_ent2tok": true,
    "word_mask_entself": true,
    "word_mask_tok2ent": false,
    "wordvec_path": "../glove/glove.6B.100d.txt",
    "world_size": -1
}
2025-11-24 08:23:23,828 [MainThread  ] [INFO ]  Dataset: data/datasets/image/42/test.json
2025-11-24 08:23:23,828 [MainThread  ] [INFO ]  Model: piqn
2025-11-24 08:23:24,167 [MainThread  ] [INFO ]  Entity type count: 8
2025-11-24 08:23:24,167 [MainThread  ] [INFO ]  Entities:
2025-11-24 08:23:24,167 [MainThread  ] [INFO ]  No Entity=0
2025-11-24 08:23:24,167 [MainThread  ] [INFO ]  actor=1
2025-11-24 08:23:24,167 [MainThread  ] [INFO ]  activity=2
2025-11-24 08:23:24,167 [MainThread  ] [INFO ]  activity data=3
2025-11-24 08:23:24,167 [MainThread  ] [INFO ]  xor gateway=4
2025-11-24 08:23:24,168 [MainThread  ] [INFO ]  condition specification=5
2025-11-24 08:23:24,168 [MainThread  ] [INFO ]  and gateway=6
2025-11-24 08:23:24,168 [MainThread  ] [INFO ]  further specification=7
2025-11-24 08:23:24,168 [MainThread  ] [INFO ]  Dataset: test
2025-11-24 08:23:24,168 [MainThread  ] [INFO ]  Document count: 88
2025-11-24 08:23:24,168 [MainThread  ] [INFO ]  Entity count: 314
2025-11-24 08:23:24,168 [MainThread  ] [INFO ]  Context size: 114
2025-11-24 08:23:28,654 [MainThread  ] [INFO ]  Model Parameters Number: 167500042
2025-11-24 08:23:31,907 [MainThread  ] [INFO ]  Evaluate: test
2025-11-24 08:23:46,005 [MainThread  ] [INFO ]  Evaluation
2025-11-24 08:23:46,005 [MainThread  ] [INFO ]  
2025-11-24 08:23:46,005 [MainThread  ] [INFO ]  --- NER ---
2025-11-24 08:23:46,005 [MainThread  ] [INFO ]  
2025-11-24 08:23:46,011 [MainThread  ] [INFO ]                  type    precision       recall     f1-score      support
2025-11-24 08:23:46,011 [MainThread  ] [INFO ]  condition specification        66.67        50.00        57.14           20
2025-11-24 08:23:46,011 [MainThread  ] [INFO ]  further specification        16.67        23.08        19.35           13
2025-11-24 08:23:46,011 [MainThread  ] [INFO ]                 actor        76.81        68.83        72.60           77
2025-11-24 08:23:46,011 [MainThread  ] [INFO ]         activity data        51.24        75.61        61.08           82
2025-11-24 08:23:46,011 [MainThread  ] [INFO ]              activity        79.25        89.36        84.00           94
2025-11-24 08:23:46,011 [MainThread  ] [INFO ]           and gateway        33.33       100.00        50.00            1
2025-11-24 08:23:46,011 [MainThread  ] [INFO ]           xor gateway        72.22        48.15        57.78           27
2025-11-24 08:23:46,011 [MainThread  ] [INFO ]  
2025-11-24 08:23:46,011 [MainThread  ] [INFO ]                 micro        64.57        71.97        68.07          314
2025-11-24 08:23:46,011 [MainThread  ] [INFO ]                 macro        56.60        65.00        57.42          314
2025-11-24 08:23:46,011 [MainThread  ] [INFO ]  
2025-11-24 08:23:46,011 [MainThread  ] [INFO ]  --- NER on Localization ---
2025-11-24 08:23:46,011 [MainThread  ] [INFO ]  
2025-11-24 08:23:46,015 [MainThread  ] [INFO ]                  type    precision       recall     f1-score      support
2025-11-24 08:23:46,015 [MainThread  ] [INFO ]                Entity        66.57        74.20        70.18          314
2025-11-24 08:23:46,015 [MainThread  ] [INFO ]  
2025-11-24 08:23:46,015 [MainThread  ] [INFO ]                 micro        66.57        74.20        70.18          314
2025-11-24 08:23:46,015 [MainThread  ] [INFO ]                 macro        66.57        74.20        70.18          314
2025-11-24 08:23:46,015 [MainThread  ] [INFO ]  
2025-11-24 08:23:46,015 [MainThread  ] [INFO ]  --- NER on Classification ---
2025-11-24 08:23:46,015 [MainThread  ] [INFO ]  
2025-11-24 08:23:46,018 [MainThread  ] [INFO ]                  type    precision       recall     f1-score      support
2025-11-24 08:23:46,018 [MainThread  ] [INFO ]  condition specification       100.00        50.00        66.67           20
2025-11-24 08:23:46,018 [MainThread  ] [INFO ]  further specification       100.00        23.08        37.50           13
2025-11-24 08:23:46,018 [MainThread  ] [INFO ]                 actor       100.00        68.83        81.54           77
2025-11-24 08:23:46,018 [MainThread  ] [INFO ]         activity data        91.18        75.61        82.67           82
2025-11-24 08:23:46,018 [MainThread  ] [INFO ]              activity        98.82        89.36        93.85           94
2025-11-24 08:23:46,018 [MainThread  ] [INFO ]           and gateway       100.00       100.00       100.00            1
2025-11-24 08:23:46,018 [MainThread  ] [INFO ]           xor gateway       100.00        48.15        65.00           27
2025-11-24 08:23:46,018 [MainThread  ] [INFO ]  
2025-11-24 08:23:46,018 [MainThread  ] [INFO ]                 micro        97.00        71.97        82.63          314
2025-11-24 08:23:46,018 [MainThread  ] [INFO ]                 macro        98.57        65.00        75.32          314
2025-11-24 08:23:46,616 [MainThread  ] [INFO ]  Logged in: data/eval/image/42/image-42/2025-11-24_08:23:23.781008
