2025-11-24 08:24:18,416 [MainThread  ] [INFO ]  {
    "boundary_threshold": 0.0,
    "cache_path": null,
    "char_lstm_drop": 0.2,
    "char_lstm_layers": 1,
    "char_size": 50,
    "cls_threshold": 0.0,
    "config": "configs/temp_eval.conf",
    "cpu": false,
    "dataset_path": "data/datasets/image/44/test.json",
    "debug": false,
    "device_id": 0,
    "entity_aware_attention": false,
    "entity_aware_intermediate": false,
    "entity_aware_output": false,
    "entity_aware_selfout": false,
    "entity_emb_size": null,
    "entity_queries_num": 60,
    "eval_batch_size": 8,
    "example_count": null,
    "freeze_transformer": false,
    "inlcude_subword_aux_loss": false,
    "label": "image-44",
    "last_layer_for_loss": 3,
    "local_rank": -1,
    "log_path": "data/eval/image/44",
    "lowercase": false,
    "lstm_layers": 2,
    "mask_ent2ent": true,
    "mask_ent2tok": true,
    "mask_entself": true,
    "mask_tok2ent": false,
    "model_path": "data/checkpoints/image/44/image-44/2025-11-20_14:03:27.631992/best_model",
    "model_type": "piqn",
    "no_duplicate": true,
    "no_overlapping": true,
    "no_partial_overlapping": true,
    "num_token_entity_encoderlayer": 5,
    "pool_type": "max",
    "pos_size": 25,
    "prop_drop": 0.5,
    "repeat_gt_entities": -1,
    "sampling_processes": 4,
    "seed": 44,
    "share_query_pos": true,
    "split_epoch": 0,
    "store_examples": true,
    "store_predictions": true,
    "tokenizer_path": "data/checkpoints/image/44/image-44/2025-11-20_14:03:27.631992/best_model",
    "types_path": "data/datasets/image/44/types.json",
    "use_aux_loss": false,
    "use_char_lstm": false,
    "use_entity_attention": true,
    "use_entity_common_embedding": true,
    "use_entity_pos": true,
    "use_glove": false,
    "use_lstm": true,
    "use_masked_lm": false,
    "use_pos": false,
    "use_token_level_encoder": true,
    "word_mask_ent2ent": true,
    "word_mask_ent2tok": true,
    "word_mask_entself": true,
    "word_mask_tok2ent": false,
    "wordvec_path": "../glove/glove.6B.100d.txt",
    "world_size": -1
}
2025-11-24 08:24:18,416 [MainThread  ] [INFO ]  Dataset: data/datasets/image/44/test.json
2025-11-24 08:24:18,416 [MainThread  ] [INFO ]  Model: piqn
2025-11-24 08:24:18,838 [MainThread  ] [INFO ]  Entity type count: 8
2025-11-24 08:24:18,838 [MainThread  ] [INFO ]  Entities:
2025-11-24 08:24:18,838 [MainThread  ] [INFO ]  No Entity=0
2025-11-24 08:24:18,838 [MainThread  ] [INFO ]  actor=1
2025-11-24 08:24:18,838 [MainThread  ] [INFO ]  activity=2
2025-11-24 08:24:18,838 [MainThread  ] [INFO ]  activity data=3
2025-11-24 08:24:18,838 [MainThread  ] [INFO ]  xor gateway=4
2025-11-24 08:24:18,838 [MainThread  ] [INFO ]  condition specification=5
2025-11-24 08:24:18,839 [MainThread  ] [INFO ]  and gateway=6
2025-11-24 08:24:18,839 [MainThread  ] [INFO ]  further specification=7
2025-11-24 08:24:18,839 [MainThread  ] [INFO ]  Dataset: test
2025-11-24 08:24:18,839 [MainThread  ] [INFO ]  Document count: 102
2025-11-24 08:24:18,839 [MainThread  ] [INFO ]  Entity count: 384
2025-11-24 08:24:18,839 [MainThread  ] [INFO ]  Context size: 114
2025-11-24 08:24:23,261 [MainThread  ] [INFO ]  Model Parameters Number: 167500042
2025-11-24 08:24:26,473 [MainThread  ] [INFO ]  Evaluate: test
2025-11-24 08:24:41,648 [MainThread  ] [INFO ]  Evaluation
2025-11-24 08:24:41,648 [MainThread  ] [INFO ]  
2025-11-24 08:24:41,648 [MainThread  ] [INFO ]  --- NER ---
2025-11-24 08:24:41,648 [MainThread  ] [INFO ]  
2025-11-24 08:24:41,654 [MainThread  ] [INFO ]                  type    precision       recall     f1-score      support
2025-11-24 08:24:41,654 [MainThread  ] [INFO ]           and gateway       100.00        33.33        50.00            3
2025-11-24 08:24:41,654 [MainThread  ] [INFO ]                 actor        76.71        60.87        67.88           92
2025-11-24 08:24:41,654 [MainThread  ] [INFO ]              activity        80.88        88.00        84.29          125
2025-11-24 08:24:41,654 [MainThread  ] [INFO ]         activity data        59.06        78.57        67.43          112
2025-11-24 08:24:41,654 [MainThread  ] [INFO ]  further specification        17.65        27.27        21.43           11
2025-11-24 08:24:41,654 [MainThread  ] [INFO ]           xor gateway        80.00        33.33        47.06           24
2025-11-24 08:24:41,654 [MainThread  ] [INFO ]  condition specification        77.78        41.18        53.85           17
2025-11-24 08:24:41,654 [MainThread  ] [INFO ]  
2025-11-24 08:24:41,654 [MainThread  ] [INFO ]                 micro        69.11        71.09        70.09          384
2025-11-24 08:24:41,654 [MainThread  ] [INFO ]                 macro        70.30        51.79        55.99          384
2025-11-24 08:24:41,654 [MainThread  ] [INFO ]  
2025-11-24 08:24:41,654 [MainThread  ] [INFO ]  --- NER on Localization ---
2025-11-24 08:24:41,654 [MainThread  ] [INFO ]  
2025-11-24 08:24:41,658 [MainThread  ] [INFO ]                  type    precision       recall     f1-score      support
2025-11-24 08:24:41,658 [MainThread  ] [INFO ]                Entity        70.13        72.14        71.12          384
2025-11-24 08:24:41,658 [MainThread  ] [INFO ]  
2025-11-24 08:24:41,658 [MainThread  ] [INFO ]                 micro        70.13        72.14        71.12          384
2025-11-24 08:24:41,658 [MainThread  ] [INFO ]                 macro        70.13        72.14        71.12          384
2025-11-24 08:24:41,658 [MainThread  ] [INFO ]  
2025-11-24 08:24:41,658 [MainThread  ] [INFO ]  --- NER on Classification ---
2025-11-24 08:24:41,658 [MainThread  ] [INFO ]  
2025-11-24 08:24:41,662 [MainThread  ] [INFO ]                  type    precision       recall     f1-score      support
2025-11-24 08:24:41,662 [MainThread  ] [INFO ]           and gateway       100.00        33.33        50.00            3
2025-11-24 08:24:41,662 [MainThread  ] [INFO ]                 actor       100.00        60.87        75.68           92
2025-11-24 08:24:41,662 [MainThread  ] [INFO ]              activity       100.00        88.00        93.62          125
2025-11-24 08:24:41,662 [MainThread  ] [INFO ]         activity data        95.65        78.57        86.27          112
2025-11-24 08:24:41,662 [MainThread  ] [INFO ]  further specification       100.00        27.27        42.86           11
2025-11-24 08:24:41,662 [MainThread  ] [INFO ]           xor gateway       100.00        33.33        50.00           24
2025-11-24 08:24:41,662 [MainThread  ] [INFO ]  condition specification       100.00        41.18        58.33           17
2025-11-24 08:24:41,662 [MainThread  ] [INFO ]  
2025-11-24 08:24:41,662 [MainThread  ] [INFO ]                 micro        98.56        71.09        82.60          384
2025-11-24 08:24:41,662 [MainThread  ] [INFO ]                 macro        99.38        51.79        65.25          384
2025-11-24 08:24:42,351 [MainThread  ] [INFO ]  Logged in: data/eval/image/44/image-44/2025-11-24_08:24:18.378415
