2025-11-26 12:55:18,674 [MainThread  ] [INFO ]  {
    "boundary_threshold": 0.0,
    "cache_path": null,
    "char_lstm_drop": 0.2,
    "char_lstm_layers": 1,
    "char_size": 50,
    "cls_threshold": 0.0,
    "config": "configs/temp_eval.conf",
    "cpu": false,
    "dataset_path": "data/datasets/pet/43/test.json",
    "debug": false,
    "device_id": 0,
    "entity_aware_attention": false,
    "entity_aware_intermediate": false,
    "entity_aware_output": false,
    "entity_aware_selfout": false,
    "entity_emb_size": null,
    "entity_queries_num": 60,
    "eval_batch_size": 8,
    "example_count": null,
    "freeze_transformer": false,
    "inlcude_subword_aux_loss": false,
    "label": "fine-tune-43",
    "last_layer_for_loss": 3,
    "local_rank": -1,
    "log_path": "data/eval/fine-tune/43",
    "lowercase": false,
    "lstm_layers": 2,
    "mask_ent2ent": true,
    "mask_ent2tok": true,
    "mask_entself": true,
    "mask_tok2ent": false,
    "model_path": "data/checkpoints/fine-tune/43/fine-tune-43/2025-11-26_09:14:50.217122/best_model",
    "model_type": "piqn",
    "no_duplicate": true,
    "no_overlapping": true,
    "no_partial_overlapping": true,
    "num_token_entity_encoderlayer": 5,
    "pool_type": "max",
    "pos_size": 25,
    "prop_drop": 0.5,
    "repeat_gt_entities": -1,
    "sampling_processes": 4,
    "seed": 43,
    "share_query_pos": true,
    "split_epoch": 0,
    "store_examples": true,
    "store_predictions": true,
    "tokenizer_path": "data/checkpoints/fine-tune/43/fine-tune-43/2025-11-26_09:14:50.217122/best_model",
    "types_path": "data/datasets/pet/43/types.json",
    "use_aux_loss": false,
    "use_char_lstm": false,
    "use_entity_attention": true,
    "use_entity_common_embedding": true,
    "use_entity_pos": true,
    "use_glove": false,
    "use_lstm": true,
    "use_masked_lm": false,
    "use_pos": false,
    "use_token_level_encoder": true,
    "word_mask_ent2ent": true,
    "word_mask_ent2tok": true,
    "word_mask_entself": true,
    "word_mask_tok2ent": false,
    "wordvec_path": "../glove/glove.6B.100d.txt",
    "world_size": -1
}
2025-11-26 12:55:18,674 [MainThread  ] [INFO ]  Dataset: data/datasets/pet/43/test.json
2025-11-26 12:55:18,675 [MainThread  ] [INFO ]  Model: piqn
2025-11-26 12:55:18,886 [MainThread  ] [INFO ]  Entity type count: 8
2025-11-26 12:55:18,886 [MainThread  ] [INFO ]  Entities:
2025-11-26 12:55:18,886 [MainThread  ] [INFO ]  No Entity=0
2025-11-26 12:55:18,886 [MainThread  ] [INFO ]  actor=1
2025-11-26 12:55:18,886 [MainThread  ] [INFO ]  activity=2
2025-11-26 12:55:18,887 [MainThread  ] [INFO ]  activity data=3
2025-11-26 12:55:18,887 [MainThread  ] [INFO ]  xor gateway=4
2025-11-26 12:55:18,887 [MainThread  ] [INFO ]  condition specification=5
2025-11-26 12:55:18,887 [MainThread  ] [INFO ]  further specification=6
2025-11-26 12:55:18,887 [MainThread  ] [INFO ]  and gateway=7
2025-11-26 12:55:18,887 [MainThread  ] [INFO ]  Dataset: test
2025-11-26 12:55:18,887 [MainThread  ] [INFO ]  Document count: 64
2025-11-26 12:55:18,887 [MainThread  ] [INFO ]  Entity count: 278
2025-11-26 12:55:18,887 [MainThread  ] [INFO ]  Context size: 92
2025-11-26 12:55:21,822 [MainThread  ] [INFO ]  Model Parameters Number: 167500042
2025-11-26 12:55:25,139 [MainThread  ] [INFO ]  Evaluate: test
2025-11-26 12:55:37,989 [MainThread  ] [INFO ]  Evaluation
2025-11-26 12:55:37,989 [MainThread  ] [INFO ]  
2025-11-26 12:55:37,989 [MainThread  ] [INFO ]  --- NER ---
2025-11-26 12:55:37,989 [MainThread  ] [INFO ]  
2025-11-26 12:55:37,994 [MainThread  ] [INFO ]                  type    precision       recall     f1-score      support
2025-11-26 12:55:37,994 [MainThread  ] [INFO ]  condition specification        50.00        14.29        22.22            7
2025-11-26 12:55:37,994 [MainThread  ] [INFO ]                 actor        86.54        94.74        90.45           95
2025-11-26 12:55:37,994 [MainThread  ] [INFO ]              activity        87.06        92.50        89.70           80
2025-11-26 12:55:37,994 [MainThread  ] [INFO ]           xor gateway        71.43        71.43        71.43           14
2025-11-26 12:55:37,994 [MainThread  ] [INFO ]  further specification       100.00        22.22        36.36            9
2025-11-26 12:55:37,994 [MainThread  ] [INFO ]         activity data        72.94        84.93        78.48           73
2025-11-26 12:55:37,994 [MainThread  ] [INFO ]  
2025-11-26 12:55:37,994 [MainThread  ] [INFO ]                 micro        81.85        85.97        83.86          278
2025-11-26 12:55:37,994 [MainThread  ] [INFO ]                 macro        77.99        63.35        64.77          278
2025-11-26 12:55:37,994 [MainThread  ] [INFO ]  
2025-11-26 12:55:37,994 [MainThread  ] [INFO ]  --- NER on Localization ---
2025-11-26 12:55:37,994 [MainThread  ] [INFO ]  
2025-11-26 12:55:37,997 [MainThread  ] [INFO ]                  type    precision       recall     f1-score      support
2025-11-26 12:55:37,997 [MainThread  ] [INFO ]                Entity        82.19        86.33        84.21          278
2025-11-26 12:55:37,998 [MainThread  ] [INFO ]  
2025-11-26 12:55:37,998 [MainThread  ] [INFO ]                 micro        82.19        86.33        84.21          278
2025-11-26 12:55:37,998 [MainThread  ] [INFO ]                 macro        82.19        86.33        84.21          278
2025-11-26 12:55:37,998 [MainThread  ] [INFO ]  
2025-11-26 12:55:37,998 [MainThread  ] [INFO ]  --- NER on Classification ---
2025-11-26 12:55:37,998 [MainThread  ] [INFO ]  
2025-11-26 12:55:38,000 [MainThread  ] [INFO ]                  type    precision       recall     f1-score      support
2025-11-26 12:55:38,001 [MainThread  ] [INFO ]  condition specification       100.00        14.29        25.00            7
2025-11-26 12:55:38,001 [MainThread  ] [INFO ]                 actor       100.00        94.74        97.30           95
2025-11-26 12:55:38,001 [MainThread  ] [INFO ]              activity       100.00        92.50        96.10           80
2025-11-26 12:55:38,001 [MainThread  ] [INFO ]           xor gateway       100.00        71.43        83.33           14
2025-11-26 12:55:38,001 [MainThread  ] [INFO ]  further specification       100.00        22.22        36.36            9
2025-11-26 12:55:38,001 [MainThread  ] [INFO ]         activity data        98.41        84.93        91.18           73
2025-11-26 12:55:38,001 [MainThread  ] [INFO ]  
2025-11-26 12:55:38,001 [MainThread  ] [INFO ]                 micro        99.58        85.97        92.28          278
2025-11-26 12:55:38,001 [MainThread  ] [INFO ]                 macro        99.74        63.35        71.55          278
2025-11-26 12:55:38,398 [MainThread  ] [INFO ]  Logged in: data/eval/fine-tune/43/fine-tune-43/2025-11-26_12:55:18.636020
