2025-11-24 08:30:45,670 [MainThread  ] [INFO ]  {
    "boundary_threshold": 0.0,
    "cache_path": null,
    "char_lstm_drop": 0.2,
    "char_lstm_layers": 1,
    "char_size": 50,
    "cls_threshold": 0.0,
    "config": "configs/temp_eval.conf",
    "cpu": false,
    "dataset_path": "data/datasets/full/46/test.json",
    "debug": false,
    "device_id": 0,
    "entity_aware_attention": false,
    "entity_aware_intermediate": false,
    "entity_aware_output": false,
    "entity_aware_selfout": false,
    "entity_emb_size": null,
    "entity_queries_num": 60,
    "eval_batch_size": 8,
    "example_count": null,
    "freeze_transformer": false,
    "inlcude_subword_aux_loss": false,
    "label": "full-46",
    "last_layer_for_loss": 3,
    "local_rank": -1,
    "log_path": "data/eval/full/46",
    "lowercase": false,
    "lstm_layers": 2,
    "mask_ent2ent": true,
    "mask_ent2tok": true,
    "mask_entself": true,
    "mask_tok2ent": false,
    "model_path": "data/checkpoints/full/46/full-46/2025-11-23_23:28:31.742679/best_model",
    "model_type": "piqn",
    "no_duplicate": true,
    "no_overlapping": true,
    "no_partial_overlapping": true,
    "num_token_entity_encoderlayer": 5,
    "pool_type": "max",
    "pos_size": 25,
    "prop_drop": 0.5,
    "repeat_gt_entities": -1,
    "sampling_processes": 4,
    "seed": 46,
    "share_query_pos": true,
    "split_epoch": 0,
    "store_examples": true,
    "store_predictions": true,
    "tokenizer_path": "data/checkpoints/full/46/full-46/2025-11-23_23:28:31.742679/best_model",
    "types_path": "data/datasets/full/46/types.json",
    "use_aux_loss": false,
    "use_char_lstm": false,
    "use_entity_attention": true,
    "use_entity_common_embedding": true,
    "use_entity_pos": true,
    "use_glove": false,
    "use_lstm": true,
    "use_masked_lm": false,
    "use_pos": false,
    "use_token_level_encoder": true,
    "word_mask_ent2ent": true,
    "word_mask_ent2tok": true,
    "word_mask_entself": true,
    "word_mask_tok2ent": false,
    "wordvec_path": "../glove/glove.6B.100d.txt",
    "world_size": -1
}
2025-11-24 08:30:45,670 [MainThread  ] [INFO ]  Dataset: data/datasets/full/46/test.json
2025-11-24 08:30:45,670 [MainThread  ] [INFO ]  Model: piqn
2025-11-24 08:30:45,996 [MainThread  ] [INFO ]  Entity type count: 8
2025-11-24 08:30:45,996 [MainThread  ] [INFO ]  Entities:
2025-11-24 08:30:45,996 [MainThread  ] [INFO ]  No Entity=0
2025-11-24 08:30:45,996 [MainThread  ] [INFO ]  actor=1
2025-11-24 08:30:45,996 [MainThread  ] [INFO ]  xor gateway=2
2025-11-24 08:30:45,996 [MainThread  ] [INFO ]  activity=3
2025-11-24 08:30:45,996 [MainThread  ] [INFO ]  further specification=4
2025-11-24 08:30:45,997 [MainThread  ] [INFO ]  activity data=5
2025-11-24 08:30:45,997 [MainThread  ] [INFO ]  condition specification=6
2025-11-24 08:30:45,997 [MainThread  ] [INFO ]  and gateway=7
2025-11-24 08:30:45,997 [MainThread  ] [INFO ]  Dataset: test
2025-11-24 08:30:45,997 [MainThread  ] [INFO ]  Document count: 86
2025-11-24 08:30:45,997 [MainThread  ] [INFO ]  Entity count: 345
2025-11-24 08:30:45,997 [MainThread  ] [INFO ]  Context size: 114
2025-11-24 08:30:48,807 [MainThread  ] [INFO ]  Model Parameters Number: 167500042
2025-11-24 08:30:51,980 [MainThread  ] [INFO ]  Evaluate: test
2025-11-24 08:31:06,115 [MainThread  ] [INFO ]  Evaluation
2025-11-24 08:31:06,115 [MainThread  ] [INFO ]  
2025-11-24 08:31:06,115 [MainThread  ] [INFO ]  --- NER ---
2025-11-24 08:31:06,115 [MainThread  ] [INFO ]  
2025-11-24 08:31:06,121 [MainThread  ] [INFO ]                  type    precision       recall     f1-score      support
2025-11-24 08:31:06,121 [MainThread  ] [INFO ]  condition specification        57.89        57.89        57.89           19
2025-11-24 08:31:06,121 [MainThread  ] [INFO ]           and gateway       100.00       100.00       100.00            1
2025-11-24 08:31:06,121 [MainThread  ] [INFO ]           xor gateway        93.33        50.00        65.12           28
2025-11-24 08:31:06,121 [MainThread  ] [INFO ]  further specification        37.50        50.00        42.86            6
2025-11-24 08:31:06,121 [MainThread  ] [INFO ]                 actor        82.50        65.35        72.93          101
2025-11-24 08:31:06,121 [MainThread  ] [INFO ]              activity        86.92        93.94        90.29           99
2025-11-24 08:31:06,121 [MainThread  ] [INFO ]         activity data        53.85        69.23        60.58           91
2025-11-24 08:31:06,121 [MainThread  ] [INFO ]  
2025-11-24 08:31:06,121 [MainThread  ] [INFO ]                 micro        72.33        72.75        72.54          345
2025-11-24 08:31:06,121 [MainThread  ] [INFO ]                 macro        73.14        69.49        69.95          345
2025-11-24 08:31:06,121 [MainThread  ] [INFO ]  
2025-11-24 08:31:06,121 [MainThread  ] [INFO ]  --- NER on Localization ---
2025-11-24 08:31:06,121 [MainThread  ] [INFO ]  
2025-11-24 08:31:06,125 [MainThread  ] [INFO ]                  type    precision       recall     f1-score      support
2025-11-24 08:31:06,125 [MainThread  ] [INFO ]                Entity        76.08        76.52        76.30          345
2025-11-24 08:31:06,125 [MainThread  ] [INFO ]  
2025-11-24 08:31:06,125 [MainThread  ] [INFO ]                 micro        76.08        76.52        76.30          345
2025-11-24 08:31:06,125 [MainThread  ] [INFO ]                 macro        76.08        76.52        76.30          345
2025-11-24 08:31:06,125 [MainThread  ] [INFO ]  
2025-11-24 08:31:06,125 [MainThread  ] [INFO ]  --- NER on Classification ---
2025-11-24 08:31:06,125 [MainThread  ] [INFO ]  
2025-11-24 08:31:06,128 [MainThread  ] [INFO ]                  type    precision       recall     f1-score      support
2025-11-24 08:31:06,128 [MainThread  ] [INFO ]  condition specification       100.00        57.89        73.33           19
2025-11-24 08:31:06,128 [MainThread  ] [INFO ]           and gateway       100.00       100.00       100.00            1
2025-11-24 08:31:06,128 [MainThread  ] [INFO ]           xor gateway       100.00        50.00        66.67           28
2025-11-24 08:31:06,129 [MainThread  ] [INFO ]  further specification       100.00        50.00        66.67            6
2025-11-24 08:31:06,129 [MainThread  ] [INFO ]                 actor       100.00        65.35        79.04          101
2025-11-24 08:31:06,129 [MainThread  ] [INFO ]              activity        98.94        93.94        96.37           99
2025-11-24 08:31:06,129 [MainThread  ] [INFO ]         activity data        84.00        69.23        75.90           91
2025-11-24 08:31:06,129 [MainThread  ] [INFO ]  
2025-11-24 08:31:06,129 [MainThread  ] [INFO ]                 micro        95.08        72.75        82.43          345
2025-11-24 08:31:06,129 [MainThread  ] [INFO ]                 macro        97.56        69.49        79.71          345
2025-11-24 08:31:06,700 [MainThread  ] [INFO ]  Logged in: data/eval/full/46/full-46/2025-11-24_08:30:45.633678
