2025-11-27 07:58:46,344 Reading data from data/datasets/pet/42
2025-11-27 07:58:46,344 Train: data/datasets/pet/42/train.txt
2025-11-27 07:58:46,344 Dev: data/datasets/pet/42/dev.txt
2025-11-27 07:58:46,344 Test: data/datasets/pet/42/test.txt
2025-11-27 07:58:46,449 {b'<unk>': 0, b'O': 1, b'B-activity_data': 2, b'I-activity_data': 3, b'E-activity_data': 4, b'S-activity': 5, b'B-activity': 6, b'I-activity': 7, b'E-activity': 8, b'B-actor': 9, b'I-actor': 10, b'E-actor': 11, b'S-xor_gateway': 12, b'B-condition_specification': 13, b'I-condition_specification': 14, b'E-condition_specification': 15, b'S-activity_data': 16, b'S-condition_specification': 17, b'B-further_specification': 18, b'I-further_specification': 19, b'E-further_specification': 20, b'B-and_gateway': 21, b'I-and_gateway': 22, b'E-and_gateway': 23, b'S-and_gateway': 24, b'S-actor': 25, b'B-xor_gateway': 26, b'I-xor_gateway': 27, b'E-xor_gateway': 28, b'S-further_specification': 29, b'<START>': 30, b'<STOP>': 31}
2025-11-27 07:58:46,449 Corpus: 319 train + 46 dev + 97 test sentences
2025-11-27 07:59:37,452 Model Size: 1841603381
Corpus: 319 train + 46 dev + 97 test sentences
2025-11-27 07:59:37,454 ----------------------------------------------------------------------------------------------------
2025-11-27 07:59:40,556 loading file data/resources/taggers/no_hints/42/best-model.pt
2025-11-27 08:00:04,342 Testing using best model ...
2025-11-27 08:00:04,344 Setting embedding mask to the best action: tensor([1., 0., 1., 0., 1., 1., 0., 1., 1., 1., 1., 0., 0.], device='cuda:0')
['/home/ai4-admin/.flair/embeddings/lm-jw300-backward-v0.1.pt', '/home/ai4-admin/.flair/embeddings/lm-jw300-forward-v0.1.pt', '/home/ai4-admin/.flair/embeddings/news-backward-0.4.1.pt', '/home/ai4-admin/.flair/embeddings/news-forward-0.4.1.pt', 'Char', 'Word: en', 'Word: glove', 'bert-base-cased', 'bert-base-multilingual-cased', 'bert-large-cased', 'elmo-original', 'xlm-roberta-large-finetuned-conll03-english', 'xlnet-large-cased']
2025-11-27 08:00:05,031 /home/ai4-admin/.flair/embeddings/lm-jw300-backward-v0.1.pt 43087046
2025-11-27 08:00:05,491 /home/ai4-admin/.flair/embeddings/lm-jw300-forward-v0.1.pt 43087046
2025-11-27 08:00:05,492 /home/ai4-admin/.flair/embeddings/lm-jw300-forward-v0.1.pt is not selected, Skipping
2025-11-27 08:00:05,492 /home/ai4-admin/.flair/embeddings/news-backward-0.4.1.pt 18257500
2025-11-27 08:00:05,732 /home/ai4-admin/.flair/embeddings/news-forward-0.4.1.pt 18257500
2025-11-27 08:00:05,732 /home/ai4-admin/.flair/embeddings/news-forward-0.4.1.pt is not selected, Skipping
2025-11-27 08:00:05,737 bert-base-cased 108310272
2025-11-27 08:00:05,737 mean
2025-11-27 08:00:06,554 bert-base-multilingual-cased 177853440
2025-11-27 08:00:06,554 mean
2025-11-27 08:00:07,768 bert-large-cased 333579264
2025-11-27 08:00:07,768 mean
2025-11-27 08:00:09,706 elmo-original 0
2025-11-27 08:00:10,373 xlm-roberta-large-finetuned-conll03-english 559890432
2025-11-27 08:00:10,373 mean
2025-11-27 08:00:10,373 xlm-roberta-large-finetuned-conll03-english is not selected, Skipping
2025-11-27 08:00:10,376 xlnet-large-cased 360268800
2025-11-27 08:00:10,376 first
2025-11-27 08:00:10,377 xlnet-large-cased is not selected, Skipping
2025-11-27 08:00:10,377 Finished Embeddings Assignments
prediction_mode: True, embedding_selector: True, use_rl: True, use_gumbel: False
prediction_mode: True, embedding_selector: True, use_rl: True, use_gumbel: False
prediction_mode: True, embedding_selector: True, use_rl: True, use_gumbel: False
prediction_mode: True, embedding_selector: True, use_rl: True, use_gumbel: False
2025-11-27 08:00:10,752 4/4
2025-11-27 08:00:10,753 0.625	0.7325	0.6745
2025-11-27 08:00:10,753 
MICRO_AVG: acc 0.5088 - f1-score 0.6745
MACRO_AVG: acc 0.547 - f1-score 0.6795142857142856
activity   tp: 81 - fp: 25 - fn: 13 - tn: 81 - precision: 0.7642 - recall: 0.8617 - accuracy: 0.6807 - f1-score: 0.8100
activity_data tp: 62 - fp: 81 - fn: 20 - tn: 62 - precision: 0.4336 - recall: 0.7561 - accuracy: 0.3804 - f1-score: 0.5511
actor      tp: 56 - fp: 17 - fn: 21 - tn: 56 - precision: 0.7671 - recall: 0.7273 - accuracy: 0.5957 - f1-score: 0.7467
and_gateway tp: 1 - fp: 0 - fn: 0 - tn: 1 - precision: 1.0000 - recall: 1.0000 - accuracy: 1.0000 - f1-score: 1.0000
condition_specification tp: 10 - fp: 2 - fn: 10 - tn: 10 - precision: 0.8333 - recall: 0.5000 - accuracy: 0.4545 - f1-score: 0.6250
further_specification tp: 5 - fp: 10 - fn: 8 - tn: 5 - precision: 0.3333 - recall: 0.3846 - accuracy: 0.2174 - f1-score: 0.3571
xor_gateway tp: 15 - fp: 3 - fn: 12 - tn: 15 - precision: 0.8333 - recall: 0.5556 - accuracy: 0.5000 - f1-score: 0.6667
2025-11-27 08:00:10,753 ----------------------------------------------------------------------------------------------------
2025-11-27 08:00:10,753 ----------------------------------------------------------------------------------------------------
2025-11-27 08:00:10,753 current corpus: ColumnCorpus-Pet_1
2025-11-27 08:00:10,778 /home/ai4-admin/.flair/embeddings/lm-jw300-backward-v0.1.pt 43087046
2025-11-27 08:00:10,981 /home/ai4-admin/.flair/embeddings/lm-jw300-forward-v0.1.pt 43087046
2025-11-27 08:00:10,981 /home/ai4-admin/.flair/embeddings/lm-jw300-forward-v0.1.pt is not selected, Skipping
2025-11-27 08:00:10,981 /home/ai4-admin/.flair/embeddings/news-backward-0.4.1.pt 18257500
2025-11-27 08:00:11,058 /home/ai4-admin/.flair/embeddings/news-forward-0.4.1.pt 18257500
2025-11-27 08:00:11,058 /home/ai4-admin/.flair/embeddings/news-forward-0.4.1.pt is not selected, Skipping
2025-11-27 08:00:11,060 bert-base-cased 108310272
2025-11-27 08:00:11,060 mean
2025-11-27 08:00:11,256 bert-base-multilingual-cased 177853440
2025-11-27 08:00:11,256 mean
2025-11-27 08:00:11,843 bert-large-cased 333579264
2025-11-27 08:00:11,844 mean
2025-11-27 08:00:12,353 elmo-original 0
2025-11-27 08:00:12,685 xlm-roberta-large-finetuned-conll03-english 559890432
2025-11-27 08:00:12,685 mean
2025-11-27 08:00:12,685 xlm-roberta-large-finetuned-conll03-english is not selected, Skipping
2025-11-27 08:00:12,689 xlnet-large-cased 360268800
2025-11-27 08:00:12,689 first
2025-11-27 08:00:12,689 xlnet-large-cased is not selected, Skipping
2025-11-27 08:00:12,689 Finished Embeddings Assignments
prediction_mode: True, embedding_selector: True, use_rl: True, use_gumbel: False
prediction_mode: True, embedding_selector: True, use_rl: True, use_gumbel: False
prediction_mode: True, embedding_selector: True, use_rl: True, use_gumbel: False
prediction_mode: True, embedding_selector: True, use_rl: True, use_gumbel: False
2025-11-27 08:00:13,077 4/4
2025-11-27 08:00:13,078 0.6277	0.7357	0.6774
2025-11-27 08:00:13,078 
MICRO_AVG: acc 0.5122 - f1-score 0.6774
MACRO_AVG: acc 0.549 - f1-score 0.6809428571428571
activity   tp: 82 - fp: 24 - fn: 12 - tn: 82 - precision: 0.7736 - recall: 0.8723 - accuracy: 0.6949 - f1-score: 0.8200
activity_data tp: 62 - fp: 81 - fn: 20 - tn: 62 - precision: 0.4336 - recall: 0.7561 - accuracy: 0.3804 - f1-score: 0.5511
actor      tp: 56 - fp: 17 - fn: 21 - tn: 56 - precision: 0.7671 - recall: 0.7273 - accuracy: 0.5957 - f1-score: 0.7467
and_gateway tp: 1 - fp: 0 - fn: 0 - tn: 1 - precision: 1.0000 - recall: 1.0000 - accuracy: 1.0000 - f1-score: 1.0000
condition_specification tp: 10 - fp: 2 - fn: 10 - tn: 10 - precision: 0.8333 - recall: 0.5000 - accuracy: 0.4545 - f1-score: 0.6250
further_specification tp: 5 - fp: 10 - fn: 8 - tn: 5 - precision: 0.3333 - recall: 0.3846 - accuracy: 0.2174 - f1-score: 0.3571
xor_gateway tp: 15 - fp: 3 - fn: 12 - tn: 15 - precision: 0.8333 - recall: 0.5556 - accuracy: 0.5000 - f1-score: 0.6667

