2025-11-26 12:56:12,477 [MainThread  ] [INFO ]  {
    "boundary_threshold": 0.0,
    "cache_path": null,
    "char_lstm_drop": 0.2,
    "char_lstm_layers": 1,
    "char_size": 50,
    "cls_threshold": 0.0,
    "config": "configs/temp_eval.conf",
    "cpu": false,
    "dataset_path": "data/datasets/pet/45/test.json",
    "debug": false,
    "device_id": 0,
    "entity_aware_attention": false,
    "entity_aware_intermediate": false,
    "entity_aware_output": false,
    "entity_aware_selfout": false,
    "entity_emb_size": null,
    "entity_queries_num": 60,
    "eval_batch_size": 8,
    "example_count": null,
    "freeze_transformer": false,
    "inlcude_subword_aux_loss": false,
    "label": "fine-tune-45",
    "last_layer_for_loss": 3,
    "local_rank": -1,
    "log_path": "data/eval/fine-tune/45",
    "lowercase": false,
    "lstm_layers": 2,
    "mask_ent2ent": true,
    "mask_ent2tok": true,
    "mask_entself": true,
    "mask_tok2ent": false,
    "model_path": "data/checkpoints/fine-tune/45/fine-tune-45/2025-11-26_09:40:16.894350/best_model",
    "model_type": "piqn",
    "no_duplicate": true,
    "no_overlapping": true,
    "no_partial_overlapping": true,
    "num_token_entity_encoderlayer": 5,
    "pool_type": "max",
    "pos_size": 25,
    "prop_drop": 0.5,
    "repeat_gt_entities": -1,
    "sampling_processes": 4,
    "seed": 45,
    "share_query_pos": true,
    "split_epoch": 0,
    "store_examples": true,
    "store_predictions": true,
    "tokenizer_path": "data/checkpoints/fine-tune/45/fine-tune-45/2025-11-26_09:40:16.894350/best_model",
    "types_path": "data/datasets/pet/45/types.json",
    "use_aux_loss": false,
    "use_char_lstm": false,
    "use_entity_attention": true,
    "use_entity_common_embedding": true,
    "use_entity_pos": true,
    "use_glove": false,
    "use_lstm": true,
    "use_masked_lm": false,
    "use_pos": false,
    "use_token_level_encoder": true,
    "word_mask_ent2ent": true,
    "word_mask_ent2tok": true,
    "word_mask_entself": true,
    "word_mask_tok2ent": false,
    "wordvec_path": "../glove/glove.6B.100d.txt",
    "world_size": -1
}
2025-11-26 12:56:12,477 [MainThread  ] [INFO ]  Dataset: data/datasets/pet/45/test.json
2025-11-26 12:56:12,477 [MainThread  ] [INFO ]  Model: piqn
2025-11-26 12:56:12,844 [MainThread  ] [INFO ]  Entity type count: 8
2025-11-26 12:56:12,844 [MainThread  ] [INFO ]  Entities:
2025-11-26 12:56:12,844 [MainThread  ] [INFO ]  No Entity=0
2025-11-26 12:56:12,844 [MainThread  ] [INFO ]  activity data=1
2025-11-26 12:56:12,844 [MainThread  ] [INFO ]  activity=2
2025-11-26 12:56:12,844 [MainThread  ] [INFO ]  xor gateway=3
2025-11-26 12:56:12,844 [MainThread  ] [INFO ]  condition specification=4
2025-11-26 12:56:12,844 [MainThread  ] [INFO ]  further specification=5
2025-11-26 12:56:12,844 [MainThread  ] [INFO ]  actor=6
2025-11-26 12:56:12,844 [MainThread  ] [INFO ]  and gateway=7
2025-11-26 12:56:12,844 [MainThread  ] [INFO ]  Dataset: test
2025-11-26 12:56:12,844 [MainThread  ] [INFO ]  Document count: 92
2025-11-26 12:56:12,844 [MainThread  ] [INFO ]  Entity count: 348
2025-11-26 12:56:12,844 [MainThread  ] [INFO ]  Context size: 111
2025-11-26 12:56:15,773 [MainThread  ] [INFO ]  Model Parameters Number: 167500042
2025-11-26 12:56:19,120 [MainThread  ] [INFO ]  Evaluate: test
2025-11-26 12:56:33,842 [MainThread  ] [INFO ]  Evaluation
2025-11-26 12:56:33,843 [MainThread  ] [INFO ]  
2025-11-26 12:56:33,843 [MainThread  ] [INFO ]  --- NER ---
2025-11-26 12:56:33,843 [MainThread  ] [INFO ]  
2025-11-26 12:56:33,848 [MainThread  ] [INFO ]                  type    precision       recall     f1-score      support
2025-11-26 12:56:33,848 [MainThread  ] [INFO ]                 actor        77.23        93.98        84.78           83
2025-11-26 12:56:33,848 [MainThread  ] [INFO ]         activity data        70.64        75.49        72.99          102
2025-11-26 12:56:33,848 [MainThread  ] [INFO ]  further specification        28.57        40.00        33.33           10
2025-11-26 12:56:33,848 [MainThread  ] [INFO ]  condition specification        84.21        88.89        86.49           18
2025-11-26 12:56:33,848 [MainThread  ] [INFO ]              activity        80.99        89.09        84.85          110
2025-11-26 12:56:33,848 [MainThread  ] [INFO ]           and gateway       100.00        66.67        80.00            3
2025-11-26 12:56:33,848 [MainThread  ] [INFO ]           xor gateway        64.29        81.82        72.00           22
2025-11-26 12:56:33,848 [MainThread  ] [INFO ]  
2025-11-26 12:56:33,848 [MainThread  ] [INFO ]                 micro        74.37        84.20        78.98          348
2025-11-26 12:56:33,849 [MainThread  ] [INFO ]                 macro        72.28        76.56        73.49          348
2025-11-26 12:56:33,849 [MainThread  ] [INFO ]  
2025-11-26 12:56:33,849 [MainThread  ] [INFO ]  --- NER on Localization ---
2025-11-26 12:56:33,849 [MainThread  ] [INFO ]  
2025-11-26 12:56:33,854 [MainThread  ] [INFO ]                  type    precision       recall     f1-score      support
2025-11-26 12:56:33,854 [MainThread  ] [INFO ]                Entity        74.37        84.20        78.98          348
2025-11-26 12:56:33,854 [MainThread  ] [INFO ]  
2025-11-26 12:56:33,854 [MainThread  ] [INFO ]                 micro        74.37        84.20        78.98          348
2025-11-26 12:56:33,854 [MainThread  ] [INFO ]                 macro        74.37        84.20        78.98          348
2025-11-26 12:56:33,854 [MainThread  ] [INFO ]  
2025-11-26 12:56:33,854 [MainThread  ] [INFO ]  --- NER on Classification ---
2025-11-26 12:56:33,855 [MainThread  ] [INFO ]  
2025-11-26 12:56:33,858 [MainThread  ] [INFO ]                  type    precision       recall     f1-score      support
2025-11-26 12:56:33,858 [MainThread  ] [INFO ]                 actor       100.00        93.98        96.89           83
2025-11-26 12:56:33,858 [MainThread  ] [INFO ]         activity data       100.00        75.49        86.03          102
2025-11-26 12:56:33,858 [MainThread  ] [INFO ]  further specification       100.00        40.00        57.14           10
2025-11-26 12:56:33,858 [MainThread  ] [INFO ]  condition specification       100.00        88.89        94.12           18
2025-11-26 12:56:33,858 [MainThread  ] [INFO ]              activity       100.00        89.09        94.23          110
2025-11-26 12:56:33,858 [MainThread  ] [INFO ]           and gateway       100.00        66.67        80.00            3
2025-11-26 12:56:33,858 [MainThread  ] [INFO ]           xor gateway       100.00        81.82        90.00           22
2025-11-26 12:56:33,858 [MainThread  ] [INFO ]  
2025-11-26 12:56:33,858 [MainThread  ] [INFO ]                 micro       100.00        84.20        91.42          348
2025-11-26 12:56:33,858 [MainThread  ] [INFO ]                 macro       100.00        76.56        85.49          348
2025-11-26 12:56:34,459 [MainThread  ] [INFO ]  Logged in: data/eval/fine-tune/45/fine-tune-45/2025-11-26_12:56:12.437194
