2025-11-24 08:28:54,054 [MainThread  ] [INFO ]  {
    "boundary_threshold": 0.0,
    "cache_path": null,
    "char_lstm_drop": 0.2,
    "char_lstm_layers": 1,
    "char_size": 50,
    "cls_threshold": 0.0,
    "config": "configs/temp_eval.conf",
    "cpu": false,
    "dataset_path": "data/datasets/full/42/test.json",
    "debug": false,
    "device_id": 0,
    "entity_aware_attention": false,
    "entity_aware_intermediate": false,
    "entity_aware_output": false,
    "entity_aware_selfout": false,
    "entity_emb_size": null,
    "entity_queries_num": 60,
    "eval_batch_size": 8,
    "example_count": null,
    "freeze_transformer": false,
    "inlcude_subword_aux_loss": false,
    "label": "full-42",
    "last_layer_for_loss": 3,
    "local_rank": -1,
    "log_path": "data/eval/full/42",
    "lowercase": false,
    "lstm_layers": 2,
    "mask_ent2ent": true,
    "mask_ent2tok": true,
    "mask_entself": true,
    "mask_tok2ent": false,
    "model_path": "data/checkpoints/full/42/full-42/2025-11-22_19:23:19.106505/best_model",
    "model_type": "piqn",
    "no_duplicate": true,
    "no_overlapping": true,
    "no_partial_overlapping": true,
    "num_token_entity_encoderlayer": 5,
    "pool_type": "max",
    "pos_size": 25,
    "prop_drop": 0.5,
    "repeat_gt_entities": -1,
    "sampling_processes": 4,
    "seed": 42,
    "share_query_pos": true,
    "split_epoch": 0,
    "store_examples": true,
    "store_predictions": true,
    "tokenizer_path": "data/checkpoints/full/42/full-42/2025-11-22_19:23:19.106505/best_model",
    "types_path": "data/datasets/full/42/types.json",
    "use_aux_loss": false,
    "use_char_lstm": false,
    "use_entity_attention": true,
    "use_entity_common_embedding": true,
    "use_entity_pos": true,
    "use_glove": false,
    "use_lstm": true,
    "use_masked_lm": false,
    "use_pos": false,
    "use_token_level_encoder": true,
    "word_mask_ent2ent": true,
    "word_mask_ent2tok": true,
    "word_mask_entself": true,
    "word_mask_tok2ent": false,
    "wordvec_path": "../glove/glove.6B.100d.txt",
    "world_size": -1
}
2025-11-24 08:28:54,054 [MainThread  ] [INFO ]  Dataset: data/datasets/full/42/test.json
2025-11-24 08:28:54,055 [MainThread  ] [INFO ]  Model: piqn
2025-11-24 08:28:54,396 [MainThread  ] [INFO ]  Entity type count: 8
2025-11-24 08:28:54,397 [MainThread  ] [INFO ]  Entities:
2025-11-24 08:28:54,397 [MainThread  ] [INFO ]  No Entity=0
2025-11-24 08:28:54,397 [MainThread  ] [INFO ]  actor=1
2025-11-24 08:28:54,397 [MainThread  ] [INFO ]  activity=2
2025-11-24 08:28:54,397 [MainThread  ] [INFO ]  activity data=3
2025-11-24 08:28:54,397 [MainThread  ] [INFO ]  xor gateway=4
2025-11-24 08:28:54,397 [MainThread  ] [INFO ]  condition specification=5
2025-11-24 08:28:54,397 [MainThread  ] [INFO ]  further specification=6
2025-11-24 08:28:54,397 [MainThread  ] [INFO ]  and gateway=7
2025-11-24 08:28:54,397 [MainThread  ] [INFO ]  Dataset: test
2025-11-24 08:28:54,397 [MainThread  ] [INFO ]  Document count: 88
2025-11-24 08:28:54,397 [MainThread  ] [INFO ]  Entity count: 314
2025-11-24 08:28:54,397 [MainThread  ] [INFO ]  Context size: 114
2025-11-24 08:28:58,642 [MainThread  ] [INFO ]  Model Parameters Number: 167500042
2025-11-24 08:29:01,831 [MainThread  ] [INFO ]  Evaluate: test
2025-11-24 08:29:15,723 [MainThread  ] [INFO ]  Evaluation
2025-11-24 08:29:15,723 [MainThread  ] [INFO ]  
2025-11-24 08:29:15,723 [MainThread  ] [INFO ]  --- NER ---
2025-11-24 08:29:15,723 [MainThread  ] [INFO ]  
2025-11-24 08:29:15,728 [MainThread  ] [INFO ]                  type    precision       recall     f1-score      support
2025-11-24 08:29:15,728 [MainThread  ] [INFO ]              activity        80.20        86.17        83.08           94
2025-11-24 08:29:15,728 [MainThread  ] [INFO ]                 actor        81.97        64.94        72.46           77
2025-11-24 08:29:15,728 [MainThread  ] [INFO ]         activity data        52.99        75.61        62.31           82
2025-11-24 08:29:15,728 [MainThread  ] [INFO ]           xor gateway        72.73        59.26        65.31           27
2025-11-24 08:29:15,728 [MainThread  ] [INFO ]  condition specification        56.00        70.00        62.22           20
2025-11-24 08:29:15,728 [MainThread  ] [INFO ]           and gateway       100.00       100.00       100.00            1
2025-11-24 08:29:15,728 [MainThread  ] [INFO ]  further specification        29.41        38.46        33.33           13
2025-11-24 08:29:15,728 [MainThread  ] [INFO ]  
2025-11-24 08:29:15,728 [MainThread  ] [INFO ]                 micro        66.57        72.93        69.60          314
2025-11-24 08:29:15,729 [MainThread  ] [INFO ]                 macro        67.61        70.63        68.39          314
2025-11-24 08:29:15,729 [MainThread  ] [INFO ]  
2025-11-24 08:29:15,729 [MainThread  ] [INFO ]  --- NER on Localization ---
2025-11-24 08:29:15,729 [MainThread  ] [INFO ]  
2025-11-24 08:29:15,732 [MainThread  ] [INFO ]                  type    precision       recall     f1-score      support
2025-11-24 08:29:15,732 [MainThread  ] [INFO ]                Entity        68.60        75.16        71.73          314
2025-11-24 08:29:15,732 [MainThread  ] [INFO ]  
2025-11-24 08:29:15,732 [MainThread  ] [INFO ]                 micro        68.60        75.16        71.73          314
2025-11-24 08:29:15,732 [MainThread  ] [INFO ]                 macro        68.60        75.16        71.73          314
2025-11-24 08:29:15,733 [MainThread  ] [INFO ]  
2025-11-24 08:29:15,733 [MainThread  ] [INFO ]  --- NER on Classification ---
2025-11-24 08:29:15,733 [MainThread  ] [INFO ]  
2025-11-24 08:29:15,736 [MainThread  ] [INFO ]                  type    precision       recall     f1-score      support
2025-11-24 08:29:15,736 [MainThread  ] [INFO ]              activity       100.00        86.17        92.57           94
2025-11-24 08:29:15,736 [MainThread  ] [INFO ]                 actor       100.00        64.94        78.74           77
2025-11-24 08:29:15,736 [MainThread  ] [INFO ]         activity data        89.86        75.61        82.12           82
2025-11-24 08:29:15,736 [MainThread  ] [INFO ]           xor gateway       100.00        59.26        74.42           27
2025-11-24 08:29:15,736 [MainThread  ] [INFO ]  condition specification       100.00        70.00        82.35           20
2025-11-24 08:29:15,736 [MainThread  ] [INFO ]           and gateway       100.00       100.00       100.00            1
2025-11-24 08:29:15,736 [MainThread  ] [INFO ]  further specification       100.00        38.46        55.56           13
2025-11-24 08:29:15,736 [MainThread  ] [INFO ]  
2025-11-24 08:29:15,736 [MainThread  ] [INFO ]                 micro        97.03        72.93        83.27          314
2025-11-24 08:29:15,736 [MainThread  ] [INFO ]                 macro        98.55        70.63        80.82          314
2025-11-24 08:29:16,334 [MainThread  ] [INFO ]  Logged in: data/eval/full/42/full-42/2025-11-24_08:28:54.016010
