2025-11-26 12:54:51,532 [MainThread  ] [INFO ]  {
    "boundary_threshold": 0.0,
    "cache_path": null,
    "char_lstm_drop": 0.2,
    "char_lstm_layers": 1,
    "char_size": 50,
    "cls_threshold": 0.0,
    "config": "configs/temp_eval.conf",
    "cpu": false,
    "dataset_path": "data/datasets/pet/42/test.json",
    "debug": false,
    "device_id": 0,
    "entity_aware_attention": false,
    "entity_aware_intermediate": false,
    "entity_aware_output": false,
    "entity_aware_selfout": false,
    "entity_emb_size": null,
    "entity_queries_num": 60,
    "eval_batch_size": 8,
    "example_count": null,
    "freeze_transformer": false,
    "inlcude_subword_aux_loss": false,
    "label": "fine-tune-42",
    "last_layer_for_loss": 3,
    "local_rank": -1,
    "log_path": "data/eval/fine-tune/42",
    "lowercase": false,
    "lstm_layers": 2,
    "mask_ent2ent": true,
    "mask_ent2tok": true,
    "mask_entself": true,
    "mask_tok2ent": false,
    "model_path": "data/checkpoints/fine-tune/42/fine-tune-42/2025-11-26_09:02:15.672883/best_model",
    "model_type": "piqn",
    "no_duplicate": true,
    "no_overlapping": true,
    "no_partial_overlapping": true,
    "num_token_entity_encoderlayer": 5,
    "pool_type": "max",
    "pos_size": 25,
    "prop_drop": 0.5,
    "repeat_gt_entities": -1,
    "sampling_processes": 4,
    "seed": 42,
    "share_query_pos": true,
    "split_epoch": 0,
    "store_examples": true,
    "store_predictions": true,
    "tokenizer_path": "data/checkpoints/fine-tune/42/fine-tune-42/2025-11-26_09:02:15.672883/best_model",
    "types_path": "data/datasets/pet/42/types.json",
    "use_aux_loss": false,
    "use_char_lstm": false,
    "use_entity_attention": true,
    "use_entity_common_embedding": true,
    "use_entity_pos": true,
    "use_glove": false,
    "use_lstm": true,
    "use_masked_lm": false,
    "use_pos": false,
    "use_token_level_encoder": true,
    "word_mask_ent2ent": true,
    "word_mask_ent2tok": true,
    "word_mask_entself": true,
    "word_mask_tok2ent": false,
    "wordvec_path": "../glove/glove.6B.100d.txt",
    "world_size": -1
}
2025-11-26 12:54:51,532 [MainThread  ] [INFO ]  Dataset: data/datasets/pet/42/test.json
2025-11-26 12:54:51,532 [MainThread  ] [INFO ]  Model: piqn
2025-11-26 12:54:51,884 [MainThread  ] [INFO ]  Entity type count: 8
2025-11-26 12:54:51,884 [MainThread  ] [INFO ]  Entities:
2025-11-26 12:54:51,884 [MainThread  ] [INFO ]  No Entity=0
2025-11-26 12:54:51,884 [MainThread  ] [INFO ]  actor=1
2025-11-26 12:54:51,884 [MainThread  ] [INFO ]  activity=2
2025-11-26 12:54:51,884 [MainThread  ] [INFO ]  activity data=3
2025-11-26 12:54:51,884 [MainThread  ] [INFO ]  xor gateway=4
2025-11-26 12:54:51,884 [MainThread  ] [INFO ]  condition specification=5
2025-11-26 12:54:51,884 [MainThread  ] [INFO ]  further specification=6
2025-11-26 12:54:51,884 [MainThread  ] [INFO ]  and gateway=7
2025-11-26 12:54:51,884 [MainThread  ] [INFO ]  Dataset: test
2025-11-26 12:54:51,884 [MainThread  ] [INFO ]  Document count: 88
2025-11-26 12:54:51,884 [MainThread  ] [INFO ]  Entity count: 314
2025-11-26 12:54:51,884 [MainThread  ] [INFO ]  Context size: 114
2025-11-26 12:54:54,827 [MainThread  ] [INFO ]  Model Parameters Number: 167500042
2025-11-26 12:54:58,134 [MainThread  ] [INFO ]  Evaluate: test
2025-11-26 12:55:12,414 [MainThread  ] [INFO ]  Evaluation
2025-11-26 12:55:12,414 [MainThread  ] [INFO ]  
2025-11-26 12:55:12,414 [MainThread  ] [INFO ]  --- NER ---
2025-11-26 12:55:12,414 [MainThread  ] [INFO ]  
2025-11-26 12:55:12,419 [MainThread  ] [INFO ]                  type    precision       recall     f1-score      support
2025-11-26 12:55:12,419 [MainThread  ] [INFO ]           xor gateway        63.33        70.37        66.67           27
2025-11-26 12:55:12,419 [MainThread  ] [INFO ]  further specification        26.09        46.15        33.33           13
2025-11-26 12:55:12,419 [MainThread  ] [INFO ]           and gateway         0.00         0.00         0.00            1
2025-11-26 12:55:12,419 [MainThread  ] [INFO ]         activity data        64.36        79.27        71.04           82
2025-11-26 12:55:12,419 [MainThread  ] [INFO ]                 actor        78.31        84.42        81.25           77
2025-11-26 12:55:12,419 [MainThread  ] [INFO ]  condition specification        80.95        85.00        82.93           20
2025-11-26 12:55:12,419 [MainThread  ] [INFO ]              activity        81.90        91.49        86.43           94
2025-11-26 12:55:12,419 [MainThread  ] [INFO ]  
2025-11-26 12:55:12,420 [MainThread  ] [INFO ]                 micro        70.68        82.17        75.99          314
2025-11-26 12:55:12,420 [MainThread  ] [INFO ]                 macro        56.42        65.24        60.24          314
2025-11-26 12:55:12,420 [MainThread  ] [INFO ]  
2025-11-26 12:55:12,420 [MainThread  ] [INFO ]  --- NER on Localization ---
2025-11-26 12:55:12,420 [MainThread  ] [INFO ]  
2025-11-26 12:55:12,423 [MainThread  ] [INFO ]                  type    precision       recall     f1-score      support
2025-11-26 12:55:12,423 [MainThread  ] [INFO ]                Entity        71.78        83.44        77.17          314
2025-11-26 12:55:12,423 [MainThread  ] [INFO ]  
2025-11-26 12:55:12,423 [MainThread  ] [INFO ]                 micro        71.78        83.44        77.17          314
2025-11-26 12:55:12,423 [MainThread  ] [INFO ]                 macro        71.78        83.44        77.17          314
2025-11-26 12:55:12,423 [MainThread  ] [INFO ]  
2025-11-26 12:55:12,423 [MainThread  ] [INFO ]  --- NER on Classification ---
2025-11-26 12:55:12,423 [MainThread  ] [INFO ]  
2025-11-26 12:55:12,426 [MainThread  ] [INFO ]                  type    precision       recall     f1-score      support
2025-11-26 12:55:12,427 [MainThread  ] [INFO ]           xor gateway       100.00        70.37        82.61           27
2025-11-26 12:55:12,427 [MainThread  ] [INFO ]  further specification        85.71        46.15        60.00           13
2025-11-26 12:55:12,427 [MainThread  ] [INFO ]           and gateway         0.00         0.00         0.00            1
2025-11-26 12:55:12,427 [MainThread  ] [INFO ]                 actor       100.00        84.42        91.55           77
2025-11-26 12:55:12,427 [MainThread  ] [INFO ]         activity data        95.59        79.27        86.67           82
2025-11-26 12:55:12,427 [MainThread  ] [INFO ]  condition specification       100.00        85.00        91.89           20
2025-11-26 12:55:12,427 [MainThread  ] [INFO ]              activity       100.00        91.49        95.56           94
2025-11-26 12:55:12,427 [MainThread  ] [INFO ]  
2025-11-26 12:55:12,427 [MainThread  ] [INFO ]                 micro        98.47        82.17        89.58          314
2025-11-26 12:55:12,427 [MainThread  ] [INFO ]                 macro        83.04        65.24        72.61          314
2025-11-26 12:55:13,016 [MainThread  ] [INFO ]  Logged in: data/eval/fine-tune/42/fine-tune-42/2025-11-26_12:54:51.493024
