2025-11-27 07:20:50,638 Reading data from data/datasets/pet/45
2025-11-27 07:20:50,638 Train: data/datasets/pet/45/train.txt
2025-11-27 07:20:50,638 Dev: data/datasets/pet/45/dev.txt
2025-11-27 07:20:50,638 Test: data/datasets/pet/45/test.txt
2025-11-27 07:20:50,742 {b'<unk>': 0, b'O': 1, b'B-activity_data': 2, b'I-activity_data': 3, b'E-activity_data': 4, b'S-activity': 5, b'B-activity': 6, b'I-activity': 7, b'E-activity': 8, b'B-actor': 9, b'I-actor': 10, b'E-actor': 11, b'S-xor_gateway': 12, b'B-condition_specification': 13, b'I-condition_specification': 14, b'E-condition_specification': 15, b'S-activity_data': 16, b'S-condition_specification': 17, b'B-further_specification': 18, b'I-further_specification': 19, b'E-further_specification': 20, b'B-and_gateway': 21, b'I-and_gateway': 22, b'E-and_gateway': 23, b'S-and_gateway': 24, b'S-actor': 25, b'B-xor_gateway': 26, b'I-xor_gateway': 27, b'E-xor_gateway': 28, b'S-further_specification': 29, b'<START>': 30, b'<STOP>': 31}
2025-11-27 07:20:50,743 Corpus: 323 train + 38 dev + 101 test sentences
2025-11-27 07:21:41,989 Model Size: 1841605281
Corpus: 323 train + 38 dev + 101 test sentences
2025-11-27 07:21:41,991 ----------------------------------------------------------------------------------------------------
2025-11-27 07:21:45,123 loading file data/resources/taggers/sbvr/45/best-model.pt
2025-11-27 07:22:12,540 Testing using best model ...
2025-11-27 07:22:12,543 Setting embedding mask to the best action: tensor([1., 1., 1., 1., 1., 1., 1., 1., 1., 1., 1., 1., 1.], device='cuda:0')
['/home/ai4-admin/.flair/embeddings/lm-jw300-backward-v0.1.pt', '/home/ai4-admin/.flair/embeddings/lm-jw300-forward-v0.1.pt', '/home/ai4-admin/.flair/embeddings/news-backward-0.4.1.pt', '/home/ai4-admin/.flair/embeddings/news-forward-0.4.1.pt', 'Char', 'Word: en', 'Word: glove', 'bert-base-cased', 'bert-base-multilingual-cased', 'bert-large-cased', 'elmo-original', 'xlm-roberta-large-finetuned-conll03-english', 'xlnet-large-cased']
2025-11-27 07:22:13,268 /home/ai4-admin/.flair/embeddings/lm-jw300-backward-v0.1.pt 43087046
2025-11-27 07:22:13,742 /home/ai4-admin/.flair/embeddings/lm-jw300-forward-v0.1.pt 43087046
2025-11-27 07:22:14,174 /home/ai4-admin/.flair/embeddings/news-backward-0.4.1.pt 18257500
2025-11-27 07:22:14,440 /home/ai4-admin/.flair/embeddings/news-forward-0.4.1.pt 18257500
2025-11-27 07:22:14,708 bert-base-cased 108310272
2025-11-27 07:22:14,708 mean
2025-11-27 07:22:15,511 bert-base-multilingual-cased 177853440
2025-11-27 07:22:15,511 mean
2025-11-27 07:22:16,754 bert-large-cased 333579264
2025-11-27 07:22:16,754 mean
2025-11-27 07:22:18,738 elmo-original 0
2025-11-27 07:22:19,367 xlm-roberta-large-finetuned-conll03-english 559890432
2025-11-27 07:22:19,367 mean
2025-11-27 07:22:22,459 xlnet-large-cased 360268800
2025-11-27 07:22:22,459 first
2025-11-27 07:22:23,719 Finished Embeddings Assignments
prediction_mode: True, embedding_selector: True, use_rl: True, use_gumbel: False
prediction_mode: True, embedding_selector: True, use_rl: True, use_gumbel: False
prediction_mode: True, embedding_selector: True, use_rl: True, use_gumbel: False
prediction_mode: True, embedding_selector: True, use_rl: True, use_gumbel: False
2025-11-27 07:22:24,116 4/4
2025-11-27 07:22:24,118 0.6099	0.6379	0.6236
2025-11-27 07:22:24,118 
MICRO_AVG: acc 0.4531 - f1-score 0.6236
MACRO_AVG: acc 0.3373 - f1-score 0.4617
activity   tp: 78 - fp: 31 - fn: 32 - tn: 78 - precision: 0.7156 - recall: 0.7091 - accuracy: 0.5532 - f1-score: 0.7123
activity_data tp: 63 - fp: 58 - fn: 39 - tn: 63 - precision: 0.5207 - recall: 0.6176 - accuracy: 0.3937 - f1-score: 0.5650
actor      tp: 54 - fp: 15 - fn: 29 - tn: 54 - precision: 0.7826 - recall: 0.6506 - accuracy: 0.5510 - f1-score: 0.7105
and_gateway tp: 0 - fp: 1 - fn: 3 - tn: 0 - precision: 0.0000 - recall: 0.0000 - accuracy: 0.0000 - f1-score: 0.0000
condition_specification tp: 13 - fp: 11 - fn: 5 - tn: 13 - precision: 0.5417 - recall: 0.7222 - accuracy: 0.4483 - f1-score: 0.6191
further_specification tp: 1 - fp: 13 - fn: 9 - tn: 1 - precision: 0.0714 - recall: 0.1000 - accuracy: 0.0435 - f1-score: 0.0833
xor_gateway tp: 13 - fp: 13 - fn: 9 - tn: 13 - precision: 0.5000 - recall: 0.5909 - accuracy: 0.3714 - f1-score: 0.5417
2025-11-27 07:22:24,118 ----------------------------------------------------------------------------------------------------
2025-11-27 07:22:24,118 ----------------------------------------------------------------------------------------------------
2025-11-27 07:22:24,118 current corpus: ColumnCorpus-Pet_1
2025-11-27 07:22:24,133 /home/ai4-admin/.flair/embeddings/lm-jw300-backward-v0.1.pt 43087046
2025-11-27 07:22:24,344 /home/ai4-admin/.flair/embeddings/lm-jw300-forward-v0.1.pt 43087046
2025-11-27 07:22:24,563 /home/ai4-admin/.flair/embeddings/news-backward-0.4.1.pt 18257500
2025-11-27 07:22:24,650 /home/ai4-admin/.flair/embeddings/news-forward-0.4.1.pt 18257500
2025-11-27 07:22:24,792 bert-base-cased 108310272
2025-11-27 07:22:24,792 mean
2025-11-27 07:22:24,929 bert-base-multilingual-cased 177853440
2025-11-27 07:22:24,929 mean
2025-11-27 07:22:25,111 bert-large-cased 333579264
2025-11-27 07:22:25,112 mean
2025-11-27 07:22:25,399 elmo-original 0
2025-11-27 07:22:25,716 xlm-roberta-large-finetuned-conll03-english 559890432
2025-11-27 07:22:25,716 mean
2025-11-27 07:22:27,688 xlnet-large-cased 360268800
2025-11-27 07:22:27,688 first
2025-11-27 07:22:28,241 Finished Embeddings Assignments
prediction_mode: True, embedding_selector: True, use_rl: True, use_gumbel: False
prediction_mode: True, embedding_selector: True, use_rl: True, use_gumbel: False
prediction_mode: True, embedding_selector: True, use_rl: True, use_gumbel: False
prediction_mode: True, embedding_selector: True, use_rl: True, use_gumbel: False
2025-11-27 07:22:28,651 4/4
2025-11-27 07:22:28,654 0.6078	0.6236	0.6156
2025-11-27 07:22:28,654 
MICRO_AVG: acc 0.4447 - f1-score 0.6156
MACRO_AVG: acc 0.3322 - f1-score 0.45780000000000004
activity   tp: 76 - fp: 31 - fn: 34 - tn: 76 - precision: 0.7103 - recall: 0.6909 - accuracy: 0.5390 - f1-score: 0.7005
activity_data tp: 62 - fp: 63 - fn: 40 - tn: 62 - precision: 0.4960 - recall: 0.6078 - accuracy: 0.3758 - f1-score: 0.5462
actor      tp: 53 - fp: 15 - fn: 30 - tn: 53 - precision: 0.7794 - recall: 0.6386 - accuracy: 0.5408 - f1-score: 0.7020
and_gateway tp: 0 - fp: 0 - fn: 3 - tn: 0 - precision: 0.0000 - recall: 0.0000 - accuracy: 0.0000 - f1-score: 0.0000
condition_specification tp: 13 - fp: 10 - fn: 5 - tn: 13 - precision: 0.5652 - recall: 0.7222 - accuracy: 0.4643 - f1-score: 0.6341
further_specification tp: 1 - fp: 9 - fn: 9 - tn: 1 - precision: 0.1000 - recall: 0.1000 - accuracy: 0.0526 - f1-score: 0.1000
xor_gateway tp: 12 - fp: 12 - fn: 10 - tn: 12 - precision: 0.5000 - recall: 0.5455 - accuracy: 0.3529 - f1-score: 0.5218

