2025-11-27 07:14:42,778 Reading data from data/datasets/pet/46
2025-11-27 07:14:42,778 Train: data/datasets/pet/46/train.txt
2025-11-27 07:14:42,778 Dev: data/datasets/pet/46/dev.txt
2025-11-27 07:14:42,778 Test: data/datasets/pet/46/test.txt
2025-11-27 07:14:42,883 {b'<unk>': 0, b'O': 1, b'B-activity_data': 2, b'I-activity_data': 3, b'E-activity_data': 4, b'S-activity': 5, b'B-activity': 6, b'I-activity': 7, b'E-activity': 8, b'B-actor': 9, b'I-actor': 10, b'E-actor': 11, b'S-xor_gateway': 12, b'B-condition_specification': 13, b'I-condition_specification': 14, b'E-condition_specification': 15, b'S-activity_data': 16, b'S-condition_specification': 17, b'B-further_specification': 18, b'I-further_specification': 19, b'E-further_specification': 20, b'B-and_gateway': 21, b'I-and_gateway': 22, b'E-and_gateway': 23, b'S-and_gateway': 24, b'S-actor': 25, b'B-xor_gateway': 26, b'I-xor_gateway': 27, b'E-xor_gateway': 28, b'S-further_specification': 29, b'<START>': 30, b'<STOP>': 31}
2025-11-27 07:14:42,883 Corpus: 294 train + 73 dev + 95 test sentences
2025-11-27 07:15:34,062 Model Size: 1841603481
Corpus: 294 train + 73 dev + 95 test sentences
2025-11-27 07:15:34,064 ----------------------------------------------------------------------------------------------------
2025-11-27 07:15:37,223 loading file data/resources/taggers/combined/46/best-model.pt
2025-11-27 07:15:58,411 Testing using best model ...
2025-11-27 07:15:58,414 Setting embedding mask to the best action: tensor([1., 1., 1., 1., 1., 1., 1., 1., 1., 1., 1., 1., 1.], device='cuda:0')
['/home/ai4-admin/.flair/embeddings/lm-jw300-backward-v0.1.pt', '/home/ai4-admin/.flair/embeddings/lm-jw300-forward-v0.1.pt', '/home/ai4-admin/.flair/embeddings/news-backward-0.4.1.pt', '/home/ai4-admin/.flair/embeddings/news-forward-0.4.1.pt', 'Char', 'Word: en', 'Word: glove', 'bert-base-cased', 'bert-base-multilingual-cased', 'bert-large-cased', 'elmo-original', 'xlm-roberta-large-finetuned-conll03-english', 'xlnet-large-cased']
2025-11-27 07:15:59,101 /home/ai4-admin/.flair/embeddings/lm-jw300-backward-v0.1.pt 43087046
2025-11-27 07:15:59,537 /home/ai4-admin/.flair/embeddings/lm-jw300-forward-v0.1.pt 43087046
2025-11-27 07:15:59,930 /home/ai4-admin/.flair/embeddings/news-backward-0.4.1.pt 18257500
2025-11-27 07:16:00,157 /home/ai4-admin/.flair/embeddings/news-forward-0.4.1.pt 18257500
2025-11-27 07:16:00,391 bert-base-cased 108310272
2025-11-27 07:16:00,391 mean
2025-11-27 07:16:01,186 bert-base-multilingual-cased 177853440
2025-11-27 07:16:01,186 mean
2025-11-27 07:16:02,355 bert-large-cased 333579264
2025-11-27 07:16:02,355 mean
2025-11-27 07:16:03,715 elmo-original 0
2025-11-27 07:16:04,360 xlm-roberta-large-finetuned-conll03-english 559890432
2025-11-27 07:16:04,360 mean
2025-11-27 07:16:06,577 xlnet-large-cased 360268800
2025-11-27 07:16:06,577 first
2025-11-27 07:16:07,852 Finished Embeddings Assignments
prediction_mode: True, embedding_selector: True, use_rl: True, use_gumbel: False
prediction_mode: True, embedding_selector: True, use_rl: True, use_gumbel: False
prediction_mode: True, embedding_selector: True, use_rl: True, use_gumbel: False
2025-11-27 07:16:08,203 3/3
2025-11-27 07:16:08,208 0.6932	0.7072	0.7001
2025-11-27 07:16:08,209 
MICRO_AVG: acc 0.5386 - f1-score 0.7001
MACRO_AVG: acc 0.4852 - f1-score 0.6357
activity   tp: 88 - fp: 14 - fn: 11 - tn: 88 - precision: 0.8627 - recall: 0.8889 - accuracy: 0.7788 - f1-score: 0.8756
activity_data tp: 61 - fp: 63 - fn: 30 - tn: 61 - precision: 0.4919 - recall: 0.6703 - accuracy: 0.3961 - f1-score: 0.5674
actor      tp: 64 - fp: 10 - fn: 37 - tn: 64 - precision: 0.8649 - recall: 0.6337 - accuracy: 0.5766 - f1-score: 0.7315
and_gateway tp: 1 - fp: 1 - fn: 0 - tn: 1 - precision: 0.5000 - recall: 1.0000 - accuracy: 0.5000 - f1-score: 0.6667
condition_specification tp: 13 - fp: 6 - fn: 6 - tn: 13 - precision: 0.6842 - recall: 0.6842 - accuracy: 0.5200 - f1-score: 0.6842
further_specification tp: 3 - fp: 10 - fn: 3 - tn: 3 - precision: 0.2308 - recall: 0.5000 - accuracy: 0.1875 - f1-score: 0.3158
xor_gateway tp: 14 - fp: 4 - fn: 14 - tn: 14 - precision: 0.7778 - recall: 0.5000 - accuracy: 0.4375 - f1-score: 0.6087
2025-11-27 07:16:08,209 ----------------------------------------------------------------------------------------------------
2025-11-27 07:16:08,209 ----------------------------------------------------------------------------------------------------
2025-11-27 07:16:08,209 current corpus: ColumnCorpus-Pet_1
2025-11-27 07:16:08,223 /home/ai4-admin/.flair/embeddings/lm-jw300-backward-v0.1.pt 43087046
2025-11-27 07:16:08,432 /home/ai4-admin/.flair/embeddings/lm-jw300-forward-v0.1.pt 43087046
2025-11-27 07:16:08,650 /home/ai4-admin/.flair/embeddings/news-backward-0.4.1.pt 18257500
2025-11-27 07:16:08,734 /home/ai4-admin/.flair/embeddings/news-forward-0.4.1.pt 18257500
2025-11-27 07:16:08,871 bert-base-cased 108310272
2025-11-27 07:16:08,872 mean
2025-11-27 07:16:09,020 bert-base-multilingual-cased 177853440
2025-11-27 07:16:09,020 mean
2025-11-27 07:16:09,233 bert-large-cased 333579264
2025-11-27 07:16:09,233 mean
2025-11-27 07:16:09,558 elmo-original 0
2025-11-27 07:16:09,902 xlm-roberta-large-finetuned-conll03-english 559890432
2025-11-27 07:16:09,902 mean
2025-11-27 07:16:11,760 xlnet-large-cased 360268800
2025-11-27 07:16:11,760 first
2025-11-27 07:16:12,274 Finished Embeddings Assignments
prediction_mode: True, embedding_selector: True, use_rl: True, use_gumbel: False
prediction_mode: True, embedding_selector: True, use_rl: True, use_gumbel: False
prediction_mode: True, embedding_selector: True, use_rl: True, use_gumbel: False
2025-11-27 07:16:12,633 3/3
2025-11-27 07:16:12,641 0.6914	0.6754	0.6833
2025-11-27 07:16:12,641 
MICRO_AVG: acc 0.5189 - f1-score 0.6833
MACRO_AVG: acc 0.4574 - f1-score 0.6061285714285715
activity   tp: 82 - fp: 15 - fn: 17 - tn: 82 - precision: 0.8454 - recall: 0.8283 - accuracy: 0.7193 - f1-score: 0.8368
activity_data tp: 55 - fp: 53 - fn: 36 - tn: 55 - precision: 0.5093 - recall: 0.6044 - accuracy: 0.3819 - f1-score: 0.5528
actor      tp: 67 - fp: 12 - fn: 34 - tn: 67 - precision: 0.8481 - recall: 0.6634 - accuracy: 0.5929 - f1-score: 0.7445
and_gateway tp: 1 - fp: 1 - fn: 0 - tn: 1 - precision: 0.5000 - recall: 1.0000 - accuracy: 0.5000 - f1-score: 0.6667
condition_specification tp: 13 - fp: 7 - fn: 6 - tn: 13 - precision: 0.6500 - recall: 0.6842 - accuracy: 0.5000 - f1-score: 0.6667
further_specification tp: 2 - fp: 10 - fn: 4 - tn: 2 - precision: 0.1667 - recall: 0.3333 - accuracy: 0.1250 - f1-score: 0.2222
xor_gateway tp: 13 - fp: 6 - fn: 15 - tn: 13 - precision: 0.6842 - recall: 0.4643 - accuracy: 0.3824 - f1-score: 0.5532

