2025-11-27 07:33:15,706 Reading data from data/datasets/pet/43
2025-11-27 07:33:15,706 Train: data/datasets/pet/43/train.txt
2025-11-27 07:33:15,706 Dev: data/datasets/pet/43/dev.txt
2025-11-27 07:33:15,706 Test: data/datasets/pet/43/test.txt
2025-11-27 07:33:15,811 {b'<unk>': 0, b'O': 1, b'B-activity_data': 2, b'I-activity_data': 3, b'E-activity_data': 4, b'S-activity': 5, b'B-activity': 6, b'I-activity': 7, b'E-activity': 8, b'B-actor': 9, b'I-actor': 10, b'E-actor': 11, b'S-xor_gateway': 12, b'B-condition_specification': 13, b'I-condition_specification': 14, b'E-condition_specification': 15, b'S-activity_data': 16, b'S-condition_specification': 17, b'B-further_specification': 18, b'I-further_specification': 19, b'E-further_specification': 20, b'B-and_gateway': 21, b'I-and_gateway': 22, b'E-and_gateway': 23, b'S-and_gateway': 24, b'S-actor': 25, b'B-xor_gateway': 26, b'I-xor_gateway': 27, b'E-xor_gateway': 28, b'S-further_specification': 29, b'<START>': 30, b'<STOP>': 31}
2025-11-27 07:33:15,811 Corpus: 311 train + 78 dev + 73 test sentences
2025-11-27 07:34:06,475 Model Size: 1841604781
Corpus: 311 train + 78 dev + 73 test sentences
2025-11-27 07:34:06,477 ----------------------------------------------------------------------------------------------------
2025-11-27 07:34:09,456 loading file data/resources/taggers/full/43/best-model.pt
2025-11-27 07:34:22,557 Testing using best model ...
2025-11-27 07:34:22,560 Setting embedding mask to the best action: tensor([1., 0., 0., 0., 0., 1., 1., 1.], device='cuda:0')
['/home/ai4-admin/.flair/embeddings/lm-jw300-backward-v0.1.pt', '/home/ai4-admin/.flair/embeddings/lm-jw300-forward-v0.1.pt', '/home/ai4-admin/.flair/embeddings/news-backward-0.4.1.pt', '/home/ai4-admin/.flair/embeddings/news-forward-0.4.1.pt', 'Char', 'Word: en', 'Word: glove', 'bert-base-cased', 'bert-base-multilingual-cased', 'bert-large-cased', 'elmo-original', 'xlm-roberta-large-finetuned-conll03-english', 'xlnet-large-cased']
2025-11-27 07:34:22,864 /home/ai4-admin/.flair/embeddings/news-backward-0.4.1.pt 18257500
2025-11-27 07:34:23,006 /home/ai4-admin/.flair/embeddings/news-forward-0.4.1.pt 18257500
2025-11-27 07:34:23,006 /home/ai4-admin/.flair/embeddings/news-forward-0.4.1.pt is not selected, Skipping
2025-11-27 07:34:23,010 bert-base-cased 108310272
2025-11-27 07:34:23,010 mean
2025-11-27 07:34:23,648 elmo-original 0
2025-11-27 07:34:24,214 xlm-roberta-large-finetuned-conll03-english 559890432
2025-11-27 07:34:24,215 mean
2025-11-27 07:34:26,167 Finished Embeddings Assignments
prediction_mode: True, embedding_selector: True, use_rl: True, use_gumbel: False
prediction_mode: True, embedding_selector: True, use_rl: True, use_gumbel: False
prediction_mode: True, embedding_selector: True, use_rl: True, use_gumbel: False
2025-11-27 07:34:26,380 3/3
2025-11-27 07:34:26,381 0.7138	0.7266	0.7201
2025-11-27 07:34:26,381 
MICRO_AVG: acc 0.5627 - f1-score 0.7201
MACRO_AVG: acc 0.472 - f1-score 0.5983333333333333
activity   tp: 74 - fp: 7 - fn: 6 - tn: 74 - precision: 0.9136 - recall: 0.9250 - accuracy: 0.8506 - f1-score: 0.9193
activity_data tp: 42 - fp: 47 - fn: 31 - tn: 42 - precision: 0.4719 - recall: 0.5753 - accuracy: 0.3500 - f1-score: 0.5185
actor      tp: 71 - fp: 8 - fn: 24 - tn: 71 - precision: 0.8987 - recall: 0.7474 - accuracy: 0.6893 - f1-score: 0.8161
condition_specification tp: 5 - fp: 4 - fn: 2 - tn: 5 - precision: 0.5556 - recall: 0.7143 - accuracy: 0.4545 - f1-score: 0.6250
further_specification tp: 1 - fp: 8 - fn: 8 - tn: 1 - precision: 0.1111 - recall: 0.1111 - accuracy: 0.0588 - f1-score: 0.1111
xor_gateway tp: 9 - fp: 7 - fn: 5 - tn: 9 - precision: 0.5625 - recall: 0.6429 - accuracy: 0.4286 - f1-score: 0.6000
2025-11-27 07:34:26,381 ----------------------------------------------------------------------------------------------------
2025-11-27 07:34:26,381 ----------------------------------------------------------------------------------------------------
2025-11-27 07:34:26,381 current corpus: ColumnCorpus-Pet_1
2025-11-27 07:34:26,387 /home/ai4-admin/.flair/embeddings/news-backward-0.4.1.pt 18257500
2025-11-27 07:34:26,438 /home/ai4-admin/.flair/embeddings/news-forward-0.4.1.pt 18257500
2025-11-27 07:34:26,438 /home/ai4-admin/.flair/embeddings/news-forward-0.4.1.pt is not selected, Skipping
2025-11-27 07:34:26,440 bert-base-cased 108310272
2025-11-27 07:34:26,440 mean
2025-11-27 07:34:26,535 elmo-original 0
2025-11-27 07:34:26,737 xlm-roberta-large-finetuned-conll03-english 559890432
2025-11-27 07:34:26,738 mean
2025-11-27 07:34:28,381 Finished Embeddings Assignments
prediction_mode: True, embedding_selector: True, use_rl: True, use_gumbel: False
prediction_mode: True, embedding_selector: True, use_rl: True, use_gumbel: False
prediction_mode: True, embedding_selector: True, use_rl: True, use_gumbel: False
2025-11-27 07:34:28,591 3/3
2025-11-27 07:34:28,592 0.7138	0.7266	0.7201
2025-11-27 07:34:28,592 
MICRO_AVG: acc 0.5627 - f1-score 0.7201
MACRO_AVG: acc 0.472 - f1-score 0.5983333333333333
activity   tp: 74 - fp: 7 - fn: 6 - tn: 74 - precision: 0.9136 - recall: 0.9250 - accuracy: 0.8506 - f1-score: 0.9193
activity_data tp: 42 - fp: 47 - fn: 31 - tn: 42 - precision: 0.4719 - recall: 0.5753 - accuracy: 0.3500 - f1-score: 0.5185
actor      tp: 71 - fp: 8 - fn: 24 - tn: 71 - precision: 0.8987 - recall: 0.7474 - accuracy: 0.6893 - f1-score: 0.8161
condition_specification tp: 5 - fp: 4 - fn: 2 - tn: 5 - precision: 0.5556 - recall: 0.7143 - accuracy: 0.4545 - f1-score: 0.6250
further_specification tp: 1 - fp: 8 - fn: 8 - tn: 1 - precision: 0.1111 - recall: 0.1111 - accuracy: 0.0588 - f1-score: 0.1111
xor_gateway tp: 9 - fp: 7 - fn: 5 - tn: 9 - precision: 0.5625 - recall: 0.6429 - accuracy: 0.4286 - f1-score: 0.6000

