2025-11-26 13:05:25,936 [MainThread  ] [INFO ]  {
    "boundary_threshold": 0.0,
    "cache_path": null,
    "char_lstm_drop": 0.2,
    "char_lstm_layers": 1,
    "char_size": 50,
    "cls_threshold": 0.0,
    "config": "configs/temp_eval.conf",
    "cpu": false,
    "dataset_path": "data/datasets/sbvr/45/test.json",
    "debug": false,
    "device_id": 0,
    "entity_aware_attention": false,
    "entity_aware_intermediate": false,
    "entity_aware_output": false,
    "entity_aware_selfout": false,
    "entity_emb_size": null,
    "entity_queries_num": 60,
    "eval_batch_size": 8,
    "example_count": null,
    "freeze_transformer": false,
    "inlcude_subword_aux_loss": false,
    "label": "sbvr-45",
    "last_layer_for_loss": 3,
    "local_rank": -1,
    "log_path": "data/eval/sbvr/45",
    "lowercase": false,
    "lstm_layers": 2,
    "mask_ent2ent": true,
    "mask_ent2tok": true,
    "mask_entself": true,
    "mask_tok2ent": false,
    "model_path": "data/checkpoints/sbvr/45/sbvr-45/2025-11-26_10:52:09.569749/best_model",
    "model_type": "piqn",
    "no_duplicate": true,
    "no_overlapping": true,
    "no_partial_overlapping": true,
    "num_token_entity_encoderlayer": 5,
    "pool_type": "max",
    "pos_size": 25,
    "prop_drop": 0.5,
    "repeat_gt_entities": -1,
    "sampling_processes": 4,
    "seed": 45,
    "share_query_pos": true,
    "split_epoch": 0,
    "store_examples": true,
    "store_predictions": true,
    "tokenizer_path": "data/checkpoints/sbvr/45/sbvr-45/2025-11-26_10:52:09.569749/best_model",
    "types_path": "data/datasets/sbvr/45/types.json",
    "use_aux_loss": false,
    "use_char_lstm": false,
    "use_entity_attention": true,
    "use_entity_common_embedding": true,
    "use_entity_pos": true,
    "use_glove": false,
    "use_lstm": true,
    "use_masked_lm": false,
    "use_pos": false,
    "use_token_level_encoder": true,
    "word_mask_ent2ent": true,
    "word_mask_ent2tok": true,
    "word_mask_entself": true,
    "word_mask_tok2ent": false,
    "wordvec_path": "../glove/glove.6B.100d.txt",
    "world_size": -1
}
2025-11-26 13:05:25,936 [MainThread  ] [INFO ]  Dataset: data/datasets/sbvr/45/test.json
2025-11-26 13:05:25,936 [MainThread  ] [INFO ]  Model: piqn
2025-11-26 13:05:26,304 [MainThread  ] [INFO ]  Entity type count: 8
2025-11-26 13:05:26,304 [MainThread  ] [INFO ]  Entities:
2025-11-26 13:05:26,304 [MainThread  ] [INFO ]  No Entity=0
2025-11-26 13:05:26,304 [MainThread  ] [INFO ]  activity=1
2025-11-26 13:05:26,304 [MainThread  ] [INFO ]  activity data=2
2025-11-26 13:05:26,304 [MainThread  ] [INFO ]  actor=3
2025-11-26 13:05:26,304 [MainThread  ] [INFO ]  further specification=4
2025-11-26 13:05:26,304 [MainThread  ] [INFO ]  condition specification=5
2025-11-26 13:05:26,304 [MainThread  ] [INFO ]  xor gateway=6
2025-11-26 13:05:26,304 [MainThread  ] [INFO ]  and gateway=7
2025-11-26 13:05:26,304 [MainThread  ] [INFO ]  Dataset: test
2025-11-26 13:05:26,305 [MainThread  ] [INFO ]  Document count: 92
2025-11-26 13:05:26,305 [MainThread  ] [INFO ]  Entity count: 348
2025-11-26 13:05:26,305 [MainThread  ] [INFO ]  Context size: 111
2025-11-26 13:05:29,174 [MainThread  ] [INFO ]  Model Parameters Number: 167500042
2025-11-26 13:05:32,473 [MainThread  ] [INFO ]  Evaluate: test
2025-11-26 13:05:47,151 [MainThread  ] [INFO ]  Evaluation
2025-11-26 13:05:47,151 [MainThread  ] [INFO ]  
2025-11-26 13:05:47,151 [MainThread  ] [INFO ]  --- NER ---
2025-11-26 13:05:47,151 [MainThread  ] [INFO ]  
2025-11-26 13:05:47,156 [MainThread  ] [INFO ]                  type    precision       recall     f1-score      support
2025-11-26 13:05:47,157 [MainThread  ] [INFO ]  condition specification        55.00        61.11        57.89           18
2025-11-26 13:05:47,157 [MainThread  ] [INFO ]           xor gateway        60.87        63.64        62.22           22
2025-11-26 13:05:47,157 [MainThread  ] [INFO ]         activity data        55.17        62.75        58.72          102
2025-11-26 13:05:47,157 [MainThread  ] [INFO ]                 actor        77.27        61.45        68.46           83
2025-11-26 13:05:47,157 [MainThread  ] [INFO ]           and gateway         0.00         0.00         0.00            3
2025-11-26 13:05:47,157 [MainThread  ] [INFO ]              activity        75.00        76.36        75.68          110
2025-11-26 13:05:47,157 [MainThread  ] [INFO ]  further specification         7.69        10.00         8.70           10
2025-11-26 13:05:47,157 [MainThread  ] [INFO ]  
2025-11-26 13:05:47,157 [MainThread  ] [INFO ]                 micro        63.92        64.66        64.29          348
2025-11-26 13:05:47,157 [MainThread  ] [INFO ]                 macro        47.29        47.90        47.38          348
2025-11-26 13:05:47,157 [MainThread  ] [INFO ]  
2025-11-26 13:05:47,157 [MainThread  ] [INFO ]  --- NER on Localization ---
2025-11-26 13:05:47,157 [MainThread  ] [INFO ]  
2025-11-26 13:05:47,163 [MainThread  ] [INFO ]                  type    precision       recall     f1-score      support
2025-11-26 13:05:47,163 [MainThread  ] [INFO ]                Entity        66.19        66.95        66.57          348
2025-11-26 13:05:47,163 [MainThread  ] [INFO ]  
2025-11-26 13:05:47,163 [MainThread  ] [INFO ]                 micro        66.19        66.95        66.57          348
2025-11-26 13:05:47,163 [MainThread  ] [INFO ]                 macro        66.19        66.95        66.57          348
2025-11-26 13:05:47,163 [MainThread  ] [INFO ]  
2025-11-26 13:05:47,163 [MainThread  ] [INFO ]  --- NER on Classification ---
2025-11-26 13:05:47,163 [MainThread  ] [INFO ]  
2025-11-26 13:05:47,167 [MainThread  ] [INFO ]                  type    precision       recall     f1-score      support
2025-11-26 13:05:47,167 [MainThread  ] [INFO ]  condition specification       100.00        61.11        75.86           18
2025-11-26 13:05:47,167 [MainThread  ] [INFO ]           xor gateway        93.33        63.64        75.68           22
2025-11-26 13:05:47,167 [MainThread  ] [INFO ]         activity data        91.43        62.75        74.42          102
2025-11-26 13:05:47,167 [MainThread  ] [INFO ]                 actor       100.00        61.45        76.12           83
2025-11-26 13:05:47,167 [MainThread  ] [INFO ]           and gateway         0.00         0.00         0.00            3
2025-11-26 13:05:47,167 [MainThread  ] [INFO ]              activity       100.00        76.36        86.60          110
2025-11-26 13:05:47,167 [MainThread  ] [INFO ]  further specification        50.00        10.00        16.67           10
2025-11-26 13:05:47,167 [MainThread  ] [INFO ]  
2025-11-26 13:05:47,167 [MainThread  ] [INFO ]                 micro        96.57        64.66        77.45          348
2025-11-26 13:05:47,167 [MainThread  ] [INFO ]                 macro        76.39        47.90        57.91          348
2025-11-26 13:05:47,779 [MainThread  ] [INFO ]  Logged in: data/eval/sbvr/45/sbvr-45/2025-11-26_13:05:25.898359
