2025-11-27 07:24:01,025 Reading data from data/datasets/pet/42
2025-11-27 07:24:01,025 Train: data/datasets/pet/42/train.txt
2025-11-27 07:24:01,025 Dev: data/datasets/pet/42/dev.txt
2025-11-27 07:24:01,025 Test: data/datasets/pet/42/test.txt
2025-11-27 07:24:01,130 {b'<unk>': 0, b'O': 1, b'B-activity_data': 2, b'I-activity_data': 3, b'E-activity_data': 4, b'S-activity': 5, b'B-activity': 6, b'I-activity': 7, b'E-activity': 8, b'B-actor': 9, b'I-actor': 10, b'E-actor': 11, b'S-xor_gateway': 12, b'B-condition_specification': 13, b'I-condition_specification': 14, b'E-condition_specification': 15, b'S-activity_data': 16, b'S-condition_specification': 17, b'B-further_specification': 18, b'I-further_specification': 19, b'E-further_specification': 20, b'B-and_gateway': 21, b'I-and_gateway': 22, b'E-and_gateway': 23, b'S-and_gateway': 24, b'S-actor': 25, b'B-xor_gateway': 26, b'I-xor_gateway': 27, b'E-xor_gateway': 28, b'S-further_specification': 29, b'<START>': 30, b'<STOP>': 31}
2025-11-27 07:24:01,130 Corpus: 319 train + 46 dev + 97 test sentences
2025-11-27 07:24:51,913 Model Size: 1841603381
Corpus: 319 train + 46 dev + 97 test sentences
2025-11-27 07:24:51,915 ----------------------------------------------------------------------------------------------------
2025-11-27 07:24:55,001 loading file data/resources/taggers/image/42/best-model.pt
2025-11-27 07:25:20,231 Testing using best model ...
2025-11-27 07:25:20,233 Setting embedding mask to the best action: tensor([1., 1., 1., 1., 1., 1., 1., 1., 1., 1., 1., 1., 1.], device='cuda:0')
['/home/ai4-admin/.flair/embeddings/lm-jw300-backward-v0.1.pt', '/home/ai4-admin/.flair/embeddings/lm-jw300-forward-v0.1.pt', '/home/ai4-admin/.flair/embeddings/news-backward-0.4.1.pt', '/home/ai4-admin/.flair/embeddings/news-forward-0.4.1.pt', 'Char', 'Word: en', 'Word: glove', 'bert-base-cased', 'bert-base-multilingual-cased', 'bert-large-cased', 'elmo-original', 'xlm-roberta-large-finetuned-conll03-english', 'xlnet-large-cased']
2025-11-27 07:25:20,991 /home/ai4-admin/.flair/embeddings/lm-jw300-backward-v0.1.pt 43087046
2025-11-27 07:25:21,457 /home/ai4-admin/.flair/embeddings/lm-jw300-forward-v0.1.pt 43087046
2025-11-27 07:25:21,878 /home/ai4-admin/.flair/embeddings/news-backward-0.4.1.pt 18257500
2025-11-27 07:25:22,122 /home/ai4-admin/.flair/embeddings/news-forward-0.4.1.pt 18257500
2025-11-27 07:25:22,379 bert-base-cased 108310272
2025-11-27 07:25:22,379 mean
2025-11-27 07:25:23,202 bert-base-multilingual-cased 177853440
2025-11-27 07:25:23,202 mean
2025-11-27 07:25:24,380 bert-large-cased 333579264
2025-11-27 07:25:24,380 mean
2025-11-27 07:25:25,876 elmo-original 0
2025-11-27 07:25:26,479 xlm-roberta-large-finetuned-conll03-english 559890432
2025-11-27 07:25:26,479 mean
2025-11-27 07:25:29,011 xlnet-large-cased 360268800
2025-11-27 07:25:29,011 first
2025-11-27 07:25:31,086 Finished Embeddings Assignments
prediction_mode: True, embedding_selector: True, use_rl: True, use_gumbel: False
prediction_mode: True, embedding_selector: True, use_rl: True, use_gumbel: False
prediction_mode: True, embedding_selector: True, use_rl: True, use_gumbel: False
prediction_mode: True, embedding_selector: True, use_rl: True, use_gumbel: False
2025-11-27 07:25:31,456 4/4
2025-11-27 07:25:31,457 0.6134	0.6975	0.6528
2025-11-27 07:25:31,457 
MICRO_AVG: acc 0.4845 - f1-score 0.6528
MACRO_AVG: acc 0.5062 - f1-score 0.636842857142857
activity   tp: 85 - fp: 22 - fn: 9 - tn: 85 - precision: 0.7944 - recall: 0.9043 - accuracy: 0.7328 - f1-score: 0.8458
activity_data tp: 58 - fp: 75 - fn: 24 - tn: 58 - precision: 0.4361 - recall: 0.7073 - accuracy: 0.3694 - f1-score: 0.5395
actor      tp: 49 - fp: 17 - fn: 28 - tn: 49 - precision: 0.7424 - recall: 0.6364 - accuracy: 0.5213 - f1-score: 0.6853
and_gateway tp: 1 - fp: 0 - fn: 0 - tn: 1 - precision: 1.0000 - recall: 1.0000 - accuracy: 1.0000 - f1-score: 1.0000
condition_specification tp: 9 - fp: 5 - fn: 11 - tn: 9 - precision: 0.6429 - recall: 0.4500 - accuracy: 0.3600 - f1-score: 0.5294
further_specification tp: 5 - fp: 14 - fn: 8 - tn: 5 - precision: 0.2632 - recall: 0.3846 - accuracy: 0.1852 - f1-score: 0.3125
xor_gateway tp: 12 - fp: 5 - fn: 15 - tn: 12 - precision: 0.7059 - recall: 0.4444 - accuracy: 0.3750 - f1-score: 0.5454
2025-11-27 07:25:31,457 ----------------------------------------------------------------------------------------------------
2025-11-27 07:25:31,457 ----------------------------------------------------------------------------------------------------
2025-11-27 07:25:31,457 current corpus: ColumnCorpus-Pet_1
2025-11-27 07:25:31,472 /home/ai4-admin/.flair/embeddings/lm-jw300-backward-v0.1.pt 43087046
2025-11-27 07:25:31,685 /home/ai4-admin/.flair/embeddings/lm-jw300-forward-v0.1.pt 43087046
2025-11-27 07:25:31,904 /home/ai4-admin/.flair/embeddings/news-backward-0.4.1.pt 18257500
2025-11-27 07:25:31,987 /home/ai4-admin/.flair/embeddings/news-forward-0.4.1.pt 18257500
2025-11-27 07:25:32,118 bert-base-cased 108310272
2025-11-27 07:25:32,118 mean
2025-11-27 07:25:32,247 bert-base-multilingual-cased 177853440
2025-11-27 07:25:32,247 mean
2025-11-27 07:25:32,486 bert-large-cased 333579264
2025-11-27 07:25:32,487 mean
2025-11-27 07:25:32,841 elmo-original 0
2025-11-27 07:25:33,359 xlm-roberta-large-finetuned-conll03-english 559890432
2025-11-27 07:25:33,359 mean
2025-11-27 07:25:35,272 xlnet-large-cased 360268800
2025-11-27 07:25:35,272 first
2025-11-27 07:25:35,769 Finished Embeddings Assignments
prediction_mode: True, embedding_selector: True, use_rl: True, use_gumbel: False
prediction_mode: True, embedding_selector: True, use_rl: True, use_gumbel: False
prediction_mode: True, embedding_selector: True, use_rl: True, use_gumbel: False
prediction_mode: True, embedding_selector: True, use_rl: True, use_gumbel: False
2025-11-27 07:25:36,174 4/4
2025-11-27 07:25:36,175 0.6173	0.7293	0.6686
2025-11-27 07:25:36,175 
MICRO_AVG: acc 0.5022 - f1-score 0.6686
MACRO_AVG: acc 0.5283 - f1-score 0.6623285714285714
activity   tp: 84 - fp: 24 - fn: 10 - tn: 84 - precision: 0.7778 - recall: 0.8936 - accuracy: 0.7119 - f1-score: 0.8317
activity_data tp: 63 - fp: 75 - fn: 19 - tn: 63 - precision: 0.4565 - recall: 0.7683 - accuracy: 0.4013 - f1-score: 0.5727
actor      tp: 51 - fp: 21 - fn: 26 - tn: 51 - precision: 0.7083 - recall: 0.6623 - accuracy: 0.5204 - f1-score: 0.6845
and_gateway tp: 1 - fp: 0 - fn: 0 - tn: 1 - precision: 1.0000 - recall: 1.0000 - accuracy: 1.0000 - f1-score: 1.0000
condition_specification tp: 11 - fp: 6 - fn: 9 - tn: 11 - precision: 0.6471 - recall: 0.5500 - accuracy: 0.4231 - f1-score: 0.5946
further_specification tp: 5 - fp: 10 - fn: 8 - tn: 5 - precision: 0.3333 - recall: 0.3846 - accuracy: 0.2174 - f1-score: 0.3571
xor_gateway tp: 14 - fp: 6 - fn: 13 - tn: 14 - precision: 0.7000 - recall: 0.5185 - accuracy: 0.4242 - f1-score: 0.5957

