2025-11-29 09:02:19,724 [MainThread  ] [INFO ]  {
    "boundary_threshold": 0.0,
    "cache_path": null,
    "char_lstm_drop": 0.2,
    "char_lstm_layers": 1,
    "char_size": 50,
    "cls_threshold": 0.0,
    "config": "configs/temp_eval.conf",
    "cpu": false,
    "dataset_path": "data/datasets/no_hints/43/test.json",
    "debug": false,
    "device_id": 0,
    "entity_aware_attention": false,
    "entity_aware_intermediate": false,
    "entity_aware_output": false,
    "entity_aware_selfout": false,
    "entity_emb_size": null,
    "entity_queries_num": 60,
    "eval_batch_size": 8,
    "example_count": null,
    "freeze_transformer": false,
    "inlcude_subword_aux_loss": false,
    "label": "no_hints-43",
    "last_layer_for_loss": 3,
    "local_rank": -1,
    "log_path": "data/eval/no_hints/43",
    "lowercase": false,
    "lstm_layers": 2,
    "mask_ent2ent": true,
    "mask_ent2tok": true,
    "mask_entself": true,
    "mask_tok2ent": false,
    "model_path": "data/checkpoints/no_hints/43/no_hints-43/2025-11-26_20:44:03.486313/best_model",
    "model_type": "piqn",
    "no_duplicate": true,
    "no_overlapping": true,
    "no_partial_overlapping": true,
    "num_token_entity_encoderlayer": 5,
    "pool_type": "max",
    "pos_size": 25,
    "prop_drop": 0.5,
    "repeat_gt_entities": -1,
    "sampling_processes": 4,
    "seed": 43,
    "share_query_pos": true,
    "split_epoch": 0,
    "store_examples": true,
    "store_predictions": true,
    "tokenizer_path": "data/checkpoints/no_hints/43/no_hints-43/2025-11-26_20:44:03.486313/best_model",
    "types_path": "data/datasets/no_hints/43/types.json",
    "use_aux_loss": false,
    "use_char_lstm": false,
    "use_entity_attention": true,
    "use_entity_common_embedding": true,
    "use_entity_pos": true,
    "use_glove": false,
    "use_lstm": true,
    "use_masked_lm": false,
    "use_pos": false,
    "use_token_level_encoder": true,
    "word_mask_ent2ent": true,
    "word_mask_ent2tok": true,
    "word_mask_entself": true,
    "word_mask_tok2ent": false,
    "wordvec_path": "../glove/glove.6B.100d.txt",
    "world_size": -1
}
2025-11-29 09:02:19,724 [MainThread  ] [INFO ]  Dataset: data/datasets/no_hints/43/test.json
2025-11-29 09:02:19,724 [MainThread  ] [INFO ]  Model: piqn
2025-11-29 09:02:19,921 [MainThread  ] [INFO ]  Entity type count: 8
2025-11-29 09:02:19,921 [MainThread  ] [INFO ]  Entities:
2025-11-29 09:02:19,921 [MainThread  ] [INFO ]  No Entity=0
2025-11-29 09:02:19,921 [MainThread  ] [INFO ]  actor=1
2025-11-29 09:02:19,921 [MainThread  ] [INFO ]  activity=2
2025-11-29 09:02:19,921 [MainThread  ] [INFO ]  activity data=3
2025-11-29 09:02:19,922 [MainThread  ] [INFO ]  xor gateway=4
2025-11-29 09:02:19,922 [MainThread  ] [INFO ]  condition specification=5
2025-11-29 09:02:19,922 [MainThread  ] [INFO ]  further specification=6
2025-11-29 09:02:19,922 [MainThread  ] [INFO ]  and gateway=7
2025-11-29 09:02:19,922 [MainThread  ] [INFO ]  Dataset: test
2025-11-29 09:02:19,922 [MainThread  ] [INFO ]  Document count: 64
2025-11-29 09:02:19,922 [MainThread  ] [INFO ]  Entity count: 278
2025-11-29 09:02:19,922 [MainThread  ] [INFO ]  Context size: 92
2025-11-29 09:02:24,421 [MainThread  ] [INFO ]  Model Parameters Number: 167500042
2025-11-29 09:02:27,688 [MainThread  ] [INFO ]  Evaluate: test
2025-11-29 09:02:39,968 [MainThread  ] [INFO ]  Evaluation
2025-11-29 09:02:39,968 [MainThread  ] [INFO ]  
2025-11-29 09:02:39,968 [MainThread  ] [INFO ]  --- NER ---
2025-11-29 09:02:39,968 [MainThread  ] [INFO ]  
2025-11-29 09:02:39,973 [MainThread  ] [INFO ]                  type    precision       recall     f1-score      support
2025-11-29 09:02:39,973 [MainThread  ] [INFO ]                 actor        93.85        64.21        76.25           95
2025-11-29 09:02:39,973 [MainThread  ] [INFO ]         activity data        36.28        56.16        44.09           73
2025-11-29 09:02:39,973 [MainThread  ] [INFO ]  condition specification        20.00        14.29        16.67            7
2025-11-29 09:02:39,973 [MainThread  ] [INFO ]           xor gateway        44.44        28.57        34.78           14
2025-11-29 09:02:39,973 [MainThread  ] [INFO ]  further specification         0.00         0.00         0.00            9
2025-11-29 09:02:39,973 [MainThread  ] [INFO ]              activity        89.61        86.25        87.90           80
2025-11-29 09:02:39,973 [MainThread  ] [INFO ]  
2025-11-29 09:02:39,973 [MainThread  ] [INFO ]                 micro        65.43        63.31        64.35          278
2025-11-29 09:02:39,973 [MainThread  ] [INFO ]                 macro        47.36        41.58        43.28          278
2025-11-29 09:02:39,973 [MainThread  ] [INFO ]  
2025-11-29 09:02:39,973 [MainThread  ] [INFO ]  --- NER on Localization ---
2025-11-29 09:02:39,973 [MainThread  ] [INFO ]  
2025-11-29 09:02:39,976 [MainThread  ] [INFO ]                  type    precision       recall     f1-score      support
2025-11-29 09:02:39,976 [MainThread  ] [INFO ]                Entity        73.23        70.86        72.03          278
2025-11-29 09:02:39,976 [MainThread  ] [INFO ]  
2025-11-29 09:02:39,976 [MainThread  ] [INFO ]                 micro        73.23        70.86        72.03          278
2025-11-29 09:02:39,976 [MainThread  ] [INFO ]                 macro        73.23        70.86        72.03          278
2025-11-29 09:02:39,976 [MainThread  ] [INFO ]  
2025-11-29 09:02:39,976 [MainThread  ] [INFO ]  --- NER on Classification ---
2025-11-29 09:02:39,976 [MainThread  ] [INFO ]  
2025-11-29 09:02:39,979 [MainThread  ] [INFO ]                  type    precision       recall     f1-score      support
2025-11-29 09:02:39,979 [MainThread  ] [INFO ]                 actor       100.00        64.21        78.21           95
2025-11-29 09:02:39,979 [MainThread  ] [INFO ]         activity data        67.21        56.16        61.19           73
2025-11-29 09:02:39,979 [MainThread  ] [INFO ]  condition specification       100.00        14.29        25.00            7
2025-11-29 09:02:39,979 [MainThread  ] [INFO ]           xor gateway       100.00        28.57        44.44           14
2025-11-29 09:02:39,980 [MainThread  ] [INFO ]  further specification         0.00         0.00         0.00            9
2025-11-29 09:02:39,980 [MainThread  ] [INFO ]              activity        98.57        86.25        92.00           80
2025-11-29 09:02:39,980 [MainThread  ] [INFO ]  
2025-11-29 09:02:39,980 [MainThread  ] [INFO ]                 micro        89.34        63.31        74.11          278
2025-11-29 09:02:39,980 [MainThread  ] [INFO ]                 macro        77.63        41.58        50.14          278
2025-11-29 09:02:40,365 [MainThread  ] [INFO ]  Logged in: data/eval/no_hints/43/no_hints-43/2025-11-29_09:02:19.685852
