2025-11-24 08:24:47,897 [MainThread  ] [INFO ]  {
    "boundary_threshold": 0.0,
    "cache_path": null,
    "char_lstm_drop": 0.2,
    "char_lstm_layers": 1,
    "char_size": 50,
    "cls_threshold": 0.0,
    "config": "configs/temp_eval.conf",
    "cpu": false,
    "dataset_path": "data/datasets/image/45/test.json",
    "debug": false,
    "device_id": 0,
    "entity_aware_attention": false,
    "entity_aware_intermediate": false,
    "entity_aware_output": false,
    "entity_aware_selfout": false,
    "entity_emb_size": null,
    "entity_queries_num": 60,
    "eval_batch_size": 8,
    "example_count": null,
    "freeze_transformer": false,
    "inlcude_subword_aux_loss": false,
    "label": "image-45",
    "last_layer_for_loss": 3,
    "local_rank": -1,
    "log_path": "data/eval/image/45",
    "lowercase": false,
    "lstm_layers": 2,
    "mask_ent2ent": true,
    "mask_ent2tok": true,
    "mask_entself": true,
    "mask_tok2ent": false,
    "model_path": "data/checkpoints/image/45/image-45/2025-11-20_14:38:33.104241/best_model",
    "model_type": "piqn",
    "no_duplicate": true,
    "no_overlapping": true,
    "no_partial_overlapping": true,
    "num_token_entity_encoderlayer": 5,
    "pool_type": "max",
    "pos_size": 25,
    "prop_drop": 0.5,
    "repeat_gt_entities": -1,
    "sampling_processes": 4,
    "seed": 45,
    "share_query_pos": true,
    "split_epoch": 0,
    "store_examples": true,
    "store_predictions": true,
    "tokenizer_path": "data/checkpoints/image/45/image-45/2025-11-20_14:38:33.104241/best_model",
    "types_path": "data/datasets/image/45/types.json",
    "use_aux_loss": false,
    "use_char_lstm": false,
    "use_entity_attention": true,
    "use_entity_common_embedding": true,
    "use_entity_pos": true,
    "use_glove": false,
    "use_lstm": true,
    "use_masked_lm": false,
    "use_pos": false,
    "use_token_level_encoder": true,
    "word_mask_ent2ent": true,
    "word_mask_ent2tok": true,
    "word_mask_entself": true,
    "word_mask_tok2ent": false,
    "wordvec_path": "../glove/glove.6B.100d.txt",
    "world_size": -1
}
2025-11-24 08:24:47,897 [MainThread  ] [INFO ]  Dataset: data/datasets/image/45/test.json
2025-11-24 08:24:47,897 [MainThread  ] [INFO ]  Model: piqn
2025-11-24 08:24:48,263 [MainThread  ] [INFO ]  Entity type count: 8
2025-11-24 08:24:48,264 [MainThread  ] [INFO ]  Entities:
2025-11-24 08:24:48,264 [MainThread  ] [INFO ]  No Entity=0
2025-11-24 08:24:48,264 [MainThread  ] [INFO ]  activity=1
2025-11-24 08:24:48,264 [MainThread  ] [INFO ]  activity data=2
2025-11-24 08:24:48,264 [MainThread  ] [INFO ]  actor=3
2025-11-24 08:24:48,264 [MainThread  ] [INFO ]  further specification=4
2025-11-24 08:24:48,264 [MainThread  ] [INFO ]  xor gateway=5
2025-11-24 08:24:48,264 [MainThread  ] [INFO ]  condition specification=6
2025-11-24 08:24:48,264 [MainThread  ] [INFO ]  and gateway=7
2025-11-24 08:24:48,264 [MainThread  ] [INFO ]  Dataset: test
2025-11-24 08:24:48,264 [MainThread  ] [INFO ]  Document count: 92
2025-11-24 08:24:48,264 [MainThread  ] [INFO ]  Entity count: 348
2025-11-24 08:24:48,264 [MainThread  ] [INFO ]  Context size: 111
2025-11-24 08:24:52,607 [MainThread  ] [INFO ]  Model Parameters Number: 167500042
2025-11-24 08:24:55,833 [MainThread  ] [INFO ]  Evaluate: test
2025-11-24 08:25:10,030 [MainThread  ] [INFO ]  Evaluation
2025-11-24 08:25:10,030 [MainThread  ] [INFO ]  
2025-11-24 08:25:10,030 [MainThread  ] [INFO ]  --- NER ---
2025-11-24 08:25:10,030 [MainThread  ] [INFO ]  
2025-11-24 08:25:10,036 [MainThread  ] [INFO ]                  type    precision       recall     f1-score      support
2025-11-24 08:25:10,036 [MainThread  ] [INFO ]              activity        72.52        86.36        78.84          110
2025-11-24 08:25:10,036 [MainThread  ] [INFO ]           xor gateway        70.59        54.55        61.54           22
2025-11-24 08:25:10,036 [MainThread  ] [INFO ]         activity data        53.62        72.55        61.67          102
2025-11-24 08:25:10,036 [MainThread  ] [INFO ]  condition specification        69.23        50.00        58.06           18
2025-11-24 08:25:10,036 [MainThread  ] [INFO ]           and gateway       100.00        66.67        80.00            3
2025-11-24 08:25:10,036 [MainThread  ] [INFO ]  further specification        13.33        20.00        16.00           10
2025-11-24 08:25:10,036 [MainThread  ] [INFO ]                 actor        77.33        69.88        73.42           83
2025-11-24 08:25:10,036 [MainThread  ] [INFO ]  
2025-11-24 08:25:10,036 [MainThread  ] [INFO ]                 micro        64.45        72.41        68.20          348
2025-11-24 08:25:10,036 [MainThread  ] [INFO ]                 macro        65.23        60.00        61.36          348
2025-11-24 08:25:10,036 [MainThread  ] [INFO ]  
2025-11-24 08:25:10,036 [MainThread  ] [INFO ]  --- NER on Localization ---
2025-11-24 08:25:10,036 [MainThread  ] [INFO ]  
2025-11-24 08:25:10,042 [MainThread  ] [INFO ]                  type    precision       recall     f1-score      support
2025-11-24 08:25:10,042 [MainThread  ] [INFO ]                Entity        66.50        74.71        70.37          348
2025-11-24 08:25:10,042 [MainThread  ] [INFO ]  
2025-11-24 08:25:10,042 [MainThread  ] [INFO ]                 micro        66.50        74.71        70.37          348
2025-11-24 08:25:10,042 [MainThread  ] [INFO ]                 macro        66.50        74.71        70.37          348
2025-11-24 08:25:10,042 [MainThread  ] [INFO ]  
2025-11-24 08:25:10,042 [MainThread  ] [INFO ]  --- NER on Classification ---
2025-11-24 08:25:10,042 [MainThread  ] [INFO ]  
2025-11-24 08:25:10,045 [MainThread  ] [INFO ]                  type    precision       recall     f1-score      support
2025-11-24 08:25:10,045 [MainThread  ] [INFO ]              activity       100.00        86.36        92.68          110
2025-11-24 08:25:10,045 [MainThread  ] [INFO ]           xor gateway       100.00        54.55        70.59           22
2025-11-24 08:25:10,045 [MainThread  ] [INFO ]         activity data        93.67        72.55        81.77          102
2025-11-24 08:25:10,045 [MainThread  ] [INFO ]  condition specification       100.00        50.00        66.67           18
2025-11-24 08:25:10,045 [MainThread  ] [INFO ]           and gateway       100.00        66.67        80.00            3
2025-11-24 08:25:10,045 [MainThread  ] [INFO ]  further specification        40.00        20.00        26.67           10
2025-11-24 08:25:10,046 [MainThread  ] [INFO ]                 actor       100.00        69.88        82.27           83
2025-11-24 08:25:10,046 [MainThread  ] [INFO ]  
2025-11-24 08:25:10,046 [MainThread  ] [INFO ]                 micro        96.92        72.41        82.89          348
2025-11-24 08:25:10,046 [MainThread  ] [INFO ]                 macro        90.52        60.00        71.52          348
2025-11-24 08:25:10,652 [MainThread  ] [INFO ]  Logged in: data/eval/image/45/image-45/2025-11-24_08:24:47.858764
