2025-11-26 13:04:31,667 [MainThread  ] [INFO ]  {
    "boundary_threshold": 0.0,
    "cache_path": null,
    "char_lstm_drop": 0.2,
    "char_lstm_layers": 1,
    "char_size": 50,
    "cls_threshold": 0.0,
    "config": "configs/temp_eval.conf",
    "cpu": false,
    "dataset_path": "data/datasets/sbvr/43/test.json",
    "debug": false,
    "device_id": 0,
    "entity_aware_attention": false,
    "entity_aware_intermediate": false,
    "entity_aware_output": false,
    "entity_aware_selfout": false,
    "entity_emb_size": null,
    "entity_queries_num": 60,
    "eval_batch_size": 8,
    "example_count": null,
    "freeze_transformer": false,
    "inlcude_subword_aux_loss": false,
    "label": "sbvr-43",
    "last_layer_for_loss": 3,
    "local_rank": -1,
    "log_path": "data/eval/sbvr/43",
    "lowercase": false,
    "lstm_layers": 2,
    "mask_ent2ent": true,
    "mask_ent2tok": true,
    "mask_entself": true,
    "mask_tok2ent": false,
    "model_path": "data/checkpoints/sbvr/43/sbvr-43/2025-11-26_09:32:16.887907/best_model",
    "model_type": "piqn",
    "no_duplicate": true,
    "no_overlapping": true,
    "no_partial_overlapping": true,
    "num_token_entity_encoderlayer": 5,
    "pool_type": "max",
    "pos_size": 25,
    "prop_drop": 0.5,
    "repeat_gt_entities": -1,
    "sampling_processes": 4,
    "seed": 43,
    "share_query_pos": true,
    "split_epoch": 0,
    "store_examples": true,
    "store_predictions": true,
    "tokenizer_path": "data/checkpoints/sbvr/43/sbvr-43/2025-11-26_09:32:16.887907/best_model",
    "types_path": "data/datasets/sbvr/43/types.json",
    "use_aux_loss": false,
    "use_char_lstm": false,
    "use_entity_attention": true,
    "use_entity_common_embedding": true,
    "use_entity_pos": true,
    "use_glove": false,
    "use_lstm": true,
    "use_masked_lm": false,
    "use_pos": false,
    "use_token_level_encoder": true,
    "word_mask_ent2ent": true,
    "word_mask_ent2tok": true,
    "word_mask_entself": true,
    "word_mask_tok2ent": false,
    "wordvec_path": "../glove/glove.6B.100d.txt",
    "world_size": -1
}
2025-11-26 13:04:31,668 [MainThread  ] [INFO ]  Dataset: data/datasets/sbvr/43/test.json
2025-11-26 13:04:31,668 [MainThread  ] [INFO ]  Model: piqn
2025-11-26 13:04:31,877 [MainThread  ] [INFO ]  Entity type count: 8
2025-11-26 13:04:31,877 [MainThread  ] [INFO ]  Entities:
2025-11-26 13:04:31,877 [MainThread  ] [INFO ]  No Entity=0
2025-11-26 13:04:31,877 [MainThread  ] [INFO ]  actor=1
2025-11-26 13:04:31,877 [MainThread  ] [INFO ]  activity=2
2025-11-26 13:04:31,877 [MainThread  ] [INFO ]  activity data=3
2025-11-26 13:04:31,877 [MainThread  ] [INFO ]  xor gateway=4
2025-11-26 13:04:31,877 [MainThread  ] [INFO ]  condition specification=5
2025-11-26 13:04:31,877 [MainThread  ] [INFO ]  further specification=6
2025-11-26 13:04:31,877 [MainThread  ] [INFO ]  and gateway=7
2025-11-26 13:04:31,878 [MainThread  ] [INFO ]  Dataset: test
2025-11-26 13:04:31,878 [MainThread  ] [INFO ]  Document count: 64
2025-11-26 13:04:31,878 [MainThread  ] [INFO ]  Entity count: 278
2025-11-26 13:04:31,878 [MainThread  ] [INFO ]  Context size: 92
2025-11-26 13:04:34,722 [MainThread  ] [INFO ]  Model Parameters Number: 167500042
2025-11-26 13:04:38,000 [MainThread  ] [INFO ]  Evaluate: test
2025-11-26 13:04:50,751 [MainThread  ] [INFO ]  Evaluation
2025-11-26 13:04:50,752 [MainThread  ] [INFO ]  
2025-11-26 13:04:50,752 [MainThread  ] [INFO ]  --- NER ---
2025-11-26 13:04:50,752 [MainThread  ] [INFO ]  
2025-11-26 13:04:50,756 [MainThread  ] [INFO ]                  type    precision       recall     f1-score      support
2025-11-26 13:04:50,756 [MainThread  ] [INFO ]           xor gateway        61.54        57.14        59.26           14
2025-11-26 13:04:50,757 [MainThread  ] [INFO ]  condition specification        33.33        42.86        37.50            7
2025-11-26 13:04:50,757 [MainThread  ] [INFO ]         activity data        45.65        57.53        50.91           73
2025-11-26 13:04:50,757 [MainThread  ] [INFO ]              activity        91.03        88.75        89.87           80
2025-11-26 13:04:50,757 [MainThread  ] [INFO ]           and gateway         0.00         0.00         0.00            0
2025-11-26 13:04:50,757 [MainThread  ] [INFO ]                 actor        89.86        65.26        75.61           95
2025-11-26 13:04:50,757 [MainThread  ] [INFO ]  further specification         0.00         0.00         0.00            9
2025-11-26 13:04:50,757 [MainThread  ] [INFO ]  
2025-11-26 13:04:50,757 [MainThread  ] [INFO ]                 micro        68.89        66.91        67.88          278
2025-11-26 13:04:50,757 [MainThread  ] [INFO ]                 macro        45.91        44.51        44.74          278
2025-11-26 13:04:50,757 [MainThread  ] [INFO ]  
2025-11-26 13:04:50,757 [MainThread  ] [INFO ]  --- NER on Localization ---
2025-11-26 13:04:50,757 [MainThread  ] [INFO ]  
2025-11-26 13:04:50,760 [MainThread  ] [INFO ]                  type    precision       recall     f1-score      support
2025-11-26 13:04:50,760 [MainThread  ] [INFO ]                Entity        74.44        72.30        73.36          278
2025-11-26 13:04:50,760 [MainThread  ] [INFO ]  
2025-11-26 13:04:50,760 [MainThread  ] [INFO ]                 micro        74.44        72.30        73.36          278
2025-11-26 13:04:50,760 [MainThread  ] [INFO ]                 macro        74.44        72.30        73.36          278
2025-11-26 13:04:50,760 [MainThread  ] [INFO ]  
2025-11-26 13:04:50,760 [MainThread  ] [INFO ]  --- NER on Classification ---
2025-11-26 13:04:50,761 [MainThread  ] [INFO ]  
2025-11-26 13:04:50,763 [MainThread  ] [INFO ]                  type    precision       recall     f1-score      support
2025-11-26 13:04:50,763 [MainThread  ] [INFO ]           xor gateway       100.00        57.14        72.73           14
2025-11-26 13:04:50,764 [MainThread  ] [INFO ]  condition specification       100.00        42.86        60.00            7
2025-11-26 13:04:50,764 [MainThread  ] [INFO ]         activity data        76.36        57.53        65.62           73
2025-11-26 13:04:50,764 [MainThread  ] [INFO ]              activity        98.61        88.75        93.42           80
2025-11-26 13:04:50,764 [MainThread  ] [INFO ]           and gateway         0.00         0.00         0.00            0
2025-11-26 13:04:50,764 [MainThread  ] [INFO ]                 actor       100.00        65.26        78.98           95
2025-11-26 13:04:50,764 [MainThread  ] [INFO ]  further specification         0.00         0.00         0.00            9
2025-11-26 13:04:50,764 [MainThread  ] [INFO ]  
2025-11-26 13:04:50,764 [MainThread  ] [INFO ]                 micro        92.54        66.91        77.66          278
2025-11-26 13:04:50,764 [MainThread  ] [INFO ]                 macro        67.85        44.51        52.96          278
2025-11-26 13:04:51,169 [MainThread  ] [INFO ]  Logged in: data/eval/sbvr/43/sbvr-43/2025-11-26_13:04:31.629134
