2025-11-29 09:03:43,272 [MainThread  ] [INFO ]  {
    "boundary_threshold": 0.0,
    "cache_path": null,
    "char_lstm_drop": 0.2,
    "char_lstm_layers": 1,
    "char_size": 50,
    "cls_threshold": 0.0,
    "config": "configs/temp_eval.conf",
    "cpu": false,
    "dataset_path": "data/datasets/no_hints/46/test.json",
    "debug": false,
    "device_id": 0,
    "entity_aware_attention": false,
    "entity_aware_intermediate": false,
    "entity_aware_output": false,
    "entity_aware_selfout": false,
    "entity_emb_size": null,
    "entity_queries_num": 60,
    "eval_batch_size": 8,
    "example_count": null,
    "freeze_transformer": false,
    "inlcude_subword_aux_loss": false,
    "label": "no_hints-46",
    "last_layer_for_loss": 3,
    "local_rank": -1,
    "log_path": "data/eval/no_hints/46",
    "lowercase": false,
    "lstm_layers": 2,
    "mask_ent2ent": true,
    "mask_ent2tok": true,
    "mask_entself": true,
    "mask_tok2ent": false,
    "model_path": "data/checkpoints/no_hints/46/no_hints-46/2025-11-26_22:47:04.445667/best_model",
    "model_type": "piqn",
    "no_duplicate": true,
    "no_overlapping": true,
    "no_partial_overlapping": true,
    "num_token_entity_encoderlayer": 5,
    "pool_type": "max",
    "pos_size": 25,
    "prop_drop": 0.5,
    "repeat_gt_entities": -1,
    "sampling_processes": 4,
    "seed": 46,
    "share_query_pos": true,
    "split_epoch": 0,
    "store_examples": true,
    "store_predictions": true,
    "tokenizer_path": "data/checkpoints/no_hints/46/no_hints-46/2025-11-26_22:47:04.445667/best_model",
    "types_path": "data/datasets/no_hints/46/types.json",
    "use_aux_loss": false,
    "use_char_lstm": false,
    "use_entity_attention": true,
    "use_entity_common_embedding": true,
    "use_entity_pos": true,
    "use_glove": false,
    "use_lstm": true,
    "use_masked_lm": false,
    "use_pos": false,
    "use_token_level_encoder": true,
    "word_mask_ent2ent": true,
    "word_mask_ent2tok": true,
    "word_mask_entself": true,
    "word_mask_tok2ent": false,
    "wordvec_path": "../glove/glove.6B.100d.txt",
    "world_size": -1
}
2025-11-29 09:03:43,272 [MainThread  ] [INFO ]  Dataset: data/datasets/no_hints/46/test.json
2025-11-29 09:03:43,272 [MainThread  ] [INFO ]  Model: piqn
2025-11-29 09:03:43,581 [MainThread  ] [INFO ]  Entity type count: 8
2025-11-29 09:03:43,581 [MainThread  ] [INFO ]  Entities:
2025-11-29 09:03:43,581 [MainThread  ] [INFO ]  No Entity=0
2025-11-29 09:03:43,581 [MainThread  ] [INFO ]  actor=1
2025-11-29 09:03:43,581 [MainThread  ] [INFO ]  activity=2
2025-11-29 09:03:43,581 [MainThread  ] [INFO ]  activity data=3
2025-11-29 09:03:43,581 [MainThread  ] [INFO ]  xor gateway=4
2025-11-29 09:03:43,581 [MainThread  ] [INFO ]  condition specification=5
2025-11-29 09:03:43,581 [MainThread  ] [INFO ]  and gateway=6
2025-11-29 09:03:43,581 [MainThread  ] [INFO ]  further specification=7
2025-11-29 09:03:43,581 [MainThread  ] [INFO ]  Dataset: test
2025-11-29 09:03:43,581 [MainThread  ] [INFO ]  Document count: 86
2025-11-29 09:03:43,581 [MainThread  ] [INFO ]  Entity count: 345
2025-11-29 09:03:43,581 [MainThread  ] [INFO ]  Context size: 114
2025-11-29 09:03:48,263 [MainThread  ] [INFO ]  Model Parameters Number: 167500042
2025-11-29 09:03:51,513 [MainThread  ] [INFO ]  Evaluate: test
2025-11-29 09:04:05,376 [MainThread  ] [INFO ]  Evaluation
2025-11-29 09:04:05,376 [MainThread  ] [INFO ]  
2025-11-29 09:04:05,376 [MainThread  ] [INFO ]  --- NER ---
2025-11-29 09:04:05,376 [MainThread  ] [INFO ]  
2025-11-29 09:04:05,381 [MainThread  ] [INFO ]                  type    precision       recall     f1-score      support
2025-11-29 09:04:05,381 [MainThread  ] [INFO ]  further specification         0.00         0.00         0.00            6
2025-11-29 09:04:05,381 [MainThread  ] [INFO ]         activity data        41.67        54.95        47.39           91
2025-11-29 09:04:05,381 [MainThread  ] [INFO ]           xor gateway        80.00        42.86        55.81           28
2025-11-29 09:04:05,381 [MainThread  ] [INFO ]           and gateway         0.00         0.00         0.00            1
2025-11-29 09:04:05,382 [MainThread  ] [INFO ]  condition specification        61.54        42.11        50.00           19
2025-11-29 09:04:05,382 [MainThread  ] [INFO ]                 actor        85.51        58.42        69.41          101
2025-11-29 09:04:05,382 [MainThread  ] [INFO ]              activity        87.00        87.88        87.44           99
2025-11-29 09:04:05,382 [MainThread  ] [INFO ]  
2025-11-29 09:04:05,382 [MainThread  ] [INFO ]                 micro        68.14        62.61        65.26          345
2025-11-29 09:04:05,382 [MainThread  ] [INFO ]                 macro        50.82        40.89        44.29          345
2025-11-29 09:04:05,382 [MainThread  ] [INFO ]  
2025-11-29 09:04:05,382 [MainThread  ] [INFO ]  --- NER on Localization ---
2025-11-29 09:04:05,382 [MainThread  ] [INFO ]  
2025-11-29 09:04:05,385 [MainThread  ] [INFO ]                  type    precision       recall     f1-score      support
2025-11-29 09:04:05,385 [MainThread  ] [INFO ]                Entity        73.50        67.54        70.39          345
2025-11-29 09:04:05,385 [MainThread  ] [INFO ]  
2025-11-29 09:04:05,385 [MainThread  ] [INFO ]                 micro        73.50        67.54        70.39          345
2025-11-29 09:04:05,385 [MainThread  ] [INFO ]                 macro        73.50        67.54        70.39          345
2025-11-29 09:04:05,385 [MainThread  ] [INFO ]  
2025-11-29 09:04:05,385 [MainThread  ] [INFO ]  --- NER on Classification ---
2025-11-29 09:04:05,386 [MainThread  ] [INFO ]  
2025-11-29 09:04:05,389 [MainThread  ] [INFO ]                  type    precision       recall     f1-score      support
2025-11-29 09:04:05,389 [MainThread  ] [INFO ]  further specification         0.00         0.00         0.00            6
2025-11-29 09:04:05,389 [MainThread  ] [INFO ]         activity data        78.12        54.95        64.52           91
2025-11-29 09:04:05,389 [MainThread  ] [INFO ]           xor gateway       100.00        42.86        60.00           28
2025-11-29 09:04:05,389 [MainThread  ] [INFO ]           and gateway         0.00         0.00         0.00            1
2025-11-29 09:04:05,389 [MainThread  ] [INFO ]  condition specification        88.89        42.11        57.14           19
2025-11-29 09:04:05,389 [MainThread  ] [INFO ]                 actor        98.33        58.42        73.29          101
2025-11-29 09:04:05,389 [MainThread  ] [INFO ]              activity        98.86        87.88        93.05           99
2025-11-29 09:04:05,389 [MainThread  ] [INFO ]  
2025-11-29 09:04:05,389 [MainThread  ] [INFO ]                 micro        92.70        62.61        74.74          345
2025-11-29 09:04:05,389 [MainThread  ] [INFO ]                 macro        66.32        40.89        49.71          345
2025-11-29 09:04:05,945 [MainThread  ] [INFO ]  Logged in: data/eval/no_hints/46/no_hints-46/2025-11-29_09:03:43.233618
