2025-11-26 13:04:04,098 [MainThread  ] [INFO ]  {
    "boundary_threshold": 0.0,
    "cache_path": null,
    "char_lstm_drop": 0.2,
    "char_lstm_layers": 1,
    "char_size": 50,
    "cls_threshold": 0.0,
    "config": "configs/temp_eval.conf",
    "cpu": false,
    "dataset_path": "data/datasets/sbvr/42/test.json",
    "debug": false,
    "device_id": 0,
    "entity_aware_attention": false,
    "entity_aware_intermediate": false,
    "entity_aware_output": false,
    "entity_aware_selfout": false,
    "entity_emb_size": null,
    "entity_queries_num": 60,
    "eval_batch_size": 8,
    "example_count": null,
    "freeze_transformer": false,
    "inlcude_subword_aux_loss": false,
    "label": "sbvr-42",
    "last_layer_for_loss": 3,
    "local_rank": -1,
    "log_path": "data/eval/sbvr/42",
    "lowercase": false,
    "lstm_layers": 2,
    "mask_ent2ent": true,
    "mask_ent2tok": true,
    "mask_entself": true,
    "mask_tok2ent": false,
    "model_path": "data/checkpoints/sbvr/42/sbvr-42/2025-11-26_08:53:27.471024/best_model",
    "model_type": "piqn",
    "no_duplicate": true,
    "no_overlapping": true,
    "no_partial_overlapping": true,
    "num_token_entity_encoderlayer": 5,
    "pool_type": "max",
    "pos_size": 25,
    "prop_drop": 0.5,
    "repeat_gt_entities": -1,
    "sampling_processes": 4,
    "seed": 42,
    "share_query_pos": true,
    "split_epoch": 0,
    "store_examples": true,
    "store_predictions": true,
    "tokenizer_path": "data/checkpoints/sbvr/42/sbvr-42/2025-11-26_08:53:27.471024/best_model",
    "types_path": "data/datasets/sbvr/42/types.json",
    "use_aux_loss": false,
    "use_char_lstm": false,
    "use_entity_attention": true,
    "use_entity_common_embedding": true,
    "use_entity_pos": true,
    "use_glove": false,
    "use_lstm": true,
    "use_masked_lm": false,
    "use_pos": false,
    "use_token_level_encoder": true,
    "word_mask_ent2ent": true,
    "word_mask_ent2tok": true,
    "word_mask_entself": true,
    "word_mask_tok2ent": false,
    "wordvec_path": "../glove/glove.6B.100d.txt",
    "world_size": -1
}
2025-11-26 13:04:04,098 [MainThread  ] [INFO ]  Dataset: data/datasets/sbvr/42/test.json
2025-11-26 13:04:04,098 [MainThread  ] [INFO ]  Model: piqn
2025-11-26 13:04:04,447 [MainThread  ] [INFO ]  Entity type count: 8
2025-11-26 13:04:04,447 [MainThread  ] [INFO ]  Entities:
2025-11-26 13:04:04,447 [MainThread  ] [INFO ]  No Entity=0
2025-11-26 13:04:04,447 [MainThread  ] [INFO ]  actor=1
2025-11-26 13:04:04,447 [MainThread  ] [INFO ]  activity=2
2025-11-26 13:04:04,447 [MainThread  ] [INFO ]  activity data=3
2025-11-26 13:04:04,447 [MainThread  ] [INFO ]  xor gateway=4
2025-11-26 13:04:04,447 [MainThread  ] [INFO ]  condition specification=5
2025-11-26 13:04:04,447 [MainThread  ] [INFO ]  further specification=6
2025-11-26 13:04:04,447 [MainThread  ] [INFO ]  and gateway=7
2025-11-26 13:04:04,447 [MainThread  ] [INFO ]  Dataset: test
2025-11-26 13:04:04,447 [MainThread  ] [INFO ]  Document count: 88
2025-11-26 13:04:04,447 [MainThread  ] [INFO ]  Entity count: 314
2025-11-26 13:04:04,448 [MainThread  ] [INFO ]  Context size: 114
2025-11-26 13:04:07,325 [MainThread  ] [INFO ]  Model Parameters Number: 167500042
2025-11-26 13:04:10,615 [MainThread  ] [INFO ]  Evaluate: test
2025-11-26 13:04:25,091 [MainThread  ] [INFO ]  Evaluation
2025-11-26 13:04:25,092 [MainThread  ] [INFO ]  
2025-11-26 13:04:25,092 [MainThread  ] [INFO ]  --- NER ---
2025-11-26 13:04:25,092 [MainThread  ] [INFO ]  
2025-11-26 13:04:25,096 [MainThread  ] [INFO ]                  type    precision       recall     f1-score      support
2025-11-26 13:04:25,097 [MainThread  ] [INFO ]           xor gateway        70.83        62.96        66.67           27
2025-11-26 13:04:25,097 [MainThread  ] [INFO ]              activity        80.81        85.11        82.90           94
2025-11-26 13:04:25,097 [MainThread  ] [INFO ]  condition specification        52.38        55.00        53.66           20
2025-11-26 13:04:25,097 [MainThread  ] [INFO ]                 actor        80.00        67.53        73.24           77
2025-11-26 13:04:25,097 [MainThread  ] [INFO ]         activity data        55.26        76.83        64.29           82
2025-11-26 13:04:25,097 [MainThread  ] [INFO ]           and gateway       100.00       100.00       100.00            1
2025-11-26 13:04:25,097 [MainThread  ] [INFO ]  further specification        13.33        15.38        14.29           13
2025-11-26 13:04:25,097 [MainThread  ] [INFO ]  
2025-11-26 13:04:25,097 [MainThread  ] [INFO ]                 micro        66.67        71.97        69.22          314
2025-11-26 13:04:25,097 [MainThread  ] [INFO ]                 macro        64.66        66.12        65.01          314
2025-11-26 13:04:25,097 [MainThread  ] [INFO ]  
2025-11-26 13:04:25,097 [MainThread  ] [INFO ]  --- NER on Localization ---
2025-11-26 13:04:25,097 [MainThread  ] [INFO ]  
2025-11-26 13:04:25,101 [MainThread  ] [INFO ]                  type    precision       recall     f1-score      support
2025-11-26 13:04:25,101 [MainThread  ] [INFO ]                Entity        69.91        75.48        72.59          314
2025-11-26 13:04:25,101 [MainThread  ] [INFO ]  
2025-11-26 13:04:25,101 [MainThread  ] [INFO ]                 micro        69.91        75.48        72.59          314
2025-11-26 13:04:25,101 [MainThread  ] [INFO ]                 macro        69.91        75.48        72.59          314
2025-11-26 13:04:25,101 [MainThread  ] [INFO ]  
2025-11-26 13:04:25,101 [MainThread  ] [INFO ]  --- NER on Classification ---
2025-11-26 13:04:25,101 [MainThread  ] [INFO ]  
2025-11-26 13:04:25,104 [MainThread  ] [INFO ]                  type    precision       recall     f1-score      support
2025-11-26 13:04:25,105 [MainThread  ] [INFO ]           xor gateway       100.00        62.96        77.27           27
2025-11-26 13:04:25,105 [MainThread  ] [INFO ]              activity        98.77        85.11        91.43           94
2025-11-26 13:04:25,105 [MainThread  ] [INFO ]  condition specification       100.00        55.00        70.97           20
2025-11-26 13:04:25,105 [MainThread  ] [INFO ]                 actor       100.00        67.53        80.62           77
2025-11-26 13:04:25,105 [MainThread  ] [INFO ]         activity data        87.50        76.83        81.82           82
2025-11-26 13:04:25,105 [MainThread  ] [INFO ]           and gateway       100.00       100.00       100.00            1
2025-11-26 13:04:25,105 [MainThread  ] [INFO ]  further specification        66.67        15.38        25.00           13
2025-11-26 13:04:25,105 [MainThread  ] [INFO ]  
2025-11-26 13:04:25,105 [MainThread  ] [INFO ]                 micro        95.36        71.97        82.03          314
2025-11-26 13:04:25,105 [MainThread  ] [INFO ]                 macro        93.28        66.12        75.30          314
2025-11-26 13:04:25,946 [MainThread  ] [INFO ]  Logged in: data/eval/sbvr/42/sbvr-42/2025-11-26_13:04:04.058800
